2023-12-21 16:10:35 [INFO] [task_scheduler.cc:160] Initializing Task #1: "fused_nn_batch_matmul"
2023-12-21 16:10:35 [INFO] [task_scheduler.cc:35] 
# from tvm.script import ir as I
# from tvm.script import tir as T

@I.ir_module
class Module:
    @T.prim_func
    def main(p0: T.Buffer((T.int64(3), T.int64(224), T.int64(224)), "float32"), p1: T.Buffer((T.int64(3), T.int64(224), T.int64(224)), "float32"), T_batch_matmul_NN: T.Buffer((T.int64(3), T.int64(224), T.int64(224)), "float32")):
        T.func_attr({"layout_free_buffers": [1], "tir.noalias": T.bool(True)})
        # with T.block("root"):
        for b, i, j, k in T.grid(T.int64(3), T.int64(224), T.int64(224), T.int64(224)):
            with T.block("T_batch_matmul_NN"):
                v_b, v_i, v_j, v_k = T.axis.remap("SSSR", [b, i, j, k])
                T.reads(p0[v_b, v_i, v_k], p1[v_b, v_k, v_j])
                T.writes(T_batch_matmul_NN[v_b, v_i, v_j])
                with T.init():
                    T_batch_matmul_NN[v_b, v_i, v_j] = T.float32(0)
                T_batch_matmul_NN[v_b, v_i, v_j] = T_batch_matmul_NN[v_b, v_i, v_j] + p0[v_b, v_i, v_k] * p1[v_b, v_k, v_j]
2023-12-21 16:10:35 [INFO] [task_scheduler.cc:164] Total 3 design space(s) generated
2023-12-21 16:10:35 [INFO] [task_scheduler.cc:170] Design space #0:
# from tvm.script import ir as I
# from tvm.script import tir as T

@I.ir_module
class Module:
    @T.prim_func
    def main(p0: T.Buffer((T.int64(3), T.int64(224), T.int64(224)), "float32"), p1: T.Buffer((T.int64(3), T.int64(224), T.int64(224)), "float32"), T_batch_matmul_NN: T.Buffer((T.int64(3), T.int64(224), T.int64(224)), "float32")):
        T.func_attr({"layout_free_buffers": [1], "tir.noalias": T.bool(True)})
        with T.block("root"):
            T.reads()
            T.writes()
            T.block_attr({"meta_schedule.parallel": 256, "meta_schedule.unroll_explicit": 16, "meta_schedule.vectorize": 64})
            T_batch_matmul_NN_global = T.alloc_buffer((T.int64(3), T.int64(224), T.int64(224)))
            for b_0, i_0, j_0, b_1, i_1, j_1 in T.grid(T.int64(3), T.int64(4), T.int64(4), T.int64(1), T.int64(8), T.int64(4)):
                for k_0, b_2, i_2, j_2, k_1, b_3, i_3, j_3 in T.grid(T.int64(4), T.int64(1), T.int64(1), T.int64(14), T.int64(56), T.int64(1), T.int64(7), T.int64(1)):
                    with T.block("T_batch_matmul_NN"):
                        v_b = T.axis.spatial(T.int64(3), b_0 + b_1 + b_2 + b_3)
                        v_i = T.axis.spatial(T.int64(224), i_0 * T.int64(56) + i_1 * T.int64(7) + i_2 * T.int64(7) + i_3)
                        v_j = T.axis.spatial(T.int64(224), j_0 * T.int64(56) + j_1 * T.int64(14) + j_2 + j_3)
                        v_k = T.axis.reduce(T.int64(224), k_0 * T.int64(56) + k_1)
                        T.reads(p0[v_b, v_i, v_k], p1[v_b, v_k, v_j])
                        T.writes(T_batch_matmul_NN_global[v_b, v_i, v_j])
                        T.block_attr({"meta_schedule.tiling_structure": "SSRSRS"})
                        with T.init():
                            T_batch_matmul_NN_global[v_b, v_i, v_j] = T.float32(0)
                        T_batch_matmul_NN_global[v_b, v_i, v_j] = T_batch_matmul_NN_global[v_b, v_i, v_j] + p0[v_b, v_i, v_k] * p1[v_b, v_k, v_j]
                for ax0, ax1, ax2 in T.grid(T.int64(1), T.int64(7), T.int64(14)):
                    with T.block("T_batch_matmul_NN_global"):
                        v0 = T.axis.spatial(T.int64(3), b_0 + ax0)
                        v1 = T.axis.spatial(T.int64(224), i_0 * T.int64(56) + i_1 * T.int64(7) + ax1)
                        v2 = T.axis.spatial(T.int64(224), j_0 * T.int64(56) + j_1 * T.int64(14) + ax2)
                        T.reads(T_batch_matmul_NN_global[v0, v1, v2])
                        T.writes(T_batch_matmul_NN[v0, v1, v2])
                        T_batch_matmul_NN[v0, v1, v2] = T_batch_matmul_NN_global[v0, v1, v2]
b0 = sch.get_block(name="T_batch_matmul_NN", func_name="main")
b1 = sch.get_block(name="root", func_name="main")
sch.annotate(block_or_loop=b0, ann_key="meta_schedule.tiling_structure", ann_val="SSRSRS")
l2, l3, l4, l5 = sch.get_loops(block=b0)
v6, v7, v8, v9 = sch.sample_perfect_tile(loop=l2, n=4, max_innermost_factor=64, decision=[3, 1, 1, 1])
l10, l11, l12, l13 = sch.split(loop=l2, factors=[v6, v7, v8, v9], preserve_unit_iters=True)
v14, v15, v16, v17 = sch.sample_perfect_tile(loop=l3, n=4, max_innermost_factor=64, decision=[4, 8, 1, 7])
l18, l19, l20, l21 = sch.split(loop=l3, factors=[v14, v15, v16, v17], preserve_unit_iters=True)
v22, v23, v24, v25 = sch.sample_perfect_tile(loop=l4, n=4, max_innermost_factor=64, decision=[4, 4, 14, 1])
l26, l27, l28, l29 = sch.split(loop=l4, factors=[v22, v23, v24, v25], preserve_unit_iters=True)
v30, v31 = sch.sample_perfect_tile(loop=l5, n=2, max_innermost_factor=64, decision=[4, 56])
l32, l33 = sch.split(loop=l5, factors=[v30, v31], preserve_unit_iters=True)
sch.reorder(l10, l18, l26, l11, l19, l27, l32, l12, l20, l28, l33, l13, l21, l29)
b34 = sch.cache_write(block=b0, write_buffer_index=0, storage_scope="global")
sch.reverse_compute_at(block=b34, loop=l27, preserve_unit_loops=True, index=-1)
sch.annotate(block_or_loop=b1, ann_key="meta_schedule.parallel", ann_val=256)
sch.annotate(block_or_loop=b1, ann_key="meta_schedule.vectorize", ann_val=64)
v35 = sch.sample_categorical(candidates=[0, 16, 64, 512], probs=[0.25, 0.25, 0.25, 0.25], decision=1)
sch.annotate(block_or_loop=b1, ann_key="meta_schedule.unroll_explicit", ann_val=v35)
2023-12-21 16:10:35 [INFO] [task_scheduler.cc:170] Design space #1:
# from tvm.script import ir as I
# from tvm.script import tir as T

@I.ir_module
class Module:
    @T.prim_func
    def main(p0: T.Buffer((T.int64(3), T.int64(224), T.int64(224)), "float32"), p1: T.Buffer((T.int64(3), T.int64(224), T.int64(224)), "float32"), T_batch_matmul_NN: T.Buffer((T.int64(3), T.int64(224), T.int64(224)), "float32")):
        T.func_attr({"layout_free_buffers": [1], "tir.noalias": T.bool(True)})
        with T.block("root"):
            T.reads()
            T.writes()
            T.block_attr({"meta_schedule.parallel": 256, "meta_schedule.unroll_explicit": 512, "meta_schedule.vectorize": 64})
            T_batch_matmul_NN_global = T.alloc_buffer((T.int64(3), T.int64(224), T.int64(224)))
            for b_0, i_0, j_0 in T.grid(T.int64(3), T.int64(4), T.int64(4)):
                for b_1, i_1, j_1, k_0, b_2, i_2, j_2, k_1, b_3, i_3, j_3 in T.grid(T.int64(1), T.int64(8), T.int64(4), T.int64(4), T.int64(1), T.int64(1), T.int64(14), T.int64(56), T.int64(1), T.int64(7), T.int64(1)):
                    with T.block("T_batch_matmul_NN"):
                        v_b = T.axis.spatial(T.int64(3), b_0 + b_1 + b_2 + b_3)
                        v_i = T.axis.spatial(T.int64(224), i_0 * T.int64(56) + i_1 * T.int64(7) + i_2 * T.int64(7) + i_3)
                        v_j = T.axis.spatial(T.int64(224), j_0 * T.int64(56) + j_1 * T.int64(14) + j_2 + j_3)
                        v_k = T.axis.reduce(T.int64(224), k_0 * T.int64(56) + k_1)
                        T.reads(p0[v_b, v_i, v_k], p1[v_b, v_k, v_j])
                        T.writes(T_batch_matmul_NN_global[v_b, v_i, v_j])
                        T.block_attr({"meta_schedule.tiling_structure": "SSRSRS"})
                        with T.init():
                            T_batch_matmul_NN_global[v_b, v_i, v_j] = T.float32(0)
                        T_batch_matmul_NN_global[v_b, v_i, v_j] = T_batch_matmul_NN_global[v_b, v_i, v_j] + p0[v_b, v_i, v_k] * p1[v_b, v_k, v_j]
                for ax0, ax1, ax2 in T.grid(T.int64(1), T.int64(56), T.int64(56)):
                    with T.block("T_batch_matmul_NN_global"):
                        v0 = T.axis.spatial(T.int64(3), b_0 + ax0)
                        v1 = T.axis.spatial(T.int64(224), i_0 * T.int64(56) + ax1)
                        v2 = T.axis.spatial(T.int64(224), j_0 * T.int64(56) + ax2)
                        T.reads(T_batch_matmul_NN_global[v0, v1, v2])
                        T.writes(T_batch_matmul_NN[v0, v1, v2])
                        T_batch_matmul_NN[v0, v1, v2] = T_batch_matmul_NN_global[v0, v1, v2]
b0 = sch.get_block(name="T_batch_matmul_NN", func_name="main")
b1 = sch.get_block(name="root", func_name="main")
sch.annotate(block_or_loop=b0, ann_key="meta_schedule.tiling_structure", ann_val="SSRSRS")
l2, l3, l4, l5 = sch.get_loops(block=b0)
v6, v7, v8, v9 = sch.sample_perfect_tile(loop=l2, n=4, max_innermost_factor=64, decision=[3, 1, 1, 1])
l10, l11, l12, l13 = sch.split(loop=l2, factors=[v6, v7, v8, v9], preserve_unit_iters=True)
v14, v15, v16, v17 = sch.sample_perfect_tile(loop=l3, n=4, max_innermost_factor=64, decision=[4, 8, 1, 7])
l18, l19, l20, l21 = sch.split(loop=l3, factors=[v14, v15, v16, v17], preserve_unit_iters=True)
v22, v23, v24, v25 = sch.sample_perfect_tile(loop=l4, n=4, max_innermost_factor=64, decision=[4, 4, 14, 1])
l26, l27, l28, l29 = sch.split(loop=l4, factors=[v22, v23, v24, v25], preserve_unit_iters=True)
v30, v31 = sch.sample_perfect_tile(loop=l5, n=2, max_innermost_factor=64, decision=[4, 56])
l32, l33 = sch.split(loop=l5, factors=[v30, v31], preserve_unit_iters=True)
sch.reorder(l10, l18, l26, l11, l19, l27, l32, l12, l20, l28, l33, l13, l21, l29)
b34 = sch.cache_write(block=b0, write_buffer_index=0, storage_scope="global")
sch.reverse_compute_at(block=b34, loop=l26, preserve_unit_loops=True, index=-1)
sch.annotate(block_or_loop=b1, ann_key="meta_schedule.parallel", ann_val=256)
sch.annotate(block_or_loop=b1, ann_key="meta_schedule.vectorize", ann_val=64)
v35 = sch.sample_categorical(candidates=[0, 16, 64, 512], probs=[0.25, 0.25, 0.25, 0.25], decision=3)
sch.annotate(block_or_loop=b1, ann_key="meta_schedule.unroll_explicit", ann_val=v35)
2023-12-21 16:10:35 [INFO] [task_scheduler.cc:170] Design space #2:
# from tvm.script import ir as I
# from tvm.script import tir as T

@I.ir_module
class Module:
    @T.prim_func
    def main(p0: T.Buffer((T.int64(3), T.int64(224), T.int64(224)), "float32"), p1: T.Buffer((T.int64(3), T.int64(224), T.int64(224)), "float32"), T_batch_matmul_NN: T.Buffer((T.int64(3), T.int64(224), T.int64(224)), "float32")):
        T.func_attr({"layout_free_buffers": [1], "tir.noalias": T.bool(True)})
        with T.block("root"):
            T.reads()
            T.writes()
            T.block_attr({"meta_schedule.parallel": 256, "meta_schedule.unroll_explicit": 16, "meta_schedule.vectorize": 64})
            for b_0, i_0, j_0, b_1, i_1, j_1, k_0, b_2, i_2, j_2, k_1, b_3, i_3, j_3 in T.grid(T.int64(3), T.int64(4), T.int64(4), T.int64(1), T.int64(8), T.int64(4), T.int64(4), T.int64(1), T.int64(1), T.int64(14), T.int64(56), T.int64(1), T.int64(7), T.int64(1)):
                with T.block("T_batch_matmul_NN"):
                    v_b = T.axis.spatial(T.int64(3), b_0 + b_1 + b_2 + b_3)
                    v_i = T.axis.spatial(T.int64(224), i_0 * T.int64(56) + i_1 * T.int64(7) + i_2 * T.int64(7) + i_3)
                    v_j = T.axis.spatial(T.int64(224), j_0 * T.int64(56) + j_1 * T.int64(14) + j_2 + j_3)
                    v_k = T.axis.reduce(T.int64(224), k_0 * T.int64(56) + k_1)
                    T.reads(p0[v_b, v_i, v_k], p1[v_b, v_k, v_j])
                    T.writes(T_batch_matmul_NN[v_b, v_i, v_j])
                    T.block_attr({"meta_schedule.tiling_structure": "SSRSRS"})
                    with T.init():
                        T_batch_matmul_NN[v_b, v_i, v_j] = T.float32(0)
                    T_batch_matmul_NN[v_b, v_i, v_j] = T_batch_matmul_NN[v_b, v_i, v_j] + p0[v_b, v_i, v_k] * p1[v_b, v_k, v_j]
b0 = sch.get_block(name="T_batch_matmul_NN", func_name="main")
b1 = sch.get_block(name="root", func_name="main")
sch.annotate(block_or_loop=b0, ann_key="meta_schedule.tiling_structure", ann_val="SSRSRS")
l2, l3, l4, l5 = sch.get_loops(block=b0)
v6, v7, v8, v9 = sch.sample_perfect_tile(loop=l2, n=4, max_innermost_factor=64, decision=[3, 1, 1, 1])
l10, l11, l12, l13 = sch.split(loop=l2, factors=[v6, v7, v8, v9], preserve_unit_iters=True)
v14, v15, v16, v17 = sch.sample_perfect_tile(loop=l3, n=4, max_innermost_factor=64, decision=[4, 8, 1, 7])
l18, l19, l20, l21 = sch.split(loop=l3, factors=[v14, v15, v16, v17], preserve_unit_iters=True)
v22, v23, v24, v25 = sch.sample_perfect_tile(loop=l4, n=4, max_innermost_factor=64, decision=[4, 4, 14, 1])
l26, l27, l28, l29 = sch.split(loop=l4, factors=[v22, v23, v24, v25], preserve_unit_iters=True)
v30, v31 = sch.sample_perfect_tile(loop=l5, n=2, max_innermost_factor=64, decision=[4, 56])
l32, l33 = sch.split(loop=l5, factors=[v30, v31], preserve_unit_iters=True)
sch.reorder(l10, l18, l26, l11, l19, l27, l32, l12, l20, l28, l33, l13, l21, l29)
sch.annotate(block_or_loop=b1, ann_key="meta_schedule.parallel", ann_val=256)
sch.annotate(block_or_loop=b1, ann_key="meta_schedule.vectorize", ann_val=64)
v34 = sch.sample_categorical(candidates=[0, 16, 64, 512], probs=[0.25, 0.25, 0.25, 0.25], decision=1)
sch.annotate(block_or_loop=b1, ann_key="meta_schedule.unroll_explicit", ann_val=v34)
2023-12-21 16:10:39 [INFO] [evolutionary_search.cc:713] Generating candidates......
2023-12-21 16:10:39 [INFO] [evolutionary_search.cc:715] Picked top 0 candidate(s) from database
2023-12-21 16:10:42 [INFO] [evolutionary_search.cc:533] Sample-Init-Population summary:
Postproc #0 [meta_schedule.DisallowDynamicLoop(0x9033568)]: 0 failure(s)
Postproc #1 [meta_schedule.RewriteParallelVectorizeUnroll(0x901f5c8)]: 0 failure(s)
Postproc #2 [meta_schedule.RewriteReductionBlock(0x9174eb8)]: 0 failure(s)
Postproc #3 [meta_schedule.RewriteLayout(0x9359e18)]: 0 failure(s)
2023-12-21 16:10:42 [INFO] [evolutionary_search.cc:723] Sampled 512 candidate(s)
2023-12-21 16:10:44 [INFO] [evolutionary_search.cc:621] Evolve iter #0 done. Summary:
Postproc #0 [meta_schedule.DisallowDynamicLoop(0x9033568)]: 0 failure(s)
Postproc #1 [meta_schedule.RewriteParallelVectorizeUnroll(0x901f5c8)]: 0 failure(s)
Postproc #2 [meta_schedule.RewriteReductionBlock(0x9174eb8)]: 0 failure(s)
Postproc #3 [meta_schedule.RewriteLayout(0x9359e18)]: 0 failure(s)
2023-12-21 16:10:47 [INFO] [evolutionary_search.cc:621] Evolve iter #1 done. Summary:
Postproc #0 [meta_schedule.DisallowDynamicLoop(0x9033568)]: 0 failure(s)
Postproc #1 [meta_schedule.RewriteParallelVectorizeUnroll(0x901f5c8)]: 0 failure(s)
Postproc #2 [meta_schedule.RewriteReductionBlock(0x9174eb8)]: 0 failure(s)
Postproc #3 [meta_schedule.RewriteLayout(0x9359e18)]: 0 failure(s)
2023-12-21 16:10:50 [INFO] [evolutionary_search.cc:621] Evolve iter #2 done. Summary:
Postproc #0 [meta_schedule.DisallowDynamicLoop(0x9033568)]: 0 failure(s)
Postproc #1 [meta_schedule.RewriteParallelVectorizeUnroll(0x901f5c8)]: 0 failure(s)
Postproc #2 [meta_schedule.RewriteReductionBlock(0x9174eb8)]: 0 failure(s)
Postproc #3 [meta_schedule.RewriteLayout(0x9359e18)]: 0 failure(s)
2023-12-21 16:10:53 [INFO] [evolutionary_search.cc:621] Evolve iter #3 done. Summary:
Postproc #0 [meta_schedule.DisallowDynamicLoop(0x9033568)]: 0 failure(s)
Postproc #1 [meta_schedule.RewriteParallelVectorizeUnroll(0x901f5c8)]: 0 failure(s)
Postproc #2 [meta_schedule.RewriteReductionBlock(0x9174eb8)]: 0 failure(s)
Postproc #3 [meta_schedule.RewriteLayout(0x9359e18)]: 0 failure(s)
2023-12-21 16:10:54 [INFO] [evolutionary_search.cc:649] Scores of the best 64 candidates:
[1 : 16]:	0.9989  0.9982  0.9978  0.9974  0.9971  0.9969  0.9963  0.9960  0.9955  0.9949  0.9947  0.9945  0.9942  0.9940  0.9939  0.9939
[17 : 32]:	0.9932  0.9929  0.9928  0.9928  0.9916  0.9912  0.9911  0.9905  0.9896  0.9895  0.9889  0.9879  0.9865  0.9857  0.9852  0.9851
[33 : 48]:	0.9843  0.9830  0.9825  0.9820  0.9803  0.9802  0.9797  0.9796  0.9795  0.9794  0.9793  0.9789  0.9785  0.9785  0.9779  0.9776
[49 : 64]:	0.9775  0.9769  0.9764  0.9759  0.9754  0.9752  0.9746  0.9744  0.9743  0.9741  0.9739  0.9737  0.9718  0.9714  0.9710  0.9709
2023-12-21 16:10:55 [INFO] [evolutionary_search.cc:727] Got 64 candidate(s) with evolutionary search
2023-12-21 16:10:55 [INFO] [evolutionary_search.cc:730] Sending 64 candidates(s) for measurement
2023-12-21 16:11:31 [INFO] [task_scheduler.cc:131] [Task #1: fused_nn_batch_matmul] Trial #1: GFLOPs: 101.4314. Time: 664.8488 us. Best GFLOPs: 101.4314
2023-12-21 16:11:31 [INFO] [task_scheduler.cc:131] [Task #1: fused_nn_batch_matmul] Trial #2: GFLOPs: 8.7202. Time: 7733.4055 us. Best GFLOPs: 101.4314
2023-12-21 16:11:31 [INFO] [task_scheduler.cc:131] [Task #1: fused_nn_batch_matmul] Trial #3: GFLOPs: 36.0110. Time: 1872.6641 us. Best GFLOPs: 101.4314
2023-12-21 16:11:31 [INFO] [task_scheduler.cc:131] [Task #1: fused_nn_batch_matmul] Trial #4: GFLOPs: 102.2701. Time: 659.3967 us. Best GFLOPs: 102.2701
2023-12-21 16:11:31 [INFO] [task_scheduler.cc:131] [Task #1: fused_nn_batch_matmul] Trial #5: GFLOPs: 343.1739. Time: 196.5083 us. Best GFLOPs: 343.1739
2023-12-21 16:11:31 [INFO] [task_scheduler.cc:131] [Task #1: fused_nn_batch_matmul] Trial #6: GFLOPs: 37.5944. Time: 1793.7919 us. Best GFLOPs: 343.1739
2023-12-21 16:11:31 [INFO] [task_scheduler.cc:131] [Task #1: fused_nn_batch_matmul] Trial #7: GFLOPs: 30.6671. Time: 2198.9881 us. Best GFLOPs: 343.1739
2023-12-21 16:11:31 [INFO] [task_scheduler.cc:131] [Task #1: fused_nn_batch_matmul] Trial #8: GFLOPs: 68.5990. Time: 983.0543 us. Best GFLOPs: 343.1739
2023-12-21 16:11:31 [INFO] [task_scheduler.cc:131] [Task #1: fused_nn_batch_matmul] Trial #9: GFLOPs: 86.9743. Time: 775.3613 us. Best GFLOPs: 343.1739
2023-12-21 16:11:31 [INFO] [task_scheduler.cc:131] [Task #1: fused_nn_batch_matmul] Trial #10: GFLOPs: 57.4784. Time: 1173.2507 us. Best GFLOPs: 343.1739
2023-12-21 16:11:31 [INFO] [task_scheduler.cc:131] [Task #1: fused_nn_batch_matmul] Trial #11: GFLOPs: 104.2765. Time: 646.7089 us. Best GFLOPs: 343.1739
2023-12-21 16:11:31 [INFO] [task_scheduler.cc:131] [Task #1: fused_nn_batch_matmul] Trial #12: GFLOPs: 183.5586. Time: 367.3843 us. Best GFLOPs: 343.1739
2023-12-21 16:11:31 [INFO] [task_scheduler.cc:131] [Task #1: fused_nn_batch_matmul] Trial #13: GFLOPs: 71.9295. Time: 937.5362 us. Best GFLOPs: 343.1739
2023-12-21 16:11:31 [INFO] [task_scheduler.cc:131] [Task #1: fused_nn_batch_matmul] Trial #14: GFLOPs: 136.1421. Time: 495.3392 us. Best GFLOPs: 343.1739
2023-12-21 16:11:31 [INFO] [task_scheduler.cc:131] [Task #1: fused_nn_batch_matmul] Trial #15: GFLOPs: 326.4596. Time: 206.5693 us. Best GFLOPs: 343.1739
2023-12-21 16:11:31 [INFO] [task_scheduler.cc:131] [Task #1: fused_nn_batch_matmul] Trial #16: GFLOPs: 32.3881. Time: 2082.1415 us. Best GFLOPs: 343.1739
2023-12-21 16:11:31 [INFO] [task_scheduler.cc:131] [Task #1: fused_nn_batch_matmul] Trial #17: GFLOPs: 65.3806. Time: 1031.4465 us. Best GFLOPs: 343.1739
2023-12-21 16:11:31 [INFO] [task_scheduler.cc:131] [Task #1: fused_nn_batch_matmul] Trial #18: GFLOPs: 25.0007. Time: 2697.3913 us. Best GFLOPs: 343.1739
2023-12-21 16:11:31 [INFO] [task_scheduler.cc:131] [Task #1: fused_nn_batch_matmul] Trial #19: GFLOPs: 76.2816. Time: 884.0478 us. Best GFLOPs: 343.1739
2023-12-21 16:11:31 [INFO] [task_scheduler.cc:131] [Task #1: fused_nn_batch_matmul] Trial #20: GFLOPs: 129.5045. Time: 520.7274 us. Best GFLOPs: 343.1739
2023-12-21 16:11:31 [INFO] [task_scheduler.cc:131] [Task #1: fused_nn_batch_matmul] Trial #21: GFLOPs: 114.3665. Time: 589.6527 us. Best GFLOPs: 343.1739
2023-12-21 16:11:31 [INFO] [task_scheduler.cc:131] [Task #1: fused_nn_batch_matmul] Trial #22: GFLOPs: 34.2029. Time: 1971.6596 us. Best GFLOPs: 343.1739
2023-12-21 16:11:31 [INFO] [task_scheduler.cc:131] [Task #1: fused_nn_batch_matmul] Trial #23: GFLOPs: 27.4378. Time: 2457.7957 us. Best GFLOPs: 343.1739
2023-12-21 16:11:31 [INFO] [task_scheduler.cc:131] [Task #1: fused_nn_batch_matmul] Trial #24: GFLOPs: 139.2295. Time: 484.3553 us. Best GFLOPs: 343.1739
2023-12-21 16:11:31 [INFO] [task_scheduler.cc:131] [Task #1: fused_nn_batch_matmul] Trial #25: GFLOPs: 55.1276. Time: 1223.2799 us. Best GFLOPs: 343.1739
2023-12-21 16:11:31 [INFO] [task_scheduler.cc:131] [Task #1: fused_nn_batch_matmul] Trial #26: GFLOPs: 181.6833. Time: 371.1764 us. Best GFLOPs: 343.1739
2023-12-21 16:11:31 [INFO] [task_scheduler.cc:131] [Task #1: fused_nn_batch_matmul] Trial #27: GFLOPs: 36.2293. Time: 1861.3810 us. Best GFLOPs: 343.1739
2023-12-21 16:11:31 [INFO] [task_scheduler.cc:131] [Task #1: fused_nn_batch_matmul] Trial #28: GFLOPs: 281.6961. Time: 239.3947 us. Best GFLOPs: 343.1739
2023-12-21 16:11:31 [INFO] [task_scheduler.cc:131] [Task #1: fused_nn_batch_matmul] Trial #29: GFLOPs: 82.0190. Time: 822.2062 us. Best GFLOPs: 343.1739
2023-12-21 16:11:31 [INFO] [task_scheduler.cc:131] [Task #1: fused_nn_batch_matmul] Trial #30: GFLOPs: 104.7685. Time: 643.6721 us. Best GFLOPs: 343.1739
2023-12-21 16:11:31 [INFO] [task_scheduler.cc:131] [Task #1: fused_nn_batch_matmul] Trial #31: GFLOPs: 3.8024. Time: 17735.0738 us. Best GFLOPs: 343.1739
2023-12-21 16:11:31 [INFO] [task_scheduler.cc:131] [Task #1: fused_nn_batch_matmul] Trial #32: GFLOPs: 104.9842. Time: 642.3497 us. Best GFLOPs: 343.1739
2023-12-21 16:11:31 [INFO] [task_scheduler.cc:131] [Task #1: fused_nn_batch_matmul] Trial #33: GFLOPs: 121.1866. Time: 556.4685 us. Best GFLOPs: 343.1739
2023-12-21 16:11:31 [INFO] [task_scheduler.cc:131] [Task #1: fused_nn_batch_matmul] Trial #34: GFLOPs: 61.2677. Time: 1100.6868 us. Best GFLOPs: 343.1739
2023-12-21 16:11:31 [INFO] [task_scheduler.cc:131] [Task #1: fused_nn_batch_matmul] Trial #35: GFLOPs: 85.2517. Time: 791.0283 us. Best GFLOPs: 343.1739
2023-12-21 16:11:31 [INFO] [task_scheduler.cc:131] [Task #1: fused_nn_batch_matmul] Trial #36: GFLOPs: 39.2894. Time: 1716.4062 us. Best GFLOPs: 343.1739
2023-12-21 16:11:31 [INFO] [task_scheduler.cc:131] [Task #1: fused_nn_batch_matmul] Trial #37: GFLOPs: 148.7510. Time: 453.3519 us. Best GFLOPs: 343.1739
2023-12-21 16:11:31 [INFO] [task_scheduler.cc:131] [Task #1: fused_nn_batch_matmul] Trial #38: GFLOPs: 306.0711. Time: 220.3297 us. Best GFLOPs: 343.1739
2023-12-21 16:11:31 [INFO] [task_scheduler.cc:131] [Task #1: fused_nn_batch_matmul] Trial #39: GFLOPs: 37.0957. Time: 1817.9054 us. Best GFLOPs: 343.1739
2023-12-21 16:11:31 [INFO] [task_scheduler.cc:131] [Task #1: fused_nn_batch_matmul] Trial #40: GFLOPs: 141.0258. Time: 478.1858 us. Best GFLOPs: 343.1739
2023-12-21 16:11:31 [INFO] [task_scheduler.cc:131] [Task #1: fused_nn_batch_matmul] Trial #41: GFLOPs: 147.3401. Time: 457.6930 us. Best GFLOPs: 343.1739
2023-12-21 16:11:31 [INFO] [task_scheduler.cc:131] [Task #1: fused_nn_batch_matmul] Trial #42: GFLOPs: 148.7229. Time: 453.4376 us. Best GFLOPs: 343.1739
2023-12-21 16:11:31 [INFO] [task_scheduler.cc:131] [Task #1: fused_nn_batch_matmul] Trial #43: GFLOPs: 35.7572. Time: 1885.9577 us. Best GFLOPs: 343.1739
2023-12-21 16:11:31 [INFO] [task_scheduler.cc:131] [Task #1: fused_nn_batch_matmul] Trial #44: GFLOPs: 21.7366. Time: 3102.4488 us. Best GFLOPs: 343.1739
2023-12-21 16:11:31 [INFO] [task_scheduler.cc:131] [Task #1: fused_nn_batch_matmul] Trial #45: GFLOPs: 245.1830. Time: 275.0458 us. Best GFLOPs: 343.1739
2023-12-21 16:11:31 [INFO] [task_scheduler.cc:131] [Task #1: fused_nn_batch_matmul] Trial #46: GFLOPs: 121.4874. Time: 555.0911 us. Best GFLOPs: 343.1739
2023-12-21 16:11:31 [INFO] [task_scheduler.cc:131] [Task #1: fused_nn_batch_matmul] Trial #47: GFLOPs: 51.8864. Time: 1299.6968 us. Best GFLOPs: 343.1739
2023-12-21 16:11:31 [INFO] [task_scheduler.cc:131] [Task #1: fused_nn_batch_matmul] Trial #48: GFLOPs: 78.4717. Time: 859.3745 us. Best GFLOPs: 343.1739
2023-12-21 16:11:31 [INFO] [task_scheduler.cc:131] [Task #1: fused_nn_batch_matmul] Trial #49: GFLOPs: 6.3832. Time: 10564.7160 us. Best GFLOPs: 343.1739
2023-12-21 16:11:31 [INFO] [task_scheduler.cc:131] [Task #1: fused_nn_batch_matmul] Trial #50: GFLOPs: 68.2039. Time: 988.7488 us. Best GFLOPs: 343.1739
2023-12-21 16:11:31 [INFO] [task_scheduler.cc:131] [Task #1: fused_nn_batch_matmul] Trial #51: GFLOPs: 26.7548. Time: 2520.5354 us. Best GFLOPs: 343.1739
2023-12-21 16:11:31 [INFO] [task_scheduler.cc:131] [Task #1: fused_nn_batch_matmul] Trial #52: GFLOPs: 141.8623. Time: 475.3661 us. Best GFLOPs: 343.1739
2023-12-21 16:11:31 [INFO] [task_scheduler.cc:131] [Task #1: fused_nn_batch_matmul] Trial #53: GFLOPs: 73.5167. Time: 917.2962 us. Best GFLOPs: 343.1739
2023-12-21 16:11:31 [INFO] [task_scheduler.cc:131] [Task #1: fused_nn_batch_matmul] Trial #54: GFLOPs: 255.5311. Time: 263.9074 us. Best GFLOPs: 343.1739
2023-12-21 16:11:31 [INFO] [task_scheduler.cc:131] [Task #1: fused_nn_batch_matmul] Trial #55: GFLOPs: 259.3598. Time: 260.0116 us. Best GFLOPs: 343.1739
2023-12-21 16:11:31 [INFO] [task_scheduler.cc:131] [Task #1: fused_nn_batch_matmul] Trial #56: GFLOPs: 110.9084. Time: 608.0384 us. Best GFLOPs: 343.1739
2023-12-21 16:11:31 [INFO] [task_scheduler.cc:131] [Task #1: fused_nn_batch_matmul] Trial #57: GFLOPs: 199.9883. Time: 337.2025 us. Best GFLOPs: 343.1739
2023-12-21 16:11:31 [INFO] [task_scheduler.cc:131] [Task #1: fused_nn_batch_matmul] Trial #58: GFLOPs: 138.6353. Time: 486.4311 us. Best GFLOPs: 343.1739
2023-12-21 16:11:31 [INFO] [task_scheduler.cc:131] [Task #1: fused_nn_batch_matmul] Trial #59: GFLOPs: 82.5844. Time: 816.5777 us. Best GFLOPs: 343.1739
2023-12-21 16:11:31 [INFO] [task_scheduler.cc:131] [Task #1: fused_nn_batch_matmul] Trial #60: GFLOPs: 36.7075. Time: 1837.1329 us. Best GFLOPs: 343.1739
2023-12-21 16:11:31 [INFO] [task_scheduler.cc:131] [Task #1: fused_nn_batch_matmul] Trial #61: GFLOPs: 78.8098. Time: 855.6869 us. Best GFLOPs: 343.1739
2023-12-21 16:11:31 [INFO] [task_scheduler.cc:131] [Task #1: fused_nn_batch_matmul] Trial #62: GFLOPs: 162.8840. Time: 414.0158 us. Best GFLOPs: 343.1739
2023-12-21 16:11:31 [INFO] [task_scheduler.cc:131] [Task #1: fused_nn_batch_matmul] Trial #63: GFLOPs: 54.5791. Time: 1235.5737 us. Best GFLOPs: 343.1739
2023-12-21 16:11:31 [INFO] [task_scheduler.cc:131] [Task #1: fused_nn_batch_matmul] Trial #64: GFLOPs: 26.0623. Time: 2587.5112 us. Best GFLOPs: 343.1739
2023-12-21 16:11:31 [INFO] [evolutionary_search.cc:713] Generating candidates......
2023-12-21 16:11:31 [INFO] [evolutionary_search.cc:715] Picked top 64 candidate(s) from database
2023-12-21 16:11:33 [INFO] [evolutionary_search.cc:533] Sample-Init-Population summary:
Postproc #0 [meta_schedule.DisallowDynamicLoop(0x9033568)]: 0 failure(s)
Postproc #1 [meta_schedule.RewriteParallelVectorizeUnroll(0x901f5c8)]: 0 failure(s)
Postproc #2 [meta_schedule.RewriteReductionBlock(0x9174eb8)]: 0 failure(s)
Postproc #3 [meta_schedule.RewriteLayout(0x9359e18)]: 0 failure(s)
2023-12-21 16:11:33 [INFO] [evolutionary_search.cc:723] Sampled 448 candidate(s)
2023-12-21 16:11:36 [INFO] [evolutionary_search.cc:621] Evolve iter #0 done. Summary:
Postproc #0 [meta_schedule.DisallowDynamicLoop(0x9033568)]: 0 failure(s)
Postproc #1 [meta_schedule.RewriteParallelVectorizeUnroll(0x901f5c8)]: 0 failure(s)
Postproc #2 [meta_schedule.RewriteReductionBlock(0x9174eb8)]: 0 failure(s)
Postproc #3 [meta_schedule.RewriteLayout(0x9359e18)]: 0 failure(s)
2023-12-21 16:11:39 [INFO] [evolutionary_search.cc:621] Evolve iter #1 done. Summary:
Postproc #0 [meta_schedule.DisallowDynamicLoop(0x9033568)]: 0 failure(s)
Postproc #1 [meta_schedule.RewriteParallelVectorizeUnroll(0x901f5c8)]: 0 failure(s)
Postproc #2 [meta_schedule.RewriteReductionBlock(0x9174eb8)]: 0 failure(s)
Postproc #3 [meta_schedule.RewriteLayout(0x9359e18)]: 0 failure(s)
2023-12-21 16:11:42 [INFO] [evolutionary_search.cc:621] Evolve iter #2 done. Summary:
Postproc #0 [meta_schedule.DisallowDynamicLoop(0x9033568)]: 0 failure(s)
Postproc #1 [meta_schedule.RewriteParallelVectorizeUnroll(0x901f5c8)]: 0 failure(s)
Postproc #2 [meta_schedule.RewriteReductionBlock(0x9174eb8)]: 0 failure(s)
Postproc #3 [meta_schedule.RewriteLayout(0x9359e18)]: 0 failure(s)
2023-12-21 16:11:45 [INFO] [evolutionary_search.cc:621] Evolve iter #3 done. Summary:
Postproc #0 [meta_schedule.DisallowDynamicLoop(0x9033568)]: 0 failure(s)
Postproc #1 [meta_schedule.RewriteParallelVectorizeUnroll(0x901f5c8)]: 0 failure(s)
Postproc #2 [meta_schedule.RewriteReductionBlock(0x9174eb8)]: 0 failure(s)
Postproc #3 [meta_schedule.RewriteLayout(0x9359e18)]: 0 failure(s)
2023-12-21 16:11:46 [INFO] [evolutionary_search.cc:649] Scores of the best 64 candidates:
[1 : 16]:	0.9998  0.9993  0.9988  0.9982  0.9980  0.9974  0.9964  0.9954  0.9954  0.9948  0.9947  0.9935  0.9922  0.9908  0.9907  0.9903
[17 : 32]:	0.9900  0.9878  0.9878  0.9875  0.9871  0.9871  0.9870  0.9866  0.9866  0.9862  0.9861  0.9856  0.9844  0.9841  0.9840  0.9836
[33 : 48]:	0.9829  0.9829  0.9827  0.9824  0.9817  0.9811  0.9793  0.9792  0.9783  0.9766  0.9765  0.9764  0.9759  0.9757  0.9754  0.9745
[49 : 64]:	0.9739  0.9731  0.9730  0.9725  0.9722  0.9721  0.9712  0.9711  0.9692  0.9688  0.9684  0.9682  0.9675  0.9674  0.9670  0.9662
2023-12-21 16:11:47 [INFO] [evolutionary_search.cc:727] Got 64 candidate(s) with evolutionary search
2023-12-21 16:11:47 [INFO] [evolutionary_search.cc:730] Sending 64 candidates(s) for measurement
2023-12-21 16:12:22 [INFO] [task_scheduler.cc:131] [Task #1: fused_nn_batch_matmul] Trial #65: GFLOPs: 26.2512. Time: 2568.8919 us. Best GFLOPs: 343.1739
2023-12-21 16:12:22 [INFO] [task_scheduler.cc:131] [Task #1: fused_nn_batch_matmul] Trial #66: GFLOPs: 35.3674. Time: 1906.7439 us. Best GFLOPs: 343.1739
2023-12-21 16:12:22 [INFO] [task_scheduler.cc:131] [Task #1: fused_nn_batch_matmul] Trial #67: GFLOPs: 239.0721. Time: 282.0762 us. Best GFLOPs: 343.1739
2023-12-21 16:12:22 [INFO] [task_scheduler.cc:131] [Task #1: fused_nn_batch_matmul] Trial #68: GFLOPs: 21.2722. Time: 3170.1738 us. Best GFLOPs: 343.1739
2023-12-21 16:12:22 [INFO] [task_scheduler.cc:131] [Task #1: fused_nn_batch_matmul] Trial #69: GFLOPs: 103.9702. Time: 648.6145 us. Best GFLOPs: 343.1739
2023-12-21 16:12:22 [INFO] [task_scheduler.cc:131] [Task #1: fused_nn_batch_matmul] Trial #70: GFLOPs: 230.8737. Time: 292.0928 us. Best GFLOPs: 343.1739
2023-12-21 16:12:22 [INFO] [task_scheduler.cc:131] [Task #1: fused_nn_batch_matmul] Trial #71: GFLOPs: 40.1952. Time: 1677.7270 us. Best GFLOPs: 343.1739
2023-12-21 16:12:22 [INFO] [task_scheduler.cc:131] [Task #1: fused_nn_batch_matmul] Trial #72: GFLOPs: 193.1526. Time: 349.1360 us. Best GFLOPs: 343.1739
2023-12-21 16:12:22 [INFO] [task_scheduler.cc:131] [Task #1: fused_nn_batch_matmul] Trial #73: GFLOPs: 181.5205. Time: 371.5092 us. Best GFLOPs: 343.1739
2023-12-21 16:12:22 [INFO] [task_scheduler.cc:131] [Task #1: fused_nn_batch_matmul] Trial #74: GFLOPs: 23.3931. Time: 2882.7590 us. Best GFLOPs: 343.1739
2023-12-21 16:12:22 [INFO] [task_scheduler.cc:131] [Task #1: fused_nn_batch_matmul] Trial #75: GFLOPs: 258.5305. Time: 260.8456 us. Best GFLOPs: 343.1739
2023-12-21 16:12:22 [INFO] [task_scheduler.cc:131] [Task #1: fused_nn_batch_matmul] Trial #76: GFLOPs: 345.2617. Time: 195.3201 us. Best GFLOPs: 345.2617
2023-12-21 16:12:22 [INFO] [task_scheduler.cc:131] [Task #1: fused_nn_batch_matmul] Trial #77: GFLOPs: 22.2871. Time: 3025.8052 us. Best GFLOPs: 345.2617
2023-12-21 16:12:22 [INFO] [task_scheduler.cc:131] [Task #1: fused_nn_batch_matmul] Trial #78: GFLOPs: 27.1438. Time: 2484.4194 us. Best GFLOPs: 345.2617
2023-12-21 16:12:22 [INFO] [task_scheduler.cc:131] [Task #1: fused_nn_batch_matmul] Trial #79: GFLOPs: 371.7732. Time: 181.3916 us. Best GFLOPs: 371.7732
2023-12-21 16:12:22 [INFO] [task_scheduler.cc:131] [Task #1: fused_nn_batch_matmul] Trial #80: GFLOPs: 77.1781. Time: 873.7787 us. Best GFLOPs: 371.7732
2023-12-21 16:12:22 [INFO] [task_scheduler.cc:131] [Task #1: fused_nn_batch_matmul] Trial #81: GFLOPs: 34.4922. Time: 1955.1265 us. Best GFLOPs: 371.7732
2023-12-21 16:12:22 [INFO] [task_scheduler.cc:131] [Task #1: fused_nn_batch_matmul] Trial #82: GFLOPs: 171.3371. Time: 393.5899 us. Best GFLOPs: 371.7732
2023-12-21 16:12:22 [INFO] [task_scheduler.cc:131] [Task #1: fused_nn_batch_matmul] Trial #83: GFLOPs: 35.1521. Time: 1918.4231 us. Best GFLOPs: 371.7732
2023-12-21 16:12:22 [INFO] [task_scheduler.cc:131] [Task #1: fused_nn_batch_matmul] Trial #84: GFLOPs: 521.5957. Time: 129.2889 us. Best GFLOPs: 521.5957
2023-12-21 16:12:22 [INFO] [task_scheduler.cc:131] [Task #1: fused_nn_batch_matmul] Trial #85: GFLOPs: 102.0269. Time: 660.9682 us. Best GFLOPs: 521.5957
2023-12-21 16:12:22 [INFO] [task_scheduler.cc:131] [Task #1: fused_nn_batch_matmul] Trial #86: GFLOPs: 157.2371. Time: 428.8844 us. Best GFLOPs: 521.5957
2023-12-21 16:12:22 [INFO] [task_scheduler.cc:131] [Task #1: fused_nn_batch_matmul] Trial #87: GFLOPs: 45.9553. Time: 1467.4382 us. Best GFLOPs: 521.5957
2023-12-21 16:12:22 [INFO] [task_scheduler.cc:131] [Task #1: fused_nn_batch_matmul] Trial #88: GFLOPs: 135.2324. Time: 498.6714 us. Best GFLOPs: 521.5957
2023-12-21 16:12:22 [INFO] [task_scheduler.cc:131] [Task #1: fused_nn_batch_matmul] Trial #89: GFLOPs: 25.6058. Time: 2633.6470 us. Best GFLOPs: 521.5957
2023-12-21 16:12:22 [INFO] [task_scheduler.cc:131] [Task #1: fused_nn_batch_matmul] Trial #90: GFLOPs: 7.9675. Time: 8463.9235 us. Best GFLOPs: 521.5957
2023-12-21 16:12:22 [INFO] [task_scheduler.cc:131] [Task #1: fused_nn_batch_matmul] Trial #91: GFLOPs: 6.5480. Time: 10298.8215 us. Best GFLOPs: 521.5957
2023-12-21 16:12:22 [INFO] [task_scheduler.cc:131] [Task #1: fused_nn_batch_matmul] Trial #92: GFLOPs: 47.0748. Time: 1432.5401 us. Best GFLOPs: 521.5957
2023-12-21 16:12:22 [INFO] [task_scheduler.cc:131] [Task #1: fused_nn_batch_matmul] Trial #93: GFLOPs: 42.9756. Time: 1569.1829 us. Best GFLOPs: 521.5957
2023-12-21 16:12:22 [INFO] [task_scheduler.cc:131] [Task #1: fused_nn_batch_matmul] Trial #94: GFLOPs: 6.9313. Time: 9729.3031 us. Best GFLOPs: 521.5957
2023-12-21 16:12:22 [INFO] [task_scheduler.cc:131] [Task #1: fused_nn_batch_matmul] Trial #95: GFLOPs: 190.3768. Time: 354.2267 us. Best GFLOPs: 521.5957
2023-12-21 16:12:22 [INFO] [task_scheduler.cc:131] [Task #1: fused_nn_batch_matmul] Trial #96: GFLOPs: 58.7851. Time: 1147.1715 us. Best GFLOPs: 521.5957
2023-12-21 16:12:22 [INFO] [task_scheduler.cc:131] [Task #1: fused_nn_batch_matmul] Trial #97: GFLOPs: 20.6488. Time: 3265.8812 us. Best GFLOPs: 521.5957
2023-12-21 16:12:22 [INFO] [task_scheduler.cc:131] [Task #1: fused_nn_batch_matmul] Trial #98: GFLOPs: 56.1057. Time: 1201.9543 us. Best GFLOPs: 521.5957
2023-12-21 16:12:22 [INFO] [task_scheduler.cc:131] [Task #1: fused_nn_batch_matmul] Trial #99: GFLOPs: 145.4870. Time: 463.5228 us. Best GFLOPs: 521.5957
2023-12-21 16:12:22 [INFO] [task_scheduler.cc:131] [Task #1: fused_nn_batch_matmul] Trial #100: GFLOPs: 54.1522. Time: 1245.3145 us. Best GFLOPs: 521.5957
2023-12-21 16:12:22 [INFO] [task_scheduler.cc:131] [Task #1: fused_nn_batch_matmul] Trial #101: GFLOPs: 79.8990. Time: 844.0222 us. Best GFLOPs: 521.5957
2023-12-21 16:12:22 [INFO] [task_scheduler.cc:131] [Task #1: fused_nn_batch_matmul] Trial #102: GFLOPs: 53.0270. Time: 1271.7399 us. Best GFLOPs: 521.5957
2023-12-21 16:12:22 [INFO] [task_scheduler.cc:131] [Task #1: fused_nn_batch_matmul] Trial #103: GFLOPs: 24.6515. Time: 2735.5922 us. Best GFLOPs: 521.5957
2023-12-21 16:12:22 [INFO] [task_scheduler.cc:131] [Task #1: fused_nn_batch_matmul] Trial #104: GFLOPs: 198.0616. Time: 340.4828 us. Best GFLOPs: 521.5957
2023-12-21 16:12:22 [INFO] [task_scheduler.cc:131] [Task #1: fused_nn_batch_matmul] Trial #105: GFLOPs: 13.5497. Time: 4976.9945 us. Best GFLOPs: 521.5957
2023-12-21 16:12:22 [INFO] [task_scheduler.cc:131] [Task #1: fused_nn_batch_matmul] Trial #106: GFLOPs: 18.4642. Time: 3652.2812 us. Best GFLOPs: 521.5957
2023-12-21 16:12:22 [INFO] [task_scheduler.cc:131] [Task #1: fused_nn_batch_matmul] Trial #107: GFLOPs: 267.3072. Time: 252.2811 us. Best GFLOPs: 521.5957
2023-12-21 16:12:22 [INFO] [task_scheduler.cc:131] [Task #1: fused_nn_batch_matmul] Trial #108: GFLOPs: 89.9826. Time: 749.4397 us. Best GFLOPs: 521.5957
2023-12-21 16:12:22 [INFO] [task_scheduler.cc:131] [Task #1: fused_nn_batch_matmul] Trial #109: GFLOPs: 79.1810. Time: 851.6763 us. Best GFLOPs: 521.5957
2023-12-21 16:12:22 [INFO] [task_scheduler.cc:131] [Task #1: fused_nn_batch_matmul] Trial #110: GFLOPs: 19.4799. Time: 3461.8456 us. Best GFLOPs: 521.5957
2023-12-21 16:12:22 [INFO] [task_scheduler.cc:131] [Task #1: fused_nn_batch_matmul] Trial #111: GFLOPs: 26.3267. Time: 2561.5248 us. Best GFLOPs: 521.5957
2023-12-21 16:12:22 [INFO] [task_scheduler.cc:131] [Task #1: fused_nn_batch_matmul] Trial #112: GFLOPs: 99.8211. Time: 675.5743 us. Best GFLOPs: 521.5957
2023-12-21 16:12:22 [INFO] [task_scheduler.cc:131] [Task #1: fused_nn_batch_matmul] Trial #113: GFLOPs: 114.7249. Time: 587.8109 us. Best GFLOPs: 521.5957
2023-12-21 16:12:22 [INFO] [task_scheduler.cc:131] [Task #1: fused_nn_batch_matmul] Trial #114: GFLOPs: 80.2057. Time: 840.7949 us. Best GFLOPs: 521.5957
2023-12-21 16:12:22 [INFO] [task_scheduler.cc:131] [Task #1: fused_nn_batch_matmul] Trial #115: GFLOPs: 32.7082. Time: 2061.7638 us. Best GFLOPs: 521.5957
2023-12-21 16:12:22 [INFO] [task_scheduler.cc:131] [Task #1: fused_nn_batch_matmul] Trial #116: GFLOPs: 78.3898. Time: 860.2723 us. Best GFLOPs: 521.5957
2023-12-21 16:12:22 [INFO] [task_scheduler.cc:131] [Task #1: fused_nn_batch_matmul] Trial #117: GFLOPs: 102.9053. Time: 655.3264 us. Best GFLOPs: 521.5957
2023-12-21 16:12:22 [INFO] [task_scheduler.cc:131] [Task #1: fused_nn_batch_matmul] Trial #118: GFLOPs: 42.6202. Time: 1582.2686 us. Best GFLOPs: 521.5957
2023-12-21 16:12:22 [INFO] [task_scheduler.cc:131] [Task #1: fused_nn_batch_matmul] Trial #119: GFLOPs: 88.4800. Time: 762.1673 us. Best GFLOPs: 521.5957
2023-12-21 16:12:22 [INFO] [task_scheduler.cc:131] [Task #1: fused_nn_batch_matmul] Trial #120: GFLOPs: 293.2755. Time: 229.9427 us. Best GFLOPs: 521.5957
2023-12-21 16:12:22 [INFO] [task_scheduler.cc:131] [Task #1: fused_nn_batch_matmul] Trial #121: GFLOPs: 46.3520. Time: 1454.8776 us. Best GFLOPs: 521.5957
2023-12-21 16:12:22 [INFO] [task_scheduler.cc:131] [Task #1: fused_nn_batch_matmul] Trial #122: GFLOPs: 26.3542. Time: 2558.8526 us. Best GFLOPs: 521.5957
2023-12-21 16:12:22 [INFO] [task_scheduler.cc:131] [Task #1: fused_nn_batch_matmul] Trial #123: GFLOPs: 28.0403. Time: 2404.9906 us. Best GFLOPs: 521.5957
2023-12-21 16:12:22 [INFO] [task_scheduler.cc:131] [Task #1: fused_nn_batch_matmul] Trial #124: GFLOPs: 559.3128. Time: 120.5704 us. Best GFLOPs: 559.3128
2023-12-21 16:12:22 [INFO] [task_scheduler.cc:131] [Task #1: fused_nn_batch_matmul] Trial #125: GFLOPs: 45.7690. Time: 1473.4105 us. Best GFLOPs: 559.3128
2023-12-21 16:12:22 [INFO] [task_scheduler.cc:131] [Task #1: fused_nn_batch_matmul] Trial #126: GFLOPs: 34.1066. Time: 1977.2312 us. Best GFLOPs: 559.3128
2023-12-21 16:12:22 [INFO] [task_scheduler.cc:131] [Task #1: fused_nn_batch_matmul] Trial #127: GFLOPs: 61.6048. Time: 1094.6642 us. Best GFLOPs: 559.3128
2023-12-21 16:12:22 [INFO] [task_scheduler.cc:131] [Task #1: fused_nn_batch_matmul] Trial #128: GFLOPs: 12.1928. Time: 5530.8377 us. Best GFLOPs: 559.3128
2023-12-21 16:12:27 [INFO] [evolutionary_search.cc:713] Generating candidates......
2023-12-21 16:12:28 [INFO] [evolutionary_search.cc:715] Picked top 102 candidate(s) from database
2023-12-21 16:12:30 [INFO] [evolutionary_search.cc:533] Sample-Init-Population summary:
Postproc #0 [meta_schedule.DisallowDynamicLoop(0x9033568)]: 0 failure(s)
Postproc #1 [meta_schedule.RewriteParallelVectorizeUnroll(0x901f5c8)]: 0 failure(s)
Postproc #2 [meta_schedule.RewriteReductionBlock(0x9174eb8)]: 0 failure(s)
Postproc #3 [meta_schedule.RewriteLayout(0x9359e18)]: 0 failure(s)
2023-12-21 16:12:30 [INFO] [evolutionary_search.cc:723] Sampled 410 candidate(s)
2023-12-21 16:12:35 [INFO] [evolutionary_search.cc:621] Evolve iter #0 done. Summary:
Postproc #0 [meta_schedule.DisallowDynamicLoop(0x9033568)]: 0 failure(s)
Postproc #1 [meta_schedule.RewriteParallelVectorizeUnroll(0x901f5c8)]: 0 failure(s)
Postproc #2 [meta_schedule.RewriteReductionBlock(0x9174eb8)]: 0 failure(s)
Postproc #3 [meta_schedule.RewriteLayout(0x9359e18)]: 0 failure(s)
2023-12-21 16:12:40 [INFO] [evolutionary_search.cc:621] Evolve iter #1 done. Summary:
Postproc #0 [meta_schedule.DisallowDynamicLoop(0x9033568)]: 0 failure(s)
Postproc #1 [meta_schedule.RewriteParallelVectorizeUnroll(0x901f5c8)]: 0 failure(s)
Postproc #2 [meta_schedule.RewriteReductionBlock(0x9174eb8)]: 0 failure(s)
Postproc #3 [meta_schedule.RewriteLayout(0x9359e18)]: 0 failure(s)
2023-12-21 16:12:45 [INFO] [evolutionary_search.cc:621] Evolve iter #2 done. Summary:
Postproc #0 [meta_schedule.DisallowDynamicLoop(0x9033568)]: 0 failure(s)
Postproc #1 [meta_schedule.RewriteParallelVectorizeUnroll(0x901f5c8)]: 0 failure(s)
Postproc #2 [meta_schedule.RewriteReductionBlock(0x9174eb8)]: 0 failure(s)
Postproc #3 [meta_schedule.RewriteLayout(0x9359e18)]: 0 failure(s)
2023-12-21 16:12:50 [INFO] [evolutionary_search.cc:621] Evolve iter #3 done. Summary:
Postproc #0 [meta_schedule.DisallowDynamicLoop(0x9033568)]: 0 failure(s)
Postproc #1 [meta_schedule.RewriteParallelVectorizeUnroll(0x901f5c8)]: 0 failure(s)
Postproc #2 [meta_schedule.RewriteReductionBlock(0x9174eb8)]: 0 failure(s)
Postproc #3 [meta_schedule.RewriteLayout(0x9359e18)]: 0 failure(s)
2023-12-21 16:12:53 [INFO] [evolutionary_search.cc:649] Scores of the best 64 candidates:
[1 : 16]:	1.0075  1.0065  0.9771  0.9755  0.9755  0.9717  0.9708  0.9705  0.9507  0.9491  0.9491  0.9491  0.9434  0.9333  0.9333  0.9281
[17 : 32]:	0.9214  0.9204  0.9104  0.9104  0.8908  0.8908  0.8860  0.8846  0.8846  0.8752  0.8752  0.8745  0.8742  0.8667  0.8667  0.8667
[33 : 48]:	0.8647  0.8644  0.8640  0.8640  0.8581  0.8571  0.8571  0.8571  0.8490  0.8488  0.8488  0.8488  0.8488  0.8452  0.8452  0.8452
[49 : 64]:	0.8419  0.8403  0.8403  0.8397  0.8307  0.8266  0.8266  0.8256  0.8232  0.8065  0.8062  0.8050  0.8005  0.8005  0.8003  0.7966
2023-12-21 16:12:53 [INFO] [evolutionary_search.cc:727] Got 64 candidate(s) with evolutionary search
2023-12-21 16:12:53 [INFO] [evolutionary_search.cc:730] Sending 64 candidates(s) for measurement
2023-12-21 16:13:25 [INFO] [task_scheduler.cc:131] [Task #1: fused_nn_batch_matmul] Trial #129: GFLOPs: 284.6268. Time: 236.9297 us. Best GFLOPs: 559.3128
2023-12-21 16:13:25 [INFO] [task_scheduler.cc:131] [Task #1: fused_nn_batch_matmul] Trial #130: GFLOPs: 229.2009. Time: 294.2246 us. Best GFLOPs: 559.3128
2023-12-21 16:13:25 [INFO] [task_scheduler.cc:131] [Task #1: fused_nn_batch_matmul] Trial #131: GFLOPs: 563.1123. Time: 119.7568 us. Best GFLOPs: 563.1123
2023-12-21 16:13:25 [INFO] [task_scheduler.cc:131] [Task #1: fused_nn_batch_matmul] Trial #132: GFLOPs: 537.3406. Time: 125.5006 us. Best GFLOPs: 563.1123
2023-12-21 16:13:25 [INFO] [task_scheduler.cc:131] [Task #1: fused_nn_batch_matmul] Trial #133: GFLOPs: 539.1831. Time: 125.0717 us. Best GFLOPs: 563.1123
2023-12-21 16:13:25 [INFO] [task_scheduler.cc:131] [Task #1: fused_nn_batch_matmul] Trial #134: GFLOPs: 529.6377. Time: 127.3258 us. Best GFLOPs: 563.1123
2023-12-21 16:13:25 [INFO] [task_scheduler.cc:131] [Task #1: fused_nn_batch_matmul] Trial #135: GFLOPs: 498.2192. Time: 135.3552 us. Best GFLOPs: 563.1123
2023-12-21 16:13:25 [INFO] [task_scheduler.cc:131] [Task #1: fused_nn_batch_matmul] Trial #136: GFLOPs: 225.7955. Time: 298.6621 us. Best GFLOPs: 563.1123
2023-12-21 16:13:25 [INFO] [task_scheduler.cc:131] [Task #1: fused_nn_batch_matmul] Trial #137: GFLOPs: 391.3542. Time: 172.3159 us. Best GFLOPs: 563.1123
2023-12-21 16:13:25 [INFO] [task_scheduler.cc:131] [Task #1: fused_nn_batch_matmul] Trial #138: GFLOPs: 294.1967. Time: 229.2227 us. Best GFLOPs: 563.1123
2023-12-21 16:13:25 [INFO] [task_scheduler.cc:131] [Task #1: fused_nn_batch_matmul] Trial #139: GFLOPs: 315.9916. Time: 213.4125 us. Best GFLOPs: 563.1123
2023-12-21 16:13:25 [INFO] [task_scheduler.cc:131] [Task #1: fused_nn_batch_matmul] Trial #140: GFLOPs: 266.1204. Time: 253.4062 us. Best GFLOPs: 563.1123
2023-12-21 16:13:25 [INFO] [task_scheduler.cc:131] [Task #1: fused_nn_batch_matmul] Trial #141: GFLOPs: 244.7436. Time: 275.5396 us. Best GFLOPs: 563.1123
2023-12-21 16:13:25 [INFO] [task_scheduler.cc:131] [Task #1: fused_nn_batch_matmul] Trial #142: GFLOPs: 221.3730. Time: 304.6287 us. Best GFLOPs: 563.1123
2023-12-21 16:13:25 [INFO] [task_scheduler.cc:131] [Task #1: fused_nn_batch_matmul] Trial #143: GFLOPs: 199.8624. Time: 337.4149 us. Best GFLOPs: 563.1123
2023-12-21 16:13:25 [INFO] [task_scheduler.cc:131] [Task #1: fused_nn_batch_matmul] Trial #144: GFLOPs: 197.4591. Time: 341.5217 us. Best GFLOPs: 563.1123
2023-12-21 16:13:25 [INFO] [task_scheduler.cc:131] [Task #1: fused_nn_batch_matmul] Trial #145: GFLOPs: 71.9886. Time: 936.7671 us. Best GFLOPs: 563.1123
2023-12-21 16:13:25 [INFO] [task_scheduler.cc:131] [Task #1: fused_nn_batch_matmul] Trial #146: GFLOPs: 69.8663. Time: 965.2230 us. Best GFLOPs: 563.1123
2023-12-21 16:13:25 [INFO] [task_scheduler.cc:131] [Task #1: fused_nn_batch_matmul] Trial #147: GFLOPs: 96.5865. Time: 698.1982 us. Best GFLOPs: 563.1123
2023-12-21 16:13:25 [INFO] [task_scheduler.cc:131] [Task #1: fused_nn_batch_matmul] Trial #148: GFLOPs: 62.6190. Time: 1076.9349 us. Best GFLOPs: 563.1123
2023-12-21 16:13:25 [INFO] [task_scheduler.cc:131] [Task #1: fused_nn_batch_matmul] Trial #149: GFLOPs: 422.4539. Time: 159.6305 us. Best GFLOPs: 563.1123
2023-12-21 16:13:25 [INFO] [task_scheduler.cc:131] [Task #1: fused_nn_batch_matmul] Trial #150: GFLOPs: 507.7450. Time: 132.8158 us. Best GFLOPs: 563.1123
2023-12-21 16:13:25 [INFO] [task_scheduler.cc:131] [Task #1: fused_nn_batch_matmul] Trial #151: GFLOPs: 28.8249. Time: 2339.5202 us. Best GFLOPs: 563.1123
2023-12-21 16:13:25 [INFO] [task_scheduler.cc:131] [Task #1: fused_nn_batch_matmul] Trial #152: GFLOPs: 442.9435. Time: 152.2464 us. Best GFLOPs: 563.1123
2023-12-21 16:13:25 [INFO] [task_scheduler.cc:131] [Task #1: fused_nn_batch_matmul] Trial #153: GFLOPs: 332.9279. Time: 202.5560 us. Best GFLOPs: 563.1123
2023-12-21 16:13:25 [INFO] [task_scheduler.cc:131] [Task #1: fused_nn_batch_matmul] Trial #154: GFLOPs: 278.2781. Time: 242.3351 us. Best GFLOPs: 563.1123
2023-12-21 16:13:25 [INFO] [task_scheduler.cc:131] [Task #1: fused_nn_batch_matmul] Trial #155: GFLOPs: 276.1840. Time: 244.1725 us. Best GFLOPs: 563.1123
2023-12-21 16:13:25 [INFO] [task_scheduler.cc:131] [Task #1: fused_nn_batch_matmul] Trial #156: GFLOPs: 223.9022. Time: 301.1875 us. Best GFLOPs: 563.1123
2023-12-21 16:13:25 [INFO] [task_scheduler.cc:131] [Task #1: fused_nn_batch_matmul] Trial #157: GFLOPs: 115.2196. Time: 585.2869 us. Best GFLOPs: 563.1123
2023-12-21 16:13:25 [INFO] [task_scheduler.cc:131] [Task #1: fused_nn_batch_matmul] Trial #158: GFLOPs: 37.0006. Time: 1822.5813 us. Best GFLOPs: 563.1123
2023-12-21 16:13:25 [INFO] [task_scheduler.cc:131] [Task #1: fused_nn_batch_matmul] Trial #159: GFLOPs: 151.3232. Time: 445.6458 us. Best GFLOPs: 563.1123
2023-12-21 16:13:25 [INFO] [task_scheduler.cc:131] [Task #1: fused_nn_batch_matmul] Trial #160: GFLOPs: 71.0439. Time: 949.2231 us. Best GFLOPs: 563.1123
2023-12-21 16:13:25 [INFO] [task_scheduler.cc:131] [Task #1: fused_nn_batch_matmul] Trial #161: GFLOPs: 100.8412. Time: 668.7403 us. Best GFLOPs: 563.1123
2023-12-21 16:13:25 [INFO] [task_scheduler.cc:131] [Task #1: fused_nn_batch_matmul] Trial #162: GFLOPs: 270.4225. Time: 249.3748 us. Best GFLOPs: 563.1123
2023-12-21 16:13:25 [INFO] [task_scheduler.cc:131] [Task #1: fused_nn_batch_matmul] Trial #163: GFLOPs: 40.4856. Time: 1665.6933 us. Best GFLOPs: 563.1123
2023-12-21 16:13:25 [INFO] [task_scheduler.cc:131] [Task #1: fused_nn_batch_matmul] Trial #164: GFLOPs: 109.8872. Time: 613.6886 us. Best GFLOPs: 563.1123
2023-12-21 16:13:25 [INFO] [task_scheduler.cc:131] [Task #1: fused_nn_batch_matmul] Trial #165: GFLOPs: 138.2698. Time: 487.7169 us. Best GFLOPs: 563.1123
2023-12-21 16:13:25 [INFO] [task_scheduler.cc:131] [Task #1: fused_nn_batch_matmul] Trial #166: GFLOPs: 154.6383. Time: 436.0920 us. Best GFLOPs: 563.1123
2023-12-21 16:13:25 [INFO] [task_scheduler.cc:131] [Task #1: fused_nn_batch_matmul] Trial #167: GFLOPs: 70.9572. Time: 950.3837 us. Best GFLOPs: 563.1123
2023-12-21 16:13:25 [INFO] [task_scheduler.cc:131] [Task #1: fused_nn_batch_matmul] Trial #168: GFLOPs: 38.7271. Time: 1741.3260 us. Best GFLOPs: 563.1123
2023-12-21 16:13:25 [INFO] [task_scheduler.cc:131] [Task #1: fused_nn_batch_matmul] Trial #169: GFLOPs: 271.2826. Time: 248.5841 us. Best GFLOPs: 563.1123
2023-12-21 16:13:25 [INFO] [task_scheduler.cc:131] [Task #1: fused_nn_batch_matmul] Trial #170: GFLOPs: 129.6606. Time: 520.1007 us. Best GFLOPs: 563.1123
2023-12-21 16:13:25 [INFO] [task_scheduler.cc:131] [Task #1: fused_nn_batch_matmul] Trial #171: GFLOPs: 94.6931. Time: 712.1590 us. Best GFLOPs: 563.1123
2023-12-21 16:13:25 [INFO] [task_scheduler.cc:131] [Task #1: fused_nn_batch_matmul] Trial #172: GFLOPs: 174.8328. Time: 385.7203 us. Best GFLOPs: 563.1123
2023-12-21 16:13:25 [INFO] [task_scheduler.cc:131] [Task #1: fused_nn_batch_matmul] Trial #173: GFLOPs: 128.1678. Time: 526.1581 us. Best GFLOPs: 563.1123
2023-12-21 16:13:25 [INFO] [task_scheduler.cc:131] [Task #1: fused_nn_batch_matmul] Trial #174: GFLOPs: 138.1874. Time: 488.0081 us. Best GFLOPs: 563.1123
2023-12-21 16:13:25 [INFO] [task_scheduler.cc:131] [Task #1: fused_nn_batch_matmul] Trial #175: GFLOPs: 100.9823. Time: 667.8057 us. Best GFLOPs: 563.1123
2023-12-21 16:13:25 [INFO] [task_scheduler.cc:131] [Task #1: fused_nn_batch_matmul] Trial #176: GFLOPs: 120.9688. Time: 557.4706 us. Best GFLOPs: 563.1123
2023-12-21 16:13:25 [INFO] [task_scheduler.cc:131] [Task #1: fused_nn_batch_matmul] Trial #177: GFLOPs: 197.0624. Time: 342.2092 us. Best GFLOPs: 563.1123
2023-12-21 16:13:25 [INFO] [task_scheduler.cc:131] [Task #1: fused_nn_batch_matmul] Trial #178: GFLOPs: 70.0686. Time: 962.4356 us. Best GFLOPs: 563.1123
2023-12-21 16:13:25 [INFO] [task_scheduler.cc:131] [Task #1: fused_nn_batch_matmul] Trial #179: GFLOPs: 70.5415. Time: 955.9838 us. Best GFLOPs: 563.1123
2023-12-21 16:13:25 [INFO] [task_scheduler.cc:131] [Task #1: fused_nn_batch_matmul] Trial #180: GFLOPs: 142.2443. Time: 474.0897 us. Best GFLOPs: 563.1123
2023-12-21 16:13:25 [INFO] [task_scheduler.cc:131] [Task #1: fused_nn_batch_matmul] Trial #181: GFLOPs: 72.0254. Time: 936.2890 us. Best GFLOPs: 563.1123
2023-12-21 16:13:25 [INFO] [task_scheduler.cc:131] [Task #1: fused_nn_batch_matmul] Trial #182: GFLOPs: 196.5325. Time: 343.1317 us. Best GFLOPs: 563.1123
2023-12-21 16:13:25 [INFO] [task_scheduler.cc:131] [Task #1: fused_nn_batch_matmul] Trial #183: GFLOPs: 197.7919. Time: 340.9469 us. Best GFLOPs: 563.1123
2023-12-21 16:13:25 [INFO] [task_scheduler.cc:131] [Task #1: fused_nn_batch_matmul] Trial #184: GFLOPs: 193.7039. Time: 348.1424 us. Best GFLOPs: 563.1123
2023-12-21 16:13:25 [INFO] [task_scheduler.cc:131] [Task #1: fused_nn_batch_matmul] Trial #185: GFLOPs: 35.9553. Time: 1875.5666 us. Best GFLOPs: 563.1123
2023-12-21 16:13:25 [INFO] [task_scheduler.cc:131] [Task #1: fused_nn_batch_matmul] Trial #186: GFLOPs: 391.2213. Time: 172.3744 us. Best GFLOPs: 563.1123
2023-12-21 16:13:25 [INFO] [task_scheduler.cc:131] [Task #1: fused_nn_batch_matmul] Trial #187: GFLOPs: 290.1062. Time: 232.4546 us. Best GFLOPs: 563.1123
2023-12-21 16:13:25 [INFO] [task_scheduler.cc:131] [Task #1: fused_nn_batch_matmul] Trial #188: GFLOPs: 55.3502. Time: 1218.3610 us. Best GFLOPs: 563.1123
2023-12-21 16:13:25 [INFO] [task_scheduler.cc:131] [Task #1: fused_nn_batch_matmul] Trial #189: GFLOPs: 514.1383. Time: 131.1642 us. Best GFLOPs: 563.1123
2023-12-21 16:13:25 [INFO] [task_scheduler.cc:131] [Task #1: fused_nn_batch_matmul] Trial #190: GFLOPs: 74.9165. Time: 900.1557 us. Best GFLOPs: 563.1123
2023-12-21 16:13:25 [INFO] [task_scheduler.cc:131] [Task #1: fused_nn_batch_matmul] Trial #191: GFLOPs: 217.7109. Time: 309.7527 us. Best GFLOPs: 563.1123
2023-12-21 16:13:25 [INFO] [task_scheduler.cc:131] [Task #1: fused_nn_batch_matmul] Trial #192: GFLOPs: 241.4236. Time: 279.3288 us. Best GFLOPs: 563.1123
2023-12-21 16:13:35 [INFO] [evolutionary_search.cc:713] Generating candidates......
2023-12-21 16:13:36 [INFO] [evolutionary_search.cc:715] Picked top 102 candidate(s) from database
2023-12-21 16:13:38 [INFO] [evolutionary_search.cc:533] Sample-Init-Population summary:
Postproc #0 [meta_schedule.DisallowDynamicLoop(0x9033568)]: 0 failure(s)
Postproc #1 [meta_schedule.RewriteParallelVectorizeUnroll(0x901f5c8)]: 0 failure(s)
Postproc #2 [meta_schedule.RewriteReductionBlock(0x9174eb8)]: 0 failure(s)
Postproc #3 [meta_schedule.RewriteLayout(0x9359e18)]: 0 failure(s)
2023-12-21 16:13:38 [INFO] [evolutionary_search.cc:723] Sampled 410 candidate(s)
2023-12-21 16:13:43 [INFO] [evolutionary_search.cc:621] Evolve iter #0 done. Summary:
Postproc #0 [meta_schedule.DisallowDynamicLoop(0x9033568)]: 0 failure(s)
Postproc #1 [meta_schedule.RewriteParallelVectorizeUnroll(0x901f5c8)]: 0 failure(s)
Postproc #2 [meta_schedule.RewriteReductionBlock(0x9174eb8)]: 0 failure(s)
Postproc #3 [meta_schedule.RewriteLayout(0x9359e18)]: 0 failure(s)
2023-12-21 16:13:47 [INFO] [evolutionary_search.cc:621] Evolve iter #1 done. Summary:
Postproc #0 [meta_schedule.DisallowDynamicLoop(0x9033568)]: 0 failure(s)
Postproc #1 [meta_schedule.RewriteParallelVectorizeUnroll(0x901f5c8)]: 0 failure(s)
Postproc #2 [meta_schedule.RewriteReductionBlock(0x9174eb8)]: 0 failure(s)
Postproc #3 [meta_schedule.RewriteLayout(0x9359e18)]: 0 failure(s)
2023-12-21 16:13:52 [INFO] [evolutionary_search.cc:621] Evolve iter #2 done. Summary:
Postproc #0 [meta_schedule.DisallowDynamicLoop(0x9033568)]: 0 failure(s)
Postproc #1 [meta_schedule.RewriteParallelVectorizeUnroll(0x901f5c8)]: 0 failure(s)
Postproc #2 [meta_schedule.RewriteReductionBlock(0x9174eb8)]: 0 failure(s)
Postproc #3 [meta_schedule.RewriteLayout(0x9359e18)]: 0 failure(s)
2023-12-21 16:13:57 [INFO] [evolutionary_search.cc:621] Evolve iter #3 done. Summary:
Postproc #0 [meta_schedule.DisallowDynamicLoop(0x9033568)]: 0 failure(s)
Postproc #1 [meta_schedule.RewriteParallelVectorizeUnroll(0x901f5c8)]: 0 failure(s)
Postproc #2 [meta_schedule.RewriteReductionBlock(0x9174eb8)]: 0 failure(s)
Postproc #3 [meta_schedule.RewriteLayout(0x9359e18)]: 0 failure(s)
2023-12-21 16:13:59 [INFO] [evolutionary_search.cc:649] Scores of the best 8 candidates:
[1 : 8]:	0.9634  0.9581  0.9534  0.9502  0.9502  0.9385  0.9334  0.9334
2023-12-21 16:14:00 [INFO] [evolutionary_search.cc:727] Got 8 candidate(s) with evolutionary search
2023-12-21 16:14:00 [INFO] [evolutionary_search.cc:730] Sending 8 candidates(s) for measurement
2023-12-21 16:14:06 [INFO] [task_scheduler.cc:131] [Task #1: fused_nn_batch_matmul] Trial #193: GFLOPs: 515.7051. Time: 130.7657 us. Best GFLOPs: 563.1123
2023-12-21 16:14:06 [INFO] [task_scheduler.cc:131] [Task #1: fused_nn_batch_matmul] Trial #194: GFLOPs: 316.7705. Time: 212.8877 us. Best GFLOPs: 563.1123
2023-12-21 16:14:06 [INFO] [task_scheduler.cc:131] [Task #1: fused_nn_batch_matmul] Trial #195: GFLOPs: 290.1403. Time: 232.4274 us. Best GFLOPs: 563.1123
2023-12-21 16:14:06 [INFO] [task_scheduler.cc:131] [Task #1: fused_nn_batch_matmul] Trial #196: GFLOPs: 370.6224. Time: 181.9548 us. Best GFLOPs: 563.1123
2023-12-21 16:14:06 [INFO] [task_scheduler.cc:131] [Task #1: fused_nn_batch_matmul] Trial #197: GFLOPs: 303.4195. Time: 222.2551 us. Best GFLOPs: 563.1123
2023-12-21 16:14:06 [INFO] [task_scheduler.cc:131] [Task #1: fused_nn_batch_matmul] Trial #198: GFLOPs: 551.2846. Time: 122.3262 us. Best GFLOPs: 563.1123
2023-12-21 16:14:06 [INFO] [task_scheduler.cc:131] [Task #1: fused_nn_batch_matmul] Trial #199: GFLOPs: 517.4633. Time: 130.3214 us. Best GFLOPs: 563.1123
2023-12-21 16:14:06 [INFO] [task_scheduler.cc:131] [Task #1: fused_nn_batch_matmul] Trial #200: GFLOPs: 540.3781. Time: 124.7951 us. Best GFLOPs: 563.1123
