Loading rhel8/default-amp
  Loading requirement: dot rhel8/slurm singularity/current rhel8/global
    cuda/11.4 libpciaccess/0.16/gcc-9.4.0-6fonbj6
    libiconv/1.16/gcc-9.4.0-ahebbov libxml2/2.9.12/gcc-9.4.0-gnknt5e
    ncurses/6.2/gcc-9.4.0-aiirok7 hwloc/2.5.0/gcc-9.4.0-7sqomga
    libevent/2.1.12/gcc-9.4.0-hgny7cm numactl/2.0.14/gcc-9.4.0-52dwc6n
    cuda/11.4.0/gcc-9.4.0-3hnxhjt gdrcopy/2.2/gcc-9.4.0-e4igtfp
    knem/1.1.4/gcc-9.4.0-bpbxgva libnl/3.3.0/gcc-9.4.0-whwhrwb
    rdma-core/34.0/gcc-9.4.0-5eo5n2u ucx/1.11.1/gcc-9.4.0-lktqyl4
    openmpi/4.1.1/gcc-9.4.0-epagguv
flatpak: symbol lookup error: /lib64/libk5crypto.so.3: undefined symbol: EVP_KDF_ctrl, version OPENSSL_1_1_1b
Changed directory to /home/fjr38.

JobID: 39317249
======
Time: Tue Dec 26 16:32:36 GMT 2023
Running on master node: gpu-q-15
Current directory: /home/fjr38

Nodes allocated:
================
gpu-q-15
==================== Activating conda environment ====================
no change     /usr/local/software/archive/linux-scientific7-x86_64/gcc-9/miniconda3-4.7.12.1-rmuek6r3f6p3v6fdj7o2klyzta3qhslh/condabin/conda
no change     /usr/local/software/archive/linux-scientific7-x86_64/gcc-9/miniconda3-4.7.12.1-rmuek6r3f6p3v6fdj7o2klyzta3qhslh/bin/conda
no change     /usr/local/software/archive/linux-scientific7-x86_64/gcc-9/miniconda3-4.7.12.1-rmuek6r3f6p3v6fdj7o2klyzta3qhslh/bin/conda-env
no change     /usr/local/software/archive/linux-scientific7-x86_64/gcc-9/miniconda3-4.7.12.1-rmuek6r3f6p3v6fdj7o2klyzta3qhslh/bin/activate
no change     /usr/local/software/archive/linux-scientific7-x86_64/gcc-9/miniconda3-4.7.12.1-rmuek6r3f6p3v6fdj7o2klyzta3qhslh/bin/deactivate
no change     /usr/local/software/archive/linux-scientific7-x86_64/gcc-9/miniconda3-4.7.12.1-rmuek6r3f6p3v6fdj7o2klyzta3qhslh/etc/profile.d/conda.sh
no change     /usr/local/software/archive/linux-scientific7-x86_64/gcc-9/miniconda3-4.7.12.1-rmuek6r3f6p3v6fdj7o2klyzta3qhslh/etc/fish/conf.d/conda.fish
no change     /usr/local/software/archive/linux-scientific7-x86_64/gcc-9/miniconda3-4.7.12.1-rmuek6r3f6p3v6fdj7o2klyzta3qhslh/shell/condabin/Conda.psm1
no change     /usr/local/software/archive/linux-scientific7-x86_64/gcc-9/miniconda3-4.7.12.1-rmuek6r3f6p3v6fdj7o2klyzta3qhslh/shell/condabin/conda-hook.ps1
no change     /usr/local/software/archive/linux-scientific7-x86_64/gcc-9/miniconda3-4.7.12.1-rmuek6r3f6p3v6fdj7o2klyzta3qhslh/lib/python3.7/site-packages/xontrib/conda.xsh
no change     /usr/local/software/archive/linux-scientific7-x86_64/gcc-9/miniconda3-4.7.12.1-rmuek6r3f6p3v6fdj7o2klyzta3qhslh/etc/profile.d/conda.csh
no change     /home/fjr38/.bashrc
No action taken.
# conda environments:
#
triton                   /home/fjr38/.conda/envs/triton
tvm-build                /home/fjr38/.conda/envs/tvm-build
                         /rds/user/fjr38/hpc-work/.conda/tvm-env
base                  *  /usr/local/software/archive/linux-scientific7-x86_64/gcc-9/miniconda3-4.7.12.1-rmuek6r3f6p3v6fdj7o2klyzta3qhslh
# conda environments:
#
triton                   /home/fjr38/.conda/envs/triton
tvm-build             *  /home/fjr38/.conda/envs/tvm-build
                         /rds/user/fjr38/hpc-work/.conda/tvm-env
base                     /usr/local/software/archive/linux-scientific7-x86_64/gcc-9/miniconda3-4.7.12.1-rmuek6r3f6p3v6fdj7o2klyzta3qhslh
> Python path : /home/fjr38/.conda/envs/tvm-build/bin/python
> Python version: Python 3.8.18
==================== Run program ====================
Tue Dec 26 16:32:39 GMT 2023
2023-12-26 16:33:11 [INFO] Logging directory: Results/TVM-MetaSchedule/matmul/A100/2250-trials/logs
2023-12-26 16:33:23 [INFO] LocalBuilder: max_workers = 128
2023-12-26 16:33:23 [INFO] LocalRunner: max_workers = 1
2023-12-26 16:33:24 [INFO] [task_scheduler.cc:159] Initializing Task #0: "fused_transpose"
2023-12-26 16:33:25 [INFO] [task_scheduler.cc:159] Initializing Task #1: "fused_nn_dense"
2023-12-26 16:33:27 [INFO] [task_scheduler.cc:159] Initializing Task #2: "fused_squeeze"
2023-12-26 16:33:27 [INFO] [task_scheduler.cc:320] 
 ID |            Name |        FLOP | Weight | Speed (GFLOPS) | Latency (us) | Weighted Latency (us) | Trials | Done 
---------------------------------------------------------------------------------------------------------------------
  0 | fused_transpose |           1 |      1 |            N/A |          N/A |                   N/A |      0 |      
  1 |  fused_nn_dense | 17179869184 |      1 |            N/A |          N/A |                   N/A |      0 |      
  2 |   fused_squeeze |           1 |      1 |            N/A |          N/A |                   N/A |      0 |      
---------------------------------------------------------------------------------------------------------------------
Total trials: 0
Total latency (us): 0

2023-12-26 16:33:27 [INFO] [task_scheduler.cc:180] TaskScheduler picks Task #0: "fused_transpose"
2023-12-26 16:33:29 [INFO] [task_scheduler.cc:193] Sending 1 sample(s) to builder
2023-12-26 16:33:32 [INFO] [task_scheduler.cc:195] Sending 1 sample(s) to runner
2023-12-26 16:33:33 [INFO] [task_scheduler.cc:180] TaskScheduler picks Task #1: "fused_nn_dense"
2023-12-26 16:35:23 [INFO] [task_scheduler.cc:193] Sending 64 sample(s) to builder
2023-12-26 16:35:35 [INFO] [task_scheduler.cc:195] Sending 64 sample(s) to runner
2023-12-26 16:36:59 [INFO] [task_scheduler.cc:180] TaskScheduler picks Task #2: "fused_squeeze"
2023-12-26 16:37:01 [INFO] [task_scheduler.cc:193] Sending 1 sample(s) to builder
2023-12-26 16:37:02 [INFO] [task_scheduler.cc:195] Sending 1 sample(s) to runner
2023-12-26 16:37:03 [DEBUG] XGB iter   0: tr-p-rmse: 0.450000	tr-a-peak@32: 1.000000	tr-rmse: 0.450000	tr-rmse: 0.450000
2023-12-26 16:37:04 [DEBUG] XGB iter  25: tr-p-rmse: 0.032305	tr-a-peak@32: 1.000000	tr-rmse: 0.032305	tr-rmse: 0.032305
2023-12-26 16:37:04 [DEBUG] XGB iter  50: tr-p-rmse: 0.002319	tr-a-peak@32: 1.000000	tr-rmse: 0.002319	tr-rmse: 0.002319
2023-12-26 16:37:04 [DEBUG] XGB iter  75: tr-p-rmse: 0.000166	tr-a-peak@32: 1.000000	tr-rmse: 0.000166	tr-rmse: 0.000166
2023-12-26 16:37:04 [DEBUG] XGB iter 100: tr-p-rmse: 0.000012	tr-a-peak@32: 1.000000	tr-rmse: 0.000012	tr-rmse: 0.000012
2023-12-26 16:37:04 [DEBUG] XGB iter 125: tr-p-rmse: 0.000001	tr-a-peak@32: 1.000000	tr-rmse: 0.000001	tr-rmse: 0.000001
2023-12-26 16:37:04 [DEBUG] XGB iter 150: tr-p-rmse: 0.000000	tr-a-peak@32: 1.000000	tr-rmse: 0.000000	tr-rmse: 0.000000
2023-12-26 16:37:04 [DEBUG] XGB iter 175: tr-p-rmse: 0.000000	tr-a-peak@32: 1.000000	tr-rmse: 0.000000	tr-rmse: 0.000000
2023-12-26 16:37:04 [DEBUG] XGB stopped. Best iteration: [131] tr-p-rmse:0.00000	tr-a-peak@32:1.00000	tr-rmse:0.00000	tr-rmse:0.00000 
2023-12-26 16:37:04 [INFO] [task_scheduler.cc:237] [Updated] Task #0: "fused_transpose"
2023-12-26 16:37:04 [INFO] [task_scheduler.cc:320] 
 ID |            Name |        FLOP | Weight | Speed (GFLOPS) | Latency (us) | Weighted Latency (us) | Trials | Done 
---------------------------------------------------------------------------------------------------------------------
  0 | fused_transpose |           1 |      1 |         0.0000 |      56.2310 |               56.2310 |      1 |      
  1 |  fused_nn_dense | 17179869184 |      1 |            N/A |          N/A |                   N/A |      0 |      
  2 |   fused_squeeze |           1 |      1 |            N/A |          N/A |                   N/A |      0 |      
---------------------------------------------------------------------------------------------------------------------
Total trials: 1
Total latency (us): 56.231

2023-12-26 16:37:05 [DEBUG] XGB iter   0: tr-p-rmse: 0.649114	tr-a-peak@32: 0.951892	tr-rmse: 0.391325	tr-rmse: 0.391325
2023-12-26 16:37:05 [DEBUG] XGB iter  25: tr-p-rmse: 0.047403	tr-a-peak@32: 1.000000	tr-rmse: 0.448264	tr-rmse: 0.448264
2023-12-26 16:37:06 [DEBUG] XGB iter  50: tr-p-rmse: 0.047416	tr-a-peak@32: 1.000000	tr-rmse: 0.448251	tr-rmse: 0.448251
2023-12-26 16:37:06 [DEBUG] XGB stopped. Best iteration: [22] tr-p-rmse:0.04723	tr-a-peak@32:1.00000	tr-rmse:0.44843	tr-rmse:0.44843 
2023-12-26 16:37:06 [INFO] [task_scheduler.cc:237] [Updated] Task #1: "fused_nn_dense"
2023-12-26 16:37:06 [INFO] [task_scheduler.cc:320] 
 ID |            Name |        FLOP | Weight | Speed (GFLOPS) | Latency (us) | Weighted Latency (us) | Trials | Done 
---------------------------------------------------------------------------------------------------------------------
  0 | fused_transpose |           1 |      1 |         0.0000 |      56.2310 |               56.2310 |      1 |      
  1 |  fused_nn_dense | 17179869184 |      1 |    120963.7383 |     142.0250 |              142.0250 |     64 |      
  2 |   fused_squeeze |           1 |      1 |            N/A |          N/A |                   N/A |      0 |      
---------------------------------------------------------------------------------------------------------------------
Total trials: 65
Total latency (us): 198.256

2023-12-26 16:37:06 [INFO] [task_scheduler.cc:237] [Updated] Task #2: "fused_squeeze"
2023-12-26 16:37:06 [INFO] [task_scheduler.cc:320] 
 ID |            Name |        FLOP | Weight | Speed (GFLOPS) | Latency (us) | Weighted Latency (us) | Trials | Done 
---------------------------------------------------------------------------------------------------------------------
  0 | fused_transpose |           1 |      1 |         0.0000 |      56.2310 |               56.2310 |      1 |      
  1 |  fused_nn_dense | 17179869184 |      1 |    120963.7383 |     142.0250 |              142.0250 |     64 |      
  2 |   fused_squeeze |           1 |      1 |         0.0001 |       9.1080 |                9.1080 |      1 |      
---------------------------------------------------------------------------------------------------------------------
Total trials: 66
Total latency (us): 207.364

2023-12-26 16:37:06 [INFO] [task_scheduler.cc:180] TaskScheduler picks Task #1: "fused_nn_dense"
2023-12-26 16:38:45 [INFO] [task_scheduler.cc:193] Sending 64 sample(s) to builder
2023-12-26 16:38:58 [INFO] [task_scheduler.cc:195] Sending 64 sample(s) to runner
2023-12-26 16:40:28 [DEBUG] XGB validation: p-rmse: 0.246146	a-peak@32: 0.920060
2023-12-26 16:40:28 [DEBUG] XGB iter   0: tr-p-rmse: 0.646149	tr-a-peak@32: 0.777495	tr-rmse: 0.367760	tr-rmse: 0.367760
2023-12-26 16:40:28 [DEBUG] XGB iter  25: tr-p-rmse: 0.049111	tr-a-peak@32: 1.000000	tr-rmse: 0.424939	tr-rmse: 0.424939
2023-12-26 16:40:28 [DEBUG] XGB iter  50: tr-p-rmse: 0.049112	tr-a-peak@32: 1.000000	tr-rmse: 0.424938	tr-rmse: 0.424938
2023-12-26 16:40:28 [DEBUG] XGB stopped. Best iteration: [20] tr-p-rmse:0.04902	tr-a-peak@32:1.00000	tr-rmse:0.42504	tr-rmse:0.42504 
2023-12-26 16:40:28 [INFO] [task_scheduler.cc:237] [Updated] Task #1: "fused_nn_dense"
2023-12-26 16:40:28 [INFO] [task_scheduler.cc:320] 
 ID |            Name |        FLOP | Weight | Speed (GFLOPS) | Latency (us) | Weighted Latency (us) | Trials | Done 
---------------------------------------------------------------------------------------------------------------------
  0 | fused_transpose |           1 |      1 |         0.0000 |      56.2310 |               56.2310 |      1 |      
  1 |  fused_nn_dense | 17179869184 |      1 |    122124.4155 |     140.6751 |              140.6751 |    128 |      
  2 |   fused_squeeze |           1 |      1 |         0.0001 |       9.1080 |                9.1080 |      1 |      
---------------------------------------------------------------------------------------------------------------------
Total trials: 130
Total latency (us): 206.014

2023-12-26 16:40:28 [INFO] [task_scheduler.cc:180] TaskScheduler picks Task #1: "fused_nn_dense"
2023-12-26 16:42:35 [INFO] [task_scheduler.cc:193] Sending 63 sample(s) to builder
2023-12-26 16:42:46 [INFO] [task_scheduler.cc:195] Sending 63 sample(s) to runner
2023-12-26 16:44:15 [DEBUG] XGB validation: p-rmse: 0.177128	a-peak@32: 0.947462
2023-12-26 16:44:15 [DEBUG] XGB iter   0: tr-p-rmse: 0.572192	tr-a-peak@32: 0.999924	tr-rmse: 0.389341	tr-rmse: 0.389341
2023-12-26 16:44:15 [DEBUG] XGB iter  25: tr-p-rmse: 0.046434	tr-a-peak@32: 0.999250	tr-rmse: 0.467236	tr-rmse: 0.467236
2023-12-26 16:44:15 [DEBUG] XGB iter  50: tr-p-rmse: 0.046434	tr-a-peak@32: 0.999250	tr-rmse: 0.467235	tr-rmse: 0.467235
2023-12-26 16:44:16 [DEBUG] XGB stopped. Best iteration: [20] tr-p-rmse:0.04639	tr-a-peak@32:0.99925	tr-rmse:0.46729	tr-rmse:0.46729 
2023-12-26 16:44:16 [INFO] [task_scheduler.cc:237] [Updated] Task #1: "fused_nn_dense"
2023-12-26 16:44:16 [INFO] [task_scheduler.cc:320] 
 ID |            Name |        FLOP | Weight | Speed (GFLOPS) | Latency (us) | Weighted Latency (us) | Trials | Done 
---------------------------------------------------------------------------------------------------------------------
  0 | fused_transpose |           1 |      1 |         0.0000 |      56.2310 |               56.2310 |      1 |      
  1 |  fused_nn_dense | 17179869184 |      1 |    143707.1098 |     119.5478 |              119.5478 |    191 |      
  2 |   fused_squeeze |           1 |      1 |         0.0001 |       9.1080 |                9.1080 |      1 |      
---------------------------------------------------------------------------------------------------------------------
Total trials: 193
Total latency (us): 184.887

2023-12-26 16:44:16 [INFO] [task_scheduler.cc:180] TaskScheduler picks Task #0: "fused_transpose"
2023-12-26 16:44:20 [INFO] [task_scheduler.cc:193] Sending 0 sample(s) to builder
2023-12-26 16:44:20 [INFO] [task_scheduler.cc:195] Sending 0 sample(s) to runner
2023-12-26 16:44:20 [INFO] [task_scheduler.cc:237] [Updated] Task #0: "fused_transpose"
2023-12-26 16:44:20 [INFO] [task_scheduler.cc:320] 
 ID |            Name |        FLOP | Weight | Speed (GFLOPS) | Latency (us) | Weighted Latency (us) | Trials | Done 
---------------------------------------------------------------------------------------------------------------------
  0 | fused_transpose |           1 |      1 |         0.0000 |      56.2310 |               56.2310 |      1 |      
  1 |  fused_nn_dense | 17179869184 |      1 |    143707.1098 |     119.5478 |              119.5478 |    191 |      
  2 |   fused_squeeze |           1 |      1 |         0.0001 |       9.1080 |                9.1080 |      1 |      
---------------------------------------------------------------------------------------------------------------------
Total trials: 193
Total latency (us): 184.887

2023-12-26 16:44:20 [INFO] [task_scheduler.cc:180] TaskScheduler picks Task #1: "fused_nn_dense"
2023-12-26 16:46:29 [INFO] [task_scheduler.cc:193] Sending 64 sample(s) to builder
2023-12-26 16:46:37 [INFO] [task_scheduler.cc:195] Sending 64 sample(s) to runner
2023-12-26 16:48:07 [DEBUG] XGB validation: p-rmse: 0.086863	a-peak@32: 0.985359
2023-12-26 16:48:07 [DEBUG] XGB iter   0: tr-p-rmse: 0.503011	tr-a-peak@32: 0.984628	tr-rmse: 0.456573	tr-rmse: 0.456573
2023-12-26 16:48:08 [DEBUG] XGB iter  25: tr-p-rmse: 0.044765	tr-a-peak@32: 0.996451	tr-rmse: 0.531838	tr-rmse: 0.531838
2023-12-26 16:48:08 [DEBUG] XGB iter  50: tr-p-rmse: 0.044766	tr-a-peak@32: 0.996451	tr-rmse: 0.531837	tr-rmse: 0.531837
2023-12-26 16:48:08 [DEBUG] XGB stopped. Best iteration: [20] tr-p-rmse:0.04474	tr-a-peak@32:0.99645	tr-rmse:0.53187	tr-rmse:0.53187 
2023-12-26 16:48:08 [INFO] [task_scheduler.cc:237] [Updated] Task #1: "fused_nn_dense"
2023-12-26 16:48:08 [INFO] [task_scheduler.cc:320] 
 ID |            Name |        FLOP | Weight | Speed (GFLOPS) | Latency (us) | Weighted Latency (us) | Trials | Done 
---------------------------------------------------------------------------------------------------------------------
  0 | fused_transpose |           1 |      1 |         0.0000 |      56.2310 |               56.2310 |      1 |      
  1 |  fused_nn_dense | 17179869184 |      1 |    144729.5949 |     118.7032 |              118.7032 |    255 |      
  2 |   fused_squeeze |           1 |      1 |         0.0001 |       9.1080 |                9.1080 |      1 |      
---------------------------------------------------------------------------------------------------------------------
Total trials: 257
Total latency (us): 184.042

2023-12-26 16:48:08 [INFO] [task_scheduler.cc:180] TaskScheduler picks Task #1: "fused_nn_dense"
2023-12-26 16:50:08 [INFO] [task_scheduler.cc:193] Sending 64 sample(s) to builder
2023-12-26 16:50:15 [INFO] [task_scheduler.cc:195] Sending 64 sample(s) to runner
2023-12-26 16:51:46 [DEBUG] XGB validation: p-rmse: 0.059236	a-peak@32: 0.988320
2023-12-26 16:51:46 [DEBUG] XGB iter   0: tr-p-rmse: 0.465827	tr-a-peak@32: 0.968747	tr-rmse: 0.482209	tr-rmse: 0.482209
2023-12-26 16:51:47 [DEBUG] XGB iter  25: tr-p-rmse: 0.036991	tr-a-peak@32: 0.999765	tr-rmse: 0.556900	tr-rmse: 0.556900
2023-12-26 16:51:47 [DEBUG] XGB iter  50: tr-p-rmse: 0.036991	tr-a-peak@32: 0.999765	tr-rmse: 0.556900	tr-rmse: 0.556900
2023-12-26 16:51:47 [DEBUG] XGB stopped. Best iteration: [20] tr-p-rmse:0.03698	tr-a-peak@32:0.99977	tr-rmse:0.55692	tr-rmse:0.55692 
2023-12-26 16:51:47 [INFO] [task_scheduler.cc:237] [Updated] Task #1: "fused_nn_dense"
2023-12-26 16:51:47 [INFO] [task_scheduler.cc:320] 
 ID |            Name |        FLOP | Weight | Speed (GFLOPS) | Latency (us) | Weighted Latency (us) | Trials | Done 
---------------------------------------------------------------------------------------------------------------------
  0 | fused_transpose |           1 |      1 |         0.0000 |      56.2310 |               56.2310 |      1 |      
  1 |  fused_nn_dense | 17179869184 |      1 |    146833.9565 |     117.0020 |              117.0020 |    319 |      
  2 |   fused_squeeze |           1 |      1 |         0.0001 |       9.1080 |                9.1080 |      1 |      
---------------------------------------------------------------------------------------------------------------------
Total trials: 321
Total latency (us): 182.341

2023-12-26 16:51:47 [INFO] [task_scheduler.cc:180] TaskScheduler picks Task #0: "fused_transpose"
2023-12-26 16:51:52 [INFO] [task_scheduler.cc:193] Sending 0 sample(s) to builder
2023-12-26 16:51:52 [INFO] [task_scheduler.cc:195] Sending 0 sample(s) to runner
2023-12-26 16:51:52 [INFO] [task_scheduler.cc:237] [Updated] Task #0: "fused_transpose"
2023-12-26 16:51:52 [INFO] [task_scheduler.cc:320] 
 ID |            Name |        FLOP | Weight | Speed (GFLOPS) | Latency (us) | Weighted Latency (us) | Trials | Done 
---------------------------------------------------------------------------------------------------------------------
  0 | fused_transpose |           1 |      1 |         0.0000 |      56.2310 |               56.2310 |      1 |      
  1 |  fused_nn_dense | 17179869184 |      1 |    146833.9565 |     117.0020 |              117.0020 |    319 |      
  2 |   fused_squeeze |           1 |      1 |         0.0001 |       9.1080 |                9.1080 |      1 |      
---------------------------------------------------------------------------------------------------------------------
Total trials: 321
Total latency (us): 182.341

2023-12-26 16:51:52 [INFO] [task_scheduler.cc:180] TaskScheduler picks Task #1: "fused_nn_dense"
2023-12-26 16:54:04 [INFO] [task_scheduler.cc:193] Sending 64 sample(s) to builder
2023-12-26 16:54:18 [INFO] [task_scheduler.cc:195] Sending 64 sample(s) to runner
2023-12-26 16:55:49 [DEBUG] XGB validation: p-rmse: 0.047598	a-peak@32: 0.996764
2023-12-26 16:55:49 [DEBUG] XGB iter   0: tr-p-rmse: 0.438977	tr-a-peak@32: 0.969610	tr-rmse: 0.501511	tr-rmse: 0.501511
2023-12-26 16:55:49 [DEBUG] XGB iter  25: tr-p-rmse: 0.033379	tr-a-peak@32: 1.000000	tr-rmse: 0.575523	tr-rmse: 0.575523
2023-12-26 16:55:50 [DEBUG] XGB iter  50: tr-p-rmse: 0.033377	tr-a-peak@32: 1.000000	tr-rmse: 0.575528	tr-rmse: 0.575528
2023-12-26 16:55:50 [DEBUG] XGB iter  75: tr-p-rmse: 0.033377	tr-a-peak@32: 1.000000	tr-rmse: 0.575528	tr-rmse: 0.575528
2023-12-26 16:55:50 [DEBUG] XGB stopped. Best iteration: [27] tr-p-rmse:0.03338	tr-a-peak@32:1.00000	tr-rmse:0.57553	tr-rmse:0.57553 
2023-12-26 16:55:50 [INFO] [task_scheduler.cc:237] [Updated] Task #1: "fused_nn_dense"
2023-12-26 16:55:50 [INFO] [task_scheduler.cc:320] 
 ID |            Name |        FLOP | Weight | Speed (GFLOPS) | Latency (us) | Weighted Latency (us) | Trials | Done 
---------------------------------------------------------------------------------------------------------------------
  0 | fused_transpose |           1 |      1 |         0.0000 |      56.2310 |               56.2310 |      1 |      
  1 |  fused_nn_dense | 17179869184 |      1 |    146833.9565 |     117.0020 |              117.0020 |    383 |      
  2 |   fused_squeeze |           1 |      1 |         0.0001 |       9.1080 |                9.1080 |      1 |      
---------------------------------------------------------------------------------------------------------------------
Total trials: 385
Total latency (us): 182.341

2023-12-26 16:55:50 [INFO] [task_scheduler.cc:180] TaskScheduler picks Task #1: "fused_nn_dense"
2023-12-26 16:58:02 [INFO] [task_scheduler.cc:193] Sending 64 sample(s) to builder
2023-12-26 16:58:11 [INFO] [task_scheduler.cc:195] Sending 64 sample(s) to runner
2023-12-26 16:59:42 [DEBUG] XGB validation: p-rmse: 0.035282	a-peak@32: 0.992140
2023-12-26 16:59:42 [INFO] [task_scheduler.cc:237] [Updated] Task #1: "fused_nn_dense"
2023-12-26 16:59:42 [INFO] [task_scheduler.cc:320] 
 ID |            Name |        FLOP | Weight | Speed (GFLOPS) | Latency (us) | Weighted Latency (us) | Trials | Done 
---------------------------------------------------------------------------------------------------------------------
  0 | fused_transpose |           1 |      1 |         0.0000 |      56.2310 |               56.2310 |      1 |      
  1 |  fused_nn_dense | 17179869184 |      1 |    146833.9565 |     117.0020 |              117.0020 |    447 |      
  2 |   fused_squeeze |           1 |      1 |         0.0001 |       9.1080 |                9.1080 |      1 |      
---------------------------------------------------------------------------------------------------------------------
Total trials: 449
Total latency (us): 182.341

2023-12-26 16:59:42 [INFO] [task_scheduler.cc:180] TaskScheduler picks Task #0: "fused_transpose"
2023-12-26 16:59:47 [INFO] [task_scheduler.cc:193] Sending 0 sample(s) to builder
2023-12-26 16:59:47 [INFO] [task_scheduler.cc:195] Sending 0 sample(s) to runner
2023-12-26 16:59:47 [INFO] [task_scheduler.cc:237] [Updated] Task #0: "fused_transpose"
2023-12-26 16:59:47 [INFO] [task_scheduler.cc:320] 
 ID |            Name |        FLOP | Weight | Speed (GFLOPS) | Latency (us) | Weighted Latency (us) | Trials | Done 
---------------------------------------------------------------------------------------------------------------------
  0 | fused_transpose |           1 |      1 |         0.0000 |      56.2310 |               56.2310 |      1 |      
  1 |  fused_nn_dense | 17179869184 |      1 |    146833.9565 |     117.0020 |              117.0020 |    447 |      
  2 |   fused_squeeze |           1 |      1 |         0.0001 |       9.1080 |                9.1080 |      1 |      
---------------------------------------------------------------------------------------------------------------------
Total trials: 449
Total latency (us): 182.341

2023-12-26 16:59:47 [INFO] [task_scheduler.cc:180] TaskScheduler picks Task #1: "fused_nn_dense"
2023-12-26 17:01:58 [INFO] [task_scheduler.cc:193] Sending 64 sample(s) to builder
2023-12-26 17:02:05 [INFO] [task_scheduler.cc:195] Sending 64 sample(s) to runner
2023-12-26 17:03:36 [DEBUG] XGB validation: p-rmse: 0.020267	a-peak@32: 0.989651
2023-12-26 17:03:37 [DEBUG] XGB iter   0: tr-p-rmse: 0.396051	tr-a-peak@32: 0.985411	tr-rmse: 0.523789	tr-rmse: 0.523789
2023-12-26 17:03:37 [DEBUG] XGB iter  25: tr-p-rmse: 0.029701	tr-a-peak@32: 0.999266	tr-rmse: 0.597072	tr-rmse: 0.597072
2023-12-26 17:03:37 [DEBUG] XGB iter  50: tr-p-rmse: 0.029701	tr-a-peak@32: 0.999266	tr-rmse: 0.597072	tr-rmse: 0.597072
2023-12-26 17:03:38 [DEBUG] XGB stopped. Best iteration: [20] tr-p-rmse:0.02969	tr-a-peak@32:0.99927	tr-rmse:0.59709	tr-rmse:0.59709 
2023-12-26 17:03:38 [INFO] [task_scheduler.cc:237] [Updated] Task #1: "fused_nn_dense"
2023-12-26 17:03:38 [INFO] [task_scheduler.cc:320] 
 ID |            Name |        FLOP | Weight | Speed (GFLOPS) | Latency (us) | Weighted Latency (us) | Trials | Done 
---------------------------------------------------------------------------------------------------------------------
  0 | fused_transpose |           1 |      1 |         0.0000 |      56.2310 |               56.2310 |      1 |      
  1 |  fused_nn_dense | 17179869184 |      1 |    147117.1337 |     116.7768 |              116.7768 |    511 |      
  2 |   fused_squeeze |           1 |      1 |         0.0001 |       9.1080 |                9.1080 |      1 |      
---------------------------------------------------------------------------------------------------------------------
Total trials: 513
Total latency (us): 182.116

2023-12-26 17:03:38 [INFO] [task_scheduler.cc:180] TaskScheduler picks Task #1: "fused_nn_dense"
2023-12-26 17:05:48 [INFO] [task_scheduler.cc:193] Sending 64 sample(s) to builder
2023-12-26 17:05:57 [INFO] [task_scheduler.cc:195] Sending 64 sample(s) to runner
2023-12-26 17:07:27 [DEBUG] XGB validation: p-rmse: 0.035948	a-peak@32: 0.999813
2023-12-26 17:07:27 [INFO] [task_scheduler.cc:237] [Updated] Task #1: "fused_nn_dense"
2023-12-26 17:07:27 [INFO] [task_scheduler.cc:320] 
 ID |            Name |        FLOP | Weight | Speed (GFLOPS) | Latency (us) | Weighted Latency (us) | Trials | Done 
---------------------------------------------------------------------------------------------------------------------
  0 | fused_transpose |           1 |      1 |         0.0000 |      56.2310 |               56.2310 |      1 |      
  1 |  fused_nn_dense | 17179869184 |      1 |    147117.1337 |     116.7768 |              116.7768 |    575 |      
  2 |   fused_squeeze |           1 |      1 |         0.0001 |       9.1080 |                9.1080 |      1 |      
---------------------------------------------------------------------------------------------------------------------
Total trials: 577
Total latency (us): 182.116

2023-12-26 17:07:27 [INFO] [task_scheduler.cc:180] TaskScheduler picks Task #0: "fused_transpose"
2023-12-26 17:07:32 [INFO] [task_scheduler.cc:193] Sending 0 sample(s) to builder
2023-12-26 17:07:32 [INFO] [task_scheduler.cc:195] Sending 0 sample(s) to runner
2023-12-26 17:07:32 [INFO] [task_scheduler.cc:237] [Updated] Task #0: "fused_transpose"
2023-12-26 17:07:32 [INFO] [task_scheduler.cc:320] 
 ID |            Name |        FLOP | Weight | Speed (GFLOPS) | Latency (us) | Weighted Latency (us) | Trials | Done 
---------------------------------------------------------------------------------------------------------------------
  0 | fused_transpose |           1 |      1 |         0.0000 |      56.2310 |               56.2310 |      1 |      
  1 |  fused_nn_dense | 17179869184 |      1 |    147117.1337 |     116.7768 |              116.7768 |    575 |      
  2 |   fused_squeeze |           1 |      1 |         0.0001 |       9.1080 |                9.1080 |      1 |      
---------------------------------------------------------------------------------------------------------------------
Total trials: 577
Total latency (us): 182.116

2023-12-26 17:07:32 [INFO] [task_scheduler.cc:180] TaskScheduler picks Task #1: "fused_nn_dense"
2023-12-26 17:09:41 [INFO] [task_scheduler.cc:193] Sending 64 sample(s) to builder
2023-12-26 17:09:48 [INFO] [task_scheduler.cc:195] Sending 64 sample(s) to runner
2023-12-26 17:11:19 [DEBUG] XGB validation: p-rmse: 0.057332	a-peak@32: 0.999365
2023-12-26 17:11:19 [DEBUG] XGB iter   0: tr-p-rmse: 0.384039	tr-a-peak@32: 0.994403	tr-rmse: 0.536284	tr-rmse: 0.536284
2023-12-26 17:11:20 [DEBUG] XGB iter  25: tr-p-rmse: 0.026153	tr-a-peak@32: 0.998261	tr-rmse: 0.608184	tr-rmse: 0.608184
2023-12-26 17:11:20 [DEBUG] XGB iter  50: tr-p-rmse: 0.026153	tr-a-peak@32: 0.998261	tr-rmse: 0.608185	tr-rmse: 0.608185
2023-12-26 17:11:21 [DEBUG] XGB iter  75: tr-p-rmse: 0.026153	tr-a-peak@32: 0.998261	tr-rmse: 0.608185	tr-rmse: 0.608185
2023-12-26 17:11:21 [DEBUG] XGB stopped. Best iteration: [25] tr-p-rmse:0.02615	tr-a-peak@32:0.99826	tr-rmse:0.60818	tr-rmse:0.60818 
2023-12-26 17:11:21 [INFO] [task_scheduler.cc:237] [Updated] Task #1: "fused_nn_dense"
2023-12-26 17:11:21 [INFO] [task_scheduler.cc:320] 
 ID |            Name |        FLOP | Weight | Speed (GFLOPS) | Latency (us) | Weighted Latency (us) | Trials | Done 
---------------------------------------------------------------------------------------------------------------------
  0 | fused_transpose |           1 |      1 |         0.0000 |      56.2310 |               56.2310 |      1 |      
  1 |  fused_nn_dense | 17179869184 |      1 |    147117.1337 |     116.7768 |              116.7768 |    639 |      
  2 |   fused_squeeze |           1 |      1 |         0.0001 |       9.1080 |                9.1080 |      1 |      
---------------------------------------------------------------------------------------------------------------------
Total trials: 641
Total latency (us): 182.116

2023-12-26 17:11:21 [INFO] [task_scheduler.cc:180] TaskScheduler picks Task #1: "fused_nn_dense"
2023-12-26 17:13:32 [INFO] [task_scheduler.cc:193] Sending 64 sample(s) to builder
2023-12-26 17:13:41 [INFO] [task_scheduler.cc:195] Sending 64 sample(s) to runner
2023-12-26 17:15:11 [DEBUG] XGB validation: p-rmse: 0.034469	a-peak@32: 0.998903
2023-12-26 17:15:11 [INFO] [task_scheduler.cc:237] [Updated] Task #1: "fused_nn_dense"
2023-12-26 17:15:11 [INFO] [task_scheduler.cc:320] 
 ID |            Name |        FLOP | Weight | Speed (GFLOPS) | Latency (us) | Weighted Latency (us) | Trials | Done 
---------------------------------------------------------------------------------------------------------------------
  0 | fused_transpose |           1 |      1 |         0.0000 |      56.2310 |               56.2310 |      1 |      
  1 |  fused_nn_dense | 17179869184 |      1 |    147117.1337 |     116.7768 |              116.7768 |    703 |      
  2 |   fused_squeeze |           1 |      1 |         0.0001 |       9.1080 |                9.1080 |      1 |      
---------------------------------------------------------------------------------------------------------------------
Total trials: 705
Total latency (us): 182.116

2023-12-26 17:15:11 [INFO] [task_scheduler.cc:180] TaskScheduler picks Task #0: "fused_transpose"
2023-12-26 17:15:16 [INFO] [task_scheduler.cc:260] Task #0 has finished. Remaining task(s): 2
2023-12-26 17:15:16 [INFO] [task_scheduler.cc:320] 
 ID |            Name |        FLOP | Weight | Speed (GFLOPS) | Latency (us) | Weighted Latency (us) | Trials | Done 
---------------------------------------------------------------------------------------------------------------------
  0 | fused_transpose |           1 |      1 |         0.0000 |      56.2310 |               56.2310 |      1 |    Y 
  1 |  fused_nn_dense | 17179869184 |      1 |    147117.1337 |     116.7768 |              116.7768 |    703 |      
  2 |   fused_squeeze |           1 |      1 |         0.0001 |       9.1080 |                9.1080 |      1 |      
---------------------------------------------------------------------------------------------------------------------
Total trials: 705
Total latency (us): 182.116

2023-12-26 17:15:16 [INFO] [task_scheduler.cc:180] TaskScheduler picks Task #1: "fused_nn_dense"
2023-12-26 17:17:27 [INFO] [task_scheduler.cc:193] Sending 64 sample(s) to builder
2023-12-26 17:17:37 [INFO] [task_scheduler.cc:195] Sending 64 sample(s) to runner
2023-12-26 17:19:07 [DEBUG] XGB validation: p-rmse: 0.034191	a-peak@32: 0.999948
2023-12-26 17:19:07 [DEBUG] XGB iter   0: tr-p-rmse: 0.365131	tr-a-peak@32: 0.983645	tr-rmse: 0.545732	tr-rmse: 0.545732
2023-12-26 17:19:08 [DEBUG] XGB iter  25: tr-p-rmse: 0.024171	tr-a-peak@32: 0.997899	tr-rmse: 0.617058	tr-rmse: 0.617058
2023-12-26 17:19:09 [DEBUG] XGB iter  50: tr-p-rmse: 0.024171	tr-a-peak@32: 0.997899	tr-rmse: 0.617058	tr-rmse: 0.617058
2023-12-26 17:19:09 [DEBUG] XGB stopped. Best iteration: [22] tr-p-rmse:0.02417	tr-a-peak@32:0.99790	tr-rmse:0.61706	tr-rmse:0.61706 
2023-12-26 17:19:09 [INFO] [task_scheduler.cc:237] [Updated] Task #1: "fused_nn_dense"
2023-12-26 17:19:09 [INFO] [task_scheduler.cc:320] 
 ID |            Name |        FLOP | Weight | Speed (GFLOPS) | Latency (us) | Weighted Latency (us) | Trials | Done 
---------------------------------------------------------------------------------------------------------------------
  0 | fused_transpose |           1 |      1 |         0.0000 |      56.2310 |               56.2310 |      1 |    Y 
  1 |  fused_nn_dense | 17179869184 |      1 |    147117.1337 |     116.7768 |              116.7768 |    767 |      
  2 |   fused_squeeze |           1 |      1 |         0.0001 |       9.1080 |                9.1080 |      1 |      
---------------------------------------------------------------------------------------------------------------------
Total trials: 769
Total latency (us): 182.116

2023-12-26 17:19:09 [INFO] [task_scheduler.cc:180] TaskScheduler picks Task #1: "fused_nn_dense"
2023-12-26 17:21:18 [INFO] [task_scheduler.cc:193] Sending 64 sample(s) to builder
2023-12-26 17:21:29 [INFO] [task_scheduler.cc:195] Sending 64 sample(s) to runner
2023-12-26 17:23:00 [DEBUG] XGB validation: p-rmse: 0.036623	a-peak@32: 0.999577
2023-12-26 17:23:00 [INFO] [task_scheduler.cc:237] [Updated] Task #1: "fused_nn_dense"
2023-12-26 17:23:00 [INFO] [task_scheduler.cc:320] 
 ID |            Name |        FLOP | Weight | Speed (GFLOPS) | Latency (us) | Weighted Latency (us) | Trials | Done 
---------------------------------------------------------------------------------------------------------------------
  0 | fused_transpose |           1 |      1 |         0.0000 |      56.2310 |               56.2310 |      1 |    Y 
  1 |  fused_nn_dense | 17179869184 |      1 |    147117.1337 |     116.7768 |              116.7768 |    831 |      
  2 |   fused_squeeze |           1 |      1 |         0.0001 |       9.1080 |                9.1080 |      1 |      
---------------------------------------------------------------------------------------------------------------------
Total trials: 833
Total latency (us): 182.116

2023-12-26 17:23:00 [INFO] [task_scheduler.cc:180] TaskScheduler picks Task #2: "fused_squeeze"
2023-12-26 17:23:05 [INFO] [task_scheduler.cc:193] Sending 0 sample(s) to builder
2023-12-26 17:23:05 [INFO] [task_scheduler.cc:195] Sending 0 sample(s) to runner
2023-12-26 17:23:05 [INFO] [task_scheduler.cc:237] [Updated] Task #2: "fused_squeeze"
2023-12-26 17:23:05 [INFO] [task_scheduler.cc:320] 
 ID |            Name |        FLOP | Weight | Speed (GFLOPS) | Latency (us) | Weighted Latency (us) | Trials | Done 
---------------------------------------------------------------------------------------------------------------------
  0 | fused_transpose |           1 |      1 |         0.0000 |      56.2310 |               56.2310 |      1 |    Y 
  1 |  fused_nn_dense | 17179869184 |      1 |    147117.1337 |     116.7768 |              116.7768 |    831 |      
  2 |   fused_squeeze |           1 |      1 |         0.0001 |       9.1080 |                9.1080 |      1 |      
---------------------------------------------------------------------------------------------------------------------
Total trials: 833
Total latency (us): 182.116

2023-12-26 17:23:05 [INFO] [task_scheduler.cc:180] TaskScheduler picks Task #1: "fused_nn_dense"
2023-12-26 17:25:13 [INFO] [task_scheduler.cc:193] Sending 64 sample(s) to builder
2023-12-26 17:25:21 [INFO] [task_scheduler.cc:195] Sending 64 sample(s) to runner
2023-12-26 17:26:52 [DEBUG] XGB validation: p-rmse: 0.073536	a-peak@32: 0.999774
2023-12-26 17:26:52 [INFO] [task_scheduler.cc:237] [Updated] Task #1: "fused_nn_dense"
2023-12-26 17:26:52 [INFO] [task_scheduler.cc:320] 
 ID |            Name |        FLOP | Weight | Speed (GFLOPS) | Latency (us) | Weighted Latency (us) | Trials | Done 
---------------------------------------------------------------------------------------------------------------------
  0 | fused_transpose |           1 |      1 |         0.0000 |      56.2310 |               56.2310 |      1 |    Y 
  1 |  fused_nn_dense | 17179869184 |      1 |    147117.1337 |     116.7768 |              116.7768 |    895 |      
  2 |   fused_squeeze |           1 |      1 |         0.0001 |       9.1080 |                9.1080 |      1 |      
---------------------------------------------------------------------------------------------------------------------
Total trials: 897
Total latency (us): 182.116

2023-12-26 17:26:52 [INFO] [task_scheduler.cc:180] TaskScheduler picks Task #1: "fused_nn_dense"
2023-12-26 17:29:01 [INFO] [task_scheduler.cc:193] Sending 64 sample(s) to builder
2023-12-26 17:29:14 [INFO] [task_scheduler.cc:195] Sending 64 sample(s) to runner
2023-12-26 17:30:45 [DEBUG] XGB validation: p-rmse: 0.040908	a-peak@32: 0.999803
2023-12-26 17:30:45 [DEBUG] XGB iter   0: tr-p-rmse: 0.344605	tr-a-peak@32: 0.987975	tr-rmse: 0.548522	tr-rmse: 0.548522
2023-12-26 17:30:46 [DEBUG] XGB iter  25: tr-p-rmse: 0.023585	tr-a-peak@32: 0.996691	tr-rmse: 0.620279	tr-rmse: 0.620279
2023-12-26 17:30:46 [DEBUG] XGB iter  50: tr-p-rmse: 0.023585	tr-a-peak@32: 0.996691	tr-rmse: 0.620278	tr-rmse: 0.620278
2023-12-26 17:30:47 [DEBUG] XGB stopped. Best iteration: [21] tr-p-rmse:0.02358	tr-a-peak@32:0.99669	tr-rmse:0.62028	tr-rmse:0.62028 
2023-12-26 17:30:47 [INFO] [task_scheduler.cc:237] [Updated] Task #1: "fused_nn_dense"
2023-12-26 17:30:47 [INFO] [task_scheduler.cc:320] 
 ID |            Name |        FLOP | Weight | Speed (GFLOPS) | Latency (us) | Weighted Latency (us) | Trials | Done 
---------------------------------------------------------------------------------------------------------------------
  0 | fused_transpose |           1 |      1 |         0.0000 |      56.2310 |               56.2310 |      1 |    Y 
  1 |  fused_nn_dense | 17179869184 |      1 |    147117.1337 |     116.7768 |              116.7768 |    959 |      
  2 |   fused_squeeze |           1 |      1 |         0.0001 |       9.1080 |                9.1080 |      1 |      
---------------------------------------------------------------------------------------------------------------------
Total trials: 961
Total latency (us): 182.116

2023-12-26 17:30:47 [INFO] [task_scheduler.cc:180] TaskScheduler picks Task #1: "fused_nn_dense"
2023-12-26 17:32:58 [INFO] [task_scheduler.cc:193] Sending 64 sample(s) to builder
2023-12-26 17:33:05 [INFO] [task_scheduler.cc:195] Sending 64 sample(s) to runner
2023-12-26 17:34:35 [DEBUG] XGB validation: p-rmse: 0.062858	a-peak@32: 0.973681
2023-12-26 17:34:35 [INFO] [task_scheduler.cc:237] [Updated] Task #1: "fused_nn_dense"
2023-12-26 17:34:35 [INFO] [task_scheduler.cc:320] 
 ID |            Name |        FLOP | Weight | Speed (GFLOPS) | Latency (us) | Weighted Latency (us) | Trials | Done 
---------------------------------------------------------------------------------------------------------------------
  0 | fused_transpose |           1 |      1 |         0.0000 |      56.2310 |               56.2310 |      1 |    Y 
  1 |  fused_nn_dense | 17179869184 |      1 |    154084.8733 |     111.4961 |              111.4961 |   1023 |      
  2 |   fused_squeeze |           1 |      1 |         0.0001 |       9.1080 |                9.1080 |      1 |      
---------------------------------------------------------------------------------------------------------------------
Total trials: 1025
Total latency (us): 176.835

2023-12-26 17:34:35 [INFO] [task_scheduler.cc:180] TaskScheduler picks Task #1: "fused_nn_dense"
2023-12-26 17:36:46 [INFO] [task_scheduler.cc:193] Sending 64 sample(s) to builder
2023-12-26 17:36:54 [INFO] [task_scheduler.cc:195] Sending 64 sample(s) to runner
2023-12-26 17:38:25 [DEBUG] XGB validation: p-rmse: 0.055941	a-peak@32: 0.962316
2023-12-26 17:38:25 [INFO] [task_scheduler.cc:237] [Updated] Task #1: "fused_nn_dense"
2023-12-26 17:38:25 [INFO] [task_scheduler.cc:320] 
 ID |            Name |        FLOP | Weight | Speed (GFLOPS) | Latency (us) | Weighted Latency (us) | Trials | Done 
---------------------------------------------------------------------------------------------------------------------
  0 | fused_transpose |           1 |      1 |         0.0000 |      56.2310 |               56.2310 |      1 |    Y 
  1 |  fused_nn_dense | 17179869184 |      1 |    154264.6972 |     111.3662 |              111.3662 |   1087 |      
  2 |   fused_squeeze |           1 |      1 |         0.0001 |       9.1080 |                9.1080 |      1 |      
---------------------------------------------------------------------------------------------------------------------
Total trials: 1089
Total latency (us): 176.705

2023-12-26 17:38:25 [INFO] [task_scheduler.cc:180] TaskScheduler picks Task #1: "fused_nn_dense"
2023-12-26 17:40:34 [INFO] [task_scheduler.cc:193] Sending 64 sample(s) to builder
2023-12-26 17:40:43 [INFO] [task_scheduler.cc:195] Sending 64 sample(s) to runner
2023-12-26 17:42:14 [DEBUG] XGB validation: p-rmse: 0.065313	a-peak@32: 0.977571
2023-12-26 17:42:14 [DEBUG] XGB iter   0: tr-p-rmse: 0.343161	tr-a-peak@32: 0.997905	tr-rmse: 0.519380	tr-rmse: 0.519380
2023-12-26 17:42:14 [DEBUG] XGB iter  25: tr-p-rmse: 0.022723	tr-a-peak@32: 0.997070	tr-rmse: 0.596240	tr-rmse: 0.596240
2023-12-26 17:42:15 [DEBUG] XGB iter  50: tr-p-rmse: 0.022723	tr-a-peak@32: 0.997070	tr-rmse: 0.596240	tr-rmse: 0.596240
2023-12-26 17:42:15 [DEBUG] XGB stopped. Best iteration: [23] tr-p-rmse:0.02272	tr-a-peak@32:0.99707	tr-rmse:0.59624	tr-rmse:0.59624 
2023-12-26 17:42:15 [INFO] [task_scheduler.cc:237] [Updated] Task #1: "fused_nn_dense"
2023-12-26 17:42:15 [INFO] [task_scheduler.cc:320] 
 ID |            Name |        FLOP | Weight | Speed (GFLOPS) | Latency (us) | Weighted Latency (us) | Trials | Done 
---------------------------------------------------------------------------------------------------------------------
  0 | fused_transpose |           1 |      1 |         0.0000 |      56.2310 |               56.2310 |      1 |    Y 
  1 |  fused_nn_dense | 17179869184 |      1 |    154340.8279 |     111.3112 |              111.3112 |   1151 |      
  2 |   fused_squeeze |           1 |      1 |         0.0001 |       9.1080 |                9.1080 |      1 |      
---------------------------------------------------------------------------------------------------------------------
Total trials: 1153
Total latency (us): 176.65

2023-12-26 17:42:15 [INFO] [task_scheduler.cc:180] TaskScheduler picks Task #1: "fused_nn_dense"
2023-12-26 17:44:24 [INFO] [task_scheduler.cc:193] Sending 64 sample(s) to builder
2023-12-26 17:44:32 [INFO] [task_scheduler.cc:195] Sending 64 sample(s) to runner
2023-12-26 17:46:02 [DEBUG] XGB validation: p-rmse: 0.018482	a-peak@32: 0.988611
2023-12-26 17:46:02 [INFO] [task_scheduler.cc:237] [Updated] Task #1: "fused_nn_dense"
2023-12-26 17:46:02 [INFO] [task_scheduler.cc:320] 
 ID |            Name |        FLOP | Weight | Speed (GFLOPS) | Latency (us) | Weighted Latency (us) | Trials | Done 
---------------------------------------------------------------------------------------------------------------------
  0 | fused_transpose |           1 |      1 |         0.0000 |      56.2310 |               56.2310 |      1 |    Y 
  1 |  fused_nn_dense | 17179869184 |      1 |    154340.8279 |     111.3112 |              111.3112 |   1215 |      
  2 |   fused_squeeze |           1 |      1 |         0.0001 |       9.1080 |                9.1080 |      1 |      
---------------------------------------------------------------------------------------------------------------------
Total trials: 1217
Total latency (us): 176.65

2023-12-26 17:46:02 [INFO] [task_scheduler.cc:180] TaskScheduler picks Task #1: "fused_nn_dense"
2023-12-26 17:47:57 [INFO] [task_scheduler.cc:193] Sending 64 sample(s) to builder
2023-12-26 17:48:06 [INFO] [task_scheduler.cc:195] Sending 64 sample(s) to runner
2023-12-26 17:49:36 [DEBUG] XGB validation: p-rmse: 0.046588	a-peak@32: 0.980233
2023-12-26 17:49:36 [INFO] [task_scheduler.cc:237] [Updated] Task #1: "fused_nn_dense"
2023-12-26 17:49:36 [INFO] [task_scheduler.cc:320] 
 ID |            Name |        FLOP | Weight | Speed (GFLOPS) | Latency (us) | Weighted Latency (us) | Trials | Done 
---------------------------------------------------------------------------------------------------------------------
  0 | fused_transpose |           1 |      1 |         0.0000 |      56.2310 |               56.2310 |      1 |    Y 
  1 |  fused_nn_dense | 17179869184 |      1 |    154340.8279 |     111.3112 |              111.3112 |   1279 |      
  2 |   fused_squeeze |           1 |      1 |         0.0001 |       9.1080 |                9.1080 |      1 |      
---------------------------------------------------------------------------------------------------------------------
Total trials: 1281
Total latency (us): 176.65

2023-12-26 17:49:36 [INFO] [task_scheduler.cc:180] TaskScheduler picks Task #1: "fused_nn_dense"
2023-12-26 17:51:42 [INFO] [task_scheduler.cc:193] Sending 64 sample(s) to builder
2023-12-26 17:51:50 [INFO] [task_scheduler.cc:195] Sending 64 sample(s) to runner
2023-12-26 17:53:21 [DEBUG] XGB validation: p-rmse: 0.019897	a-peak@32: 0.989973
2023-12-26 17:53:21 [INFO] [task_scheduler.cc:237] [Updated] Task #1: "fused_nn_dense"
2023-12-26 17:53:21 [INFO] [task_scheduler.cc:320] 
 ID |            Name |        FLOP | Weight | Speed (GFLOPS) | Latency (us) | Weighted Latency (us) | Trials | Done 
---------------------------------------------------------------------------------------------------------------------
  0 | fused_transpose |           1 |      1 |         0.0000 |      56.2310 |               56.2310 |      1 |    Y 
  1 |  fused_nn_dense | 17179869184 |      1 |    154340.8279 |     111.3112 |              111.3112 |   1343 |      
  2 |   fused_squeeze |           1 |      1 |         0.0001 |       9.1080 |                9.1080 |      1 |      
---------------------------------------------------------------------------------------------------------------------
Total trials: 1345
Total latency (us): 176.65

2023-12-26 17:53:21 [INFO] [task_scheduler.cc:180] TaskScheduler picks Task #1: "fused_nn_dense"
2023-12-26 17:55:28 [INFO] [task_scheduler.cc:193] Sending 64 sample(s) to builder
2023-12-26 17:55:37 [INFO] [task_scheduler.cc:195] Sending 64 sample(s) to runner
2023-12-26 17:57:07 [DEBUG] XGB validation: p-rmse: 0.031113	a-peak@32: 0.994629
2023-12-26 17:57:08 [DEBUG] XGB iter   0: tr-p-rmse: 0.328101	tr-a-peak@32: 0.982027	tr-rmse: 0.532586	tr-rmse: 0.532586
2023-12-26 17:57:08 [DEBUG] XGB iter  25: tr-p-rmse: 0.019692	tr-a-peak@32: 0.998638	tr-rmse: 0.607665	tr-rmse: 0.607665
2023-12-26 17:57:09 [DEBUG] XGB iter  50: tr-p-rmse: 0.019692	tr-a-peak@32: 0.998638	tr-rmse: 0.607665	tr-rmse: 0.607665
2023-12-26 17:57:10 [DEBUG] XGB stopped. Best iteration: [24] tr-p-rmse:0.01969	tr-a-peak@32:0.99864	tr-rmse:0.60766	tr-rmse:0.60766 
2023-12-26 17:57:10 [INFO] [task_scheduler.cc:237] [Updated] Task #1: "fused_nn_dense"
2023-12-26 17:57:10 [INFO] [task_scheduler.cc:320] 
 ID |            Name |        FLOP | Weight | Speed (GFLOPS) | Latency (us) | Weighted Latency (us) | Trials | Done 
---------------------------------------------------------------------------------------------------------------------
  0 | fused_transpose |           1 |      1 |         0.0000 |      56.2310 |               56.2310 |      1 |    Y 
  1 |  fused_nn_dense | 17179869184 |      1 |    154340.8279 |     111.3112 |              111.3112 |   1407 |      
  2 |   fused_squeeze |           1 |      1 |         0.0001 |       9.1080 |                9.1080 |      1 |      
---------------------------------------------------------------------------------------------------------------------
Total trials: 1409
Total latency (us): 176.65

2023-12-26 17:57:10 [INFO] [task_scheduler.cc:180] TaskScheduler picks Task #1: "fused_nn_dense"
2023-12-26 17:59:16 [INFO] [task_scheduler.cc:193] Sending 64 sample(s) to builder
2023-12-26 17:59:25 [INFO] [task_scheduler.cc:195] Sending 64 sample(s) to runner
2023-12-26 18:00:55 [DEBUG] XGB validation: p-rmse: 0.114431	a-peak@32: 0.910509
2023-12-26 18:00:55 [INFO] [task_scheduler.cc:237] [Updated] Task #1: "fused_nn_dense"
2023-12-26 18:00:55 [INFO] [task_scheduler.cc:320] 
 ID |            Name |        FLOP | Weight | Speed (GFLOPS) | Latency (us) | Weighted Latency (us) | Trials | Done 
---------------------------------------------------------------------------------------------------------------------
  0 | fused_transpose |           1 |      1 |         0.0000 |      56.2310 |               56.2310 |      1 |    Y 
  1 |  fused_nn_dense | 17179869184 |      1 |    154340.8279 |     111.3112 |              111.3112 |   1471 |      
  2 |   fused_squeeze |           1 |      1 |         0.0001 |       9.1080 |                9.1080 |      1 |      
---------------------------------------------------------------------------------------------------------------------
Total trials: 1473
Total latency (us): 176.65

2023-12-26 18:00:55 [INFO] [task_scheduler.cc:180] TaskScheduler picks Task #1: "fused_nn_dense"
2023-12-26 18:03:02 [INFO] [task_scheduler.cc:193] Sending 64 sample(s) to builder
2023-12-26 18:03:09 [INFO] [task_scheduler.cc:195] Sending 64 sample(s) to runner
2023-12-26 18:04:41 [DEBUG] XGB validation: p-rmse: 0.132853	a-peak@32: 0.868320
2023-12-26 18:04:41 [INFO] [task_scheduler.cc:237] [Updated] Task #1: "fused_nn_dense"
2023-12-26 18:04:41 [INFO] [task_scheduler.cc:320] 
 ID |            Name |        FLOP | Weight | Speed (GFLOPS) | Latency (us) | Weighted Latency (us) | Trials | Done 
---------------------------------------------------------------------------------------------------------------------
  0 | fused_transpose |           1 |      1 |         0.0000 |      56.2310 |               56.2310 |      1 |    Y 
  1 |  fused_nn_dense | 17179869184 |      1 |    154340.8279 |     111.3112 |              111.3112 |   1535 |      
  2 |   fused_squeeze |           1 |      1 |         0.0001 |       9.1080 |                9.1080 |      1 |      
---------------------------------------------------------------------------------------------------------------------
Total trials: 1537
Total latency (us): 176.65

2023-12-26 18:04:41 [INFO] [task_scheduler.cc:180] TaskScheduler picks Task #1: "fused_nn_dense"
2023-12-26 18:06:47 [INFO] [task_scheduler.cc:193] Sending 64 sample(s) to builder
2023-12-26 18:06:55 [INFO] [task_scheduler.cc:195] Sending 64 sample(s) to runner
2023-12-26 18:08:25 [DEBUG] XGB validation: p-rmse: 0.108297	a-peak@32: 0.919687
2023-12-26 18:08:25 [INFO] [task_scheduler.cc:237] [Updated] Task #1: "fused_nn_dense"
2023-12-26 18:08:25 [INFO] [task_scheduler.cc:320] 
 ID |            Name |        FLOP | Weight | Speed (GFLOPS) | Latency (us) | Weighted Latency (us) | Trials | Done 
---------------------------------------------------------------------------------------------------------------------
  0 | fused_transpose |           1 |      1 |         0.0000 |      56.2310 |               56.2310 |      1 |    Y 
  1 |  fused_nn_dense | 17179869184 |      1 |    154340.8279 |     111.3112 |              111.3112 |   1599 |      
  2 |   fused_squeeze |           1 |      1 |         0.0001 |       9.1080 |                9.1080 |      1 |      
---------------------------------------------------------------------------------------------------------------------
Total trials: 1601
Total latency (us): 176.65

2023-12-26 18:08:25 [INFO] [task_scheduler.cc:180] TaskScheduler picks Task #2: "fused_squeeze"
2023-12-26 18:08:30 [INFO] [task_scheduler.cc:193] Sending 0 sample(s) to builder
2023-12-26 18:08:30 [INFO] [task_scheduler.cc:195] Sending 0 sample(s) to runner
2023-12-26 18:08:30 [INFO] [task_scheduler.cc:237] [Updated] Task #2: "fused_squeeze"
2023-12-26 18:08:30 [INFO] [task_scheduler.cc:320] 
 ID |            Name |        FLOP | Weight | Speed (GFLOPS) | Latency (us) | Weighted Latency (us) | Trials | Done 
---------------------------------------------------------------------------------------------------------------------
  0 | fused_transpose |           1 |      1 |         0.0000 |      56.2310 |               56.2310 |      1 |    Y 
  1 |  fused_nn_dense | 17179869184 |      1 |    154340.8279 |     111.3112 |              111.3112 |   1599 |      
  2 |   fused_squeeze |           1 |      1 |         0.0001 |       9.1080 |                9.1080 |      1 |      
---------------------------------------------------------------------------------------------------------------------
Total trials: 1601
Total latency (us): 176.65

2023-12-26 18:08:30 [INFO] [task_scheduler.cc:180] TaskScheduler picks Task #1: "fused_nn_dense"
2023-12-26 18:10:23 [INFO] [task_scheduler.cc:193] Sending 64 sample(s) to builder
2023-12-26 18:10:31 [INFO] [task_scheduler.cc:195] Sending 64 sample(s) to runner
2023-12-26 18:12:01 [DEBUG] XGB validation: p-rmse: 0.107503	a-peak@32: 0.942100
2023-12-26 18:12:01 [INFO] [task_scheduler.cc:237] [Updated] Task #1: "fused_nn_dense"
2023-12-26 18:12:01 [INFO] [task_scheduler.cc:320] 
 ID |            Name |        FLOP | Weight | Speed (GFLOPS) | Latency (us) | Weighted Latency (us) | Trials | Done 
---------------------------------------------------------------------------------------------------------------------
  0 | fused_transpose |           1 |      1 |         0.0000 |      56.2310 |               56.2310 |      1 |    Y 
  1 |  fused_nn_dense | 17179869184 |      1 |    154340.8279 |     111.3112 |              111.3112 |   1663 |      
  2 |   fused_squeeze |           1 |      1 |         0.0001 |       9.1080 |                9.1080 |      1 |      
---------------------------------------------------------------------------------------------------------------------
Total trials: 1665
Total latency (us): 176.65

2023-12-26 18:12:01 [INFO] [task_scheduler.cc:180] TaskScheduler picks Task #1: "fused_nn_dense"
2023-12-26 18:14:09 [INFO] [task_scheduler.cc:193] Sending 64 sample(s) to builder
2023-12-26 18:14:17 [INFO] [task_scheduler.cc:195] Sending 64 sample(s) to runner
2023-12-26 18:15:48 [DEBUG] XGB validation: p-rmse: 0.095795	a-peak@32: 0.943661
2023-12-26 18:15:48 [DEBUG] XGB iter   0: tr-p-rmse: 0.317960	tr-a-peak@32: 0.994498	tr-rmse: 0.534478	tr-rmse: 0.534478
2023-12-26 18:15:49 [DEBUG] XGB iter  25: tr-p-rmse: 0.019224	tr-a-peak@32: 0.979668	tr-rmse: 0.609481	tr-rmse: 0.609481
2023-12-26 18:15:49 [DEBUG] XGB iter  50: tr-p-rmse: 0.019224	tr-a-peak@32: 0.979668	tr-rmse: 0.609483	tr-rmse: 0.609483
2023-12-26 18:15:50 [DEBUG] XGB iter  75: tr-p-rmse: 0.019224	tr-a-peak@32: 0.979668	tr-rmse: 0.609483	tr-rmse: 0.609483
2023-12-26 18:15:50 [DEBUG] XGB stopped. Best iteration: [25] tr-p-rmse:0.01922	tr-a-peak@32:0.97967	tr-rmse:0.60948	tr-rmse:0.60948 
2023-12-26 18:15:50 [INFO] [task_scheduler.cc:237] [Updated] Task #1: "fused_nn_dense"
2023-12-26 18:15:50 [INFO] [task_scheduler.cc:320] 
 ID |            Name |        FLOP | Weight | Speed (GFLOPS) | Latency (us) | Weighted Latency (us) | Trials | Done 
---------------------------------------------------------------------------------------------------------------------
  0 | fused_transpose |           1 |      1 |         0.0000 |      56.2310 |               56.2310 |      1 |    Y 
  1 |  fused_nn_dense | 17179869184 |      1 |    154340.8279 |     111.3112 |              111.3112 |   1727 |      
  2 |   fused_squeeze |           1 |      1 |         0.0001 |       9.1080 |                9.1080 |      1 |      
---------------------------------------------------------------------------------------------------------------------
Total trials: 1729
Total latency (us): 176.65

2023-12-26 18:15:50 [INFO] [task_scheduler.cc:180] TaskScheduler picks Task #1: "fused_nn_dense"
2023-12-26 18:17:46 [INFO] [task_scheduler.cc:193] Sending 64 sample(s) to builder
2023-12-26 18:17:54 [INFO] [task_scheduler.cc:195] Sending 64 sample(s) to runner
2023-12-26 18:19:24 [DEBUG] XGB validation: p-rmse: 0.019577	a-peak@32: 1.000000
2023-12-26 18:19:24 [INFO] [task_scheduler.cc:237] [Updated] Task #1: "fused_nn_dense"
2023-12-26 18:19:24 [INFO] [task_scheduler.cc:320] 
 ID |            Name |        FLOP | Weight | Speed (GFLOPS) | Latency (us) | Weighted Latency (us) | Trials | Done 
---------------------------------------------------------------------------------------------------------------------
  0 | fused_transpose |           1 |      1 |         0.0000 |      56.2310 |               56.2310 |      1 |    Y 
  1 |  fused_nn_dense | 17179869184 |      1 |    154340.8279 |     111.3112 |              111.3112 |   1791 |      
  2 |   fused_squeeze |           1 |      1 |         0.0001 |       9.1080 |                9.1080 |      1 |      
---------------------------------------------------------------------------------------------------------------------
Total trials: 1793
Total latency (us): 176.65

2023-12-26 18:19:24 [INFO] [task_scheduler.cc:180] TaskScheduler picks Task #1: "fused_nn_dense"
2023-12-26 18:21:30 [INFO] [task_scheduler.cc:193] Sending 64 sample(s) to builder
2023-12-26 18:21:51 [INFO] [task_scheduler.cc:195] Sending 64 sample(s) to runner
2023-12-26 18:23:21 [DEBUG] XGB validation: p-rmse: 0.053772	a-peak@32: 0.999838
2023-12-26 18:23:21 [INFO] [task_scheduler.cc:237] [Updated] Task #1: "fused_nn_dense"
2023-12-26 18:23:21 [INFO] [task_scheduler.cc:320] 
 ID |            Name |        FLOP | Weight | Speed (GFLOPS) | Latency (us) | Weighted Latency (us) | Trials | Done 
---------------------------------------------------------------------------------------------------------------------
  0 | fused_transpose |           1 |      1 |         0.0000 |      56.2310 |               56.2310 |      1 |    Y 
  1 |  fused_nn_dense | 17179869184 |      1 |    154340.8279 |     111.3112 |              111.3112 |   1855 |      
  2 |   fused_squeeze |           1 |      1 |         0.0001 |       9.1080 |                9.1080 |      1 |      
---------------------------------------------------------------------------------------------------------------------
Total trials: 1857
Total latency (us): 176.65

2023-12-26 18:23:21 [INFO] [task_scheduler.cc:180] TaskScheduler picks Task #1: "fused_nn_dense"
2023-12-26 18:25:29 [INFO] [task_scheduler.cc:193] Sending 64 sample(s) to builder
2023-12-26 18:25:38 [INFO] [task_scheduler.cc:195] Sending 64 sample(s) to runner
2023-12-26 18:27:08 [DEBUG] XGB validation: p-rmse: 0.033973	a-peak@32: 0.989581
2023-12-26 18:27:08 [INFO] [task_scheduler.cc:237] [Updated] Task #1: "fused_nn_dense"
2023-12-26 18:27:08 [INFO] [task_scheduler.cc:320] 
 ID |            Name |        FLOP | Weight | Speed (GFLOPS) | Latency (us) | Weighted Latency (us) | Trials | Done 
---------------------------------------------------------------------------------------------------------------------
  0 | fused_transpose |           1 |      1 |         0.0000 |      56.2310 |               56.2310 |      1 |    Y 
  1 |  fused_nn_dense | 17179869184 |      1 |    154340.8279 |     111.3112 |              111.3112 |   1919 |      
  2 |   fused_squeeze |           1 |      1 |         0.0001 |       9.1080 |                9.1080 |      1 |      
---------------------------------------------------------------------------------------------------------------------
Total trials: 1921
Total latency (us): 176.65

2023-12-26 18:27:08 [INFO] [task_scheduler.cc:180] TaskScheduler picks Task #1: "fused_nn_dense"
2023-12-26 18:29:04 [INFO] [task_scheduler.cc:193] Sending 64 sample(s) to builder
2023-12-26 18:29:13 [INFO] [task_scheduler.cc:195] Sending 64 sample(s) to runner
2023-12-26 18:30:44 [DEBUG] XGB validation: p-rmse: 0.030862	a-peak@32: 0.986747
2023-12-26 18:30:44 [INFO] [task_scheduler.cc:237] [Updated] Task #1: "fused_nn_dense"
2023-12-26 18:30:44 [INFO] [task_scheduler.cc:320] 
 ID |            Name |        FLOP | Weight | Speed (GFLOPS) | Latency (us) | Weighted Latency (us) | Trials | Done 
---------------------------------------------------------------------------------------------------------------------
  0 | fused_transpose |           1 |      1 |         0.0000 |      56.2310 |               56.2310 |      1 |    Y 
  1 |  fused_nn_dense | 17179869184 |      1 |    154340.8279 |     111.3112 |              111.3112 |   1983 |      
  2 |   fused_squeeze |           1 |      1 |         0.0001 |       9.1080 |                9.1080 |      1 |      
---------------------------------------------------------------------------------------------------------------------
Total trials: 1985
Total latency (us): 176.65

2023-12-26 18:30:44 [INFO] [task_scheduler.cc:180] TaskScheduler picks Task #1: "fused_nn_dense"
2023-12-26 18:32:49 [INFO] [task_scheduler.cc:193] Sending 64 sample(s) to builder
2023-12-26 18:32:58 [INFO] [task_scheduler.cc:195] Sending 64 sample(s) to runner
2023-12-26 18:34:29 [DEBUG] XGB validation: p-rmse: 0.045361	a-peak@32: 0.979308
2023-12-26 18:34:29 [INFO] [task_scheduler.cc:237] [Updated] Task #1: "fused_nn_dense"
2023-12-26 18:34:29 [INFO] [task_scheduler.cc:320] 
 ID |            Name |        FLOP | Weight | Speed (GFLOPS) | Latency (us) | Weighted Latency (us) | Trials | Done 
---------------------------------------------------------------------------------------------------------------------
  0 | fused_transpose |           1 |      1 |         0.0000 |      56.2310 |               56.2310 |      1 |    Y 
  1 |  fused_nn_dense | 17179869184 |      1 |    154494.3547 |     111.2006 |              111.2006 |   2047 |      
  2 |   fused_squeeze |           1 |      1 |         0.0001 |       9.1080 |                9.1080 |      1 |      
---------------------------------------------------------------------------------------------------------------------
Total trials: 2049
Total latency (us): 176.54

2023-12-26 18:34:29 [INFO] [task_scheduler.cc:180] TaskScheduler picks Task #1: "fused_nn_dense"
2023-12-26 18:36:25 [INFO] [task_scheduler.cc:193] Sending 64 sample(s) to builder
2023-12-26 18:36:33 [INFO] [task_scheduler.cc:195] Sending 64 sample(s) to runner
2023-12-26 18:38:04 [DEBUG] XGB validation: p-rmse: 0.043703	a-peak@32: 0.975738
2023-12-26 18:38:04 [DEBUG] XGB iter   0: tr-p-rmse: 0.306206	tr-a-peak@32: 0.972693	tr-rmse: 0.541784	tr-rmse: 0.541784
2023-12-26 18:38:05 [DEBUG] XGB iter  25: tr-p-rmse: 0.019248	tr-a-peak@32: 0.992000	tr-rmse: 0.615870	tr-rmse: 0.615870
2023-12-26 18:38:06 [DEBUG] XGB iter  50: tr-p-rmse: 0.019248	tr-a-peak@32: 0.992000	tr-rmse: 0.615870	tr-rmse: 0.615870
2023-12-26 18:38:07 [DEBUG] XGB stopped. Best iteration: [24] tr-p-rmse:0.01925	tr-a-peak@32:0.99200	tr-rmse:0.61587	tr-rmse:0.61587 
2023-12-26 18:38:07 [INFO] [task_scheduler.cc:237] [Updated] Task #1: "fused_nn_dense"
2023-12-26 18:38:07 [INFO] [task_scheduler.cc:320] 
 ID |            Name |        FLOP | Weight | Speed (GFLOPS) | Latency (us) | Weighted Latency (us) | Trials | Done 
---------------------------------------------------------------------------------------------------------------------
  0 | fused_transpose |           1 |      1 |         0.0000 |      56.2310 |               56.2310 |      1 |    Y 
  1 |  fused_nn_dense | 17179869184 |      1 |    154494.3547 |     111.2006 |              111.2006 |   2111 |      
  2 |   fused_squeeze |           1 |      1 |         0.0001 |       9.1080 |                9.1080 |      1 |      
---------------------------------------------------------------------------------------------------------------------
Total trials: 2113
Total latency (us): 176.54

2023-12-26 18:38:07 [INFO] [task_scheduler.cc:180] TaskScheduler picks Task #1: "fused_nn_dense"
2023-12-26 18:40:01 [INFO] [task_scheduler.cc:193] Sending 64 sample(s) to builder
2023-12-26 18:40:13 [INFO] [task_scheduler.cc:195] Sending 64 sample(s) to runner
2023-12-26 18:41:44 [DEBUG] XGB validation: p-rmse: 0.147260	a-peak@32: 0.834281
2023-12-26 18:41:44 [INFO] [task_scheduler.cc:237] [Updated] Task #1: "fused_nn_dense"
2023-12-26 18:41:44 [INFO] [task_scheduler.cc:320] 
 ID |            Name |        FLOP | Weight | Speed (GFLOPS) | Latency (us) | Weighted Latency (us) | Trials | Done 
---------------------------------------------------------------------------------------------------------------------
  0 | fused_transpose |           1 |      1 |         0.0000 |      56.2310 |               56.2310 |      1 |    Y 
  1 |  fused_nn_dense | 17179869184 |      1 |    154553.1477 |     111.1583 |              111.1583 |   2175 |      
  2 |   fused_squeeze |           1 |      1 |         0.0001 |       9.1080 |                9.1080 |      1 |      
---------------------------------------------------------------------------------------------------------------------
Total trials: 2177
Total latency (us): 176.497

2023-12-26 18:41:44 [INFO] [task_scheduler.cc:180] TaskScheduler picks Task #1: "fused_nn_dense"
2023-12-26 18:43:53 [INFO] [task_scheduler.cc:193] Sending 64 sample(s) to builder
2023-12-26 18:44:01 [INFO] [task_scheduler.cc:195] Sending 64 sample(s) to runner
2023-12-26 18:45:32 [DEBUG] XGB validation: p-rmse: 0.204510	a-peak@32: 0.795069
2023-12-26 18:45:32 [INFO] [task_scheduler.cc:237] [Updated] Task #1: "fused_nn_dense"
2023-12-26 18:45:32 [INFO] [task_scheduler.cc:320] 
 ID |            Name |        FLOP | Weight | Speed (GFLOPS) | Latency (us) | Weighted Latency (us) | Trials | Done 
---------------------------------------------------------------------------------------------------------------------
  0 | fused_transpose |           1 |      1 |         0.0000 |      56.2310 |               56.2310 |      1 |    Y 
  1 |  fused_nn_dense | 17179869184 |      1 |    154553.1477 |     111.1583 |              111.1583 |   2239 |      
  2 |   fused_squeeze |           1 |      1 |         0.0001 |       9.1080 |                9.1080 |      1 |      
---------------------------------------------------------------------------------------------------------------------
Total trials: 2241
Total latency (us): 176.497

2023-12-26 18:45:32 [INFO] [task_scheduler.cc:180] TaskScheduler picks Task #1: "fused_nn_dense"
2023-12-26 18:47:38 [INFO] [task_scheduler.cc:193] Sending 11 sample(s) to builder
2023-12-26 18:47:41 [INFO] [task_scheduler.cc:195] Sending 11 sample(s) to runner
2023-12-26 18:47:57 [DEBUG] XGB validation: p-rmse: 0.232121	a-peak@32: 0.984629
2023-12-26 18:47:57 [INFO] [task_scheduler.cc:237] [Updated] Task #1: "fused_nn_dense"
2023-12-26 18:47:57 [INFO] [task_scheduler.cc:320] 
 ID |            Name |        FLOP | Weight | Speed (GFLOPS) | Latency (us) | Weighted Latency (us) | Trials | Done 
---------------------------------------------------------------------------------------------------------------------
  0 | fused_transpose |           1 |      1 |         0.0000 |      56.2310 |               56.2310 |      1 |    Y 
  1 |  fused_nn_dense | 17179869184 |      1 |    154553.1477 |     111.1583 |              111.1583 |   2250 |      
  2 |   fused_squeeze |           1 |      1 |         0.0001 |       9.1080 |                9.1080 |      1 |      
---------------------------------------------------------------------------------------------------------------------
Total trials: 2252
Total latency (us): 176.497

2023-12-26 18:47:57 [INFO] [task_scheduler.cc:260] Task #1 has finished. Remaining task(s): 1
2023-12-26 18:47:57 [INFO] [task_scheduler.cc:320] 
 ID |            Name |        FLOP | Weight | Speed (GFLOPS) | Latency (us) | Weighted Latency (us) | Trials | Done 
---------------------------------------------------------------------------------------------------------------------
  0 | fused_transpose |           1 |      1 |         0.0000 |      56.2310 |               56.2310 |      1 |    Y 
  1 |  fused_nn_dense | 17179869184 |      1 |    154553.1477 |     111.1583 |              111.1583 |   2250 |    Y 
  2 |   fused_squeeze |           1 |      1 |         0.0001 |       9.1080 |                9.1080 |      1 |      
---------------------------------------------------------------------------------------------------------------------
Total trials: 2252
Total latency (us): 176.497

2023-12-26 18:47:58 [INFO] [task_scheduler.cc:260] Task #2 has finished. Remaining task(s): 0
2023-12-26 18:47:58 [INFO] [task_scheduler.cc:320] 
 ID |            Name |        FLOP | Weight | Speed (GFLOPS) | Latency (us) | Weighted Latency (us) | Trials | Done 
---------------------------------------------------------------------------------------------------------------------
  0 | fused_transpose |           1 |      1 |         0.0000 |      56.2310 |               56.2310 |      1 |    Y 
  1 |  fused_nn_dense | 17179869184 |      1 |    154553.1477 |     111.1583 |              111.1583 |   2250 |    Y 
  2 |   fused_squeeze |           1 |      1 |         0.0001 |       9.1080 |                9.1080 |      1 |    Y 
---------------------------------------------------------------------------------------------------------------------
Total trials: 2252
Total latency (us): 176.497

 ID |                                        Name | Time (min) | Percentage 
----------------------------------------------------------------------------
    |                                       Total |   134.8328 |   100.0000 
  1 |                                SendToRunner |    52.4235 |    38.8804 
  2 |                   EvoSearch/Evolve/Mutation |    43.1677 |    32.0157 
  3 |              EvoSearch/SampleInitPopulation |    12.8744 |     9.5484 
  4 |     EvoSearch/Evolve/PredictNormalizedScore |    11.3686 |     8.4316 
  5 |                               SendToBuilder |     5.5556 |     4.1203 
  6 |                       EvoSearch/Evolve/Misc |     5.3481 |     3.9665 
  7 |              EvoSearch/PickBestFromDatabase |     2.2019 |     1.6331 
  8 |             MeasureCallback/UpdateCostModel |     0.8205 |     0.6086 
  9 |               MeasureCallback/AddToDatabase |     0.2190 |     0.1624 
 10 |                 EvoSearch/PickWithEpsGreedy |     0.1083 |     0.0803 
 11 |                       PostTuningCompilation |     0.0539 |     0.0400 
 12 |                              TaskExtraction |     0.0036 |     0.0026 
 13 |         MeasureCallback/RemoveBuildArtifact |     0.0022 |     0.0016 
 14 |                           JoinRunnerFutures |     0.0018 |     0.0013 
 15 | EvoSearch/Evolve/Misc/CopyMeasuredWorkloads |     0.0003 |     0.0002 
 16 |                              InitializeTask |     0.0002 |     0.0002 
----------------------------------------------------------------------------
Exported compiled library to matmul-cuda-2250.so
Execution time summary:
 mean (ms)   median (ms)    max (ms)     min (ms)     std (ms)  
   0.1668       0.1669       0.1677       0.1659       0.0006                  
Tue Dec 26 18:48:04 GMT 2023
