2023-12-19 14:10:19 [INFO] [task_scheduler.cc:160] Initializing Task #3: "fused_nn_contrib_conv2d_NCHWc_add_2"
2023-12-19 14:10:19 [INFO] [task_scheduler.cc:35] 
# from tvm.script import ir as I
# from tvm.script import tir as T

@I.ir_module
class Module:
    @T.prim_func
    def main(p0: T.Buffer((T.int64(1), T.int64(1), T.int64(56), T.int64(56), T.int64(256)), "float32"), p1: T.Buffer((T.int64(8), T.int64(1), T.int64(1), T.int64(1), T.int64(256), T.int64(64)), "float32"), p2: T.Buffer((T.int64(1), T.int64(8), T.int64(1), T.int64(1), T.int64(64)), "float32"), T_add: T.Buffer((T.int64(1), T.int64(8), T.int64(28), T.int64(28), T.int64(64)), "float32")):
        T.func_attr({"tir.noalias": T.bool(True)})
        # with T.block("root"):
        conv2d_NCHWc = T.alloc_buffer((T.int64(1), T.int64(8), T.int64(28), T.int64(28), T.int64(64)))
        for n, oc_chunk, oh, ow, oc_block, ic, kh, kw in T.grid(T.int64(1), T.int64(8), T.int64(28), T.int64(28), T.int64(64), T.int64(256), T.int64(1), T.int64(1)):
            with T.block("conv2d_NCHWc"):
                v_n, v_oc_chunk, v_oh, v_ow, v_oc_block, v_ic, v_kh, v_kw = T.axis.remap("SSSSSRRR", [n, oc_chunk, oh, ow, oc_block, ic, kh, kw])
                T.reads(p0[v_n, v_ic // T.int64(256), v_oh * T.int64(2) + v_kh, v_ow * T.int64(2) + v_kw, v_ic % T.int64(256)], p1[v_oc_chunk, v_ic // T.int64(256), v_kh, v_kw, v_ic % T.int64(256), v_oc_block])
                T.writes(conv2d_NCHWc[v_n, v_oc_chunk, v_oh, v_ow, v_oc_block])
                with T.init():
                    conv2d_NCHWc[v_n, v_oc_chunk, v_oh, v_ow, v_oc_block] = T.float32(0)
                conv2d_NCHWc[v_n, v_oc_chunk, v_oh, v_ow, v_oc_block] = conv2d_NCHWc[v_n, v_oc_chunk, v_oh, v_ow, v_oc_block] + p0[v_n, v_ic // T.int64(256), v_oh * T.int64(2) + v_kh, v_ow * T.int64(2) + v_kw, v_ic % T.int64(256)] * p1[v_oc_chunk, v_ic // T.int64(256), v_kh, v_kw, v_ic % T.int64(256), v_oc_block]
        for ax0, ax1, ax2, ax3, ax4 in T.grid(T.int64(1), T.int64(8), T.int64(28), T.int64(28), T.int64(64)):
            with T.block("T_add"):
                v_ax0, v_ax1, v_ax2, v_ax3, v_ax4 = T.axis.remap("SSSSS", [ax0, ax1, ax2, ax3, ax4])
                T.reads(conv2d_NCHWc[v_ax0, v_ax1, v_ax2, v_ax3, v_ax4], p2[v_ax0, v_ax1, T.int64(0), T.int64(0), v_ax4])
                T.writes(T_add[v_ax0, v_ax1, v_ax2, v_ax3, v_ax4])
                T_add[v_ax0, v_ax1, v_ax2, v_ax3, v_ax4] = conv2d_NCHWc[v_ax0, v_ax1, v_ax2, v_ax3, v_ax4] + p2[v_ax0, v_ax1, T.int64(0), T.int64(0), v_ax4]
2023-12-19 14:10:19 [INFO] [task_scheduler.cc:164] Total 3 design space(s) generated
2023-12-19 14:10:19 [INFO] [task_scheduler.cc:170] Design space #0:
# from tvm.script import ir as I
# from tvm.script import tir as T

@I.ir_module
class Module:
    @T.prim_func
    def main(p0: T.Buffer((T.int64(1), T.int64(1), T.int64(56), T.int64(56), T.int64(256)), "float32"), p1: T.Buffer((T.int64(8), T.int64(1), T.int64(1), T.int64(1), T.int64(256), T.int64(64)), "float32"), p2: T.Buffer((T.int64(1), T.int64(8), T.int64(1), T.int64(1), T.int64(64)), "float32"), T_add: T.Buffer((T.int64(1), T.int64(8), T.int64(28), T.int64(28), T.int64(64)), "float32")):
        T.func_attr({"tir.noalias": T.bool(True)})
        with T.block("root"):
            T.reads()
            T.writes()
            T.block_attr({"meta_schedule.parallel": 256, "meta_schedule.unroll_explicit": 0, "meta_schedule.vectorize": 64})
            conv2d_NCHWc = T.alloc_buffer((T.int64(1), T.int64(8), T.int64(28), T.int64(28), T.int64(64)))
            for n_0, oc_chunk_0, oh_0, ow_0, oc_block_0, n_1, oc_chunk_1, oh_1, ow_1, oc_block_1, ic_0, kh_0, kw_0, n_2, oc_chunk_2, oh_2, ow_2, oc_block_2, ic_1, kh_1, kw_1, n_3, oc_chunk_3, oh_3, ow_3, oc_block_3 in T.grid(T.int64(1), T.int64(1), T.int64(7), T.int64(2), T.int64(2), T.int64(1), T.int64(4), T.int64(4), T.int64(7), T.int64(8), T.int64(256), T.int64(1), T.int64(1), T.int64(1), T.int64(1), T.int64(1), T.int64(1), T.int64(1), T.int64(1), T.int64(1), T.int64(1), T.int64(1), T.int64(2), T.int64(1), T.int64(2), T.int64(4)):
                with T.block("conv2d_NCHWc"):
                    v_n = T.axis.spatial(T.int64(1), n_0 + n_1 + n_2 + n_3)
                    v_oc_chunk = T.axis.spatial(T.int64(8), oc_chunk_0 * T.int64(8) + oc_chunk_1 * T.int64(2) + oc_chunk_2 * T.int64(2) + oc_chunk_3)
                    v_oh = T.axis.spatial(T.int64(28), oh_0 * T.int64(4) + oh_1 + oh_2 + oh_3)
                    v_ow = T.axis.spatial(T.int64(28), ow_0 * T.int64(14) + ow_1 * T.int64(2) + ow_2 * T.int64(2) + ow_3)
                    v_oc_block = T.axis.spatial(T.int64(64), oc_block_0 * T.int64(32) + oc_block_1 * T.int64(4) + oc_block_2 * T.int64(4) + oc_block_3)
                    v_ic = T.axis.reduce(T.int64(256), ic_0 + ic_1)
                    v_kh = T.axis.reduce(T.int64(1), kh_0 + kh_1)
                    v_kw = T.axis.reduce(T.int64(1), kw_0 + kw_1)
                    T.reads(p0[v_n, v_ic // T.int64(256), v_oh * T.int64(2) + v_kh, v_ow * T.int64(2) + v_kw, v_ic % T.int64(256)], p1[v_oc_chunk, v_ic // T.int64(256), v_kh, v_kw, v_ic % T.int64(256), v_oc_block])
                    T.writes(conv2d_NCHWc[v_n, v_oc_chunk, v_oh, v_ow, v_oc_block])
                    T.block_attr({"meta_schedule.tiling_structure": "SSRSRS"})
                    with T.init():
                        conv2d_NCHWc[v_n, v_oc_chunk, v_oh, v_ow, v_oc_block] = T.float32(0)
                    conv2d_NCHWc[v_n, v_oc_chunk, v_oh, v_ow, v_oc_block] = conv2d_NCHWc[v_n, v_oc_chunk, v_oh, v_ow, v_oc_block] + p0[v_n, v_ic // T.int64(256), v_oh * T.int64(2) + v_kh, v_ow * T.int64(2) + v_kw, v_ic % T.int64(256)] * p1[v_oc_chunk, v_ic // T.int64(256), v_kh, v_kw, v_ic % T.int64(256), v_oc_block]
            for ax0, ax1, ax2, ax3, ax4 in T.grid(T.int64(1), T.int64(8), T.int64(28), T.int64(28), T.int64(64)):
                with T.block("T_add"):
                    v_ax0, v_ax1, v_ax2, v_ax3, v_ax4 = T.axis.remap("SSSSS", [ax0, ax1, ax2, ax3, ax4])
                    T.reads(conv2d_NCHWc[v_ax0, v_ax1, v_ax2, v_ax3, v_ax4], p2[v_ax0, v_ax1, T.int64(0), T.int64(0), v_ax4])
                    T.writes(T_add[v_ax0, v_ax1, v_ax2, v_ax3, v_ax4])
                    T_add[v_ax0, v_ax1, v_ax2, v_ax3, v_ax4] = conv2d_NCHWc[v_ax0, v_ax1, v_ax2, v_ax3, v_ax4] + p2[v_ax0, v_ax1, T.int64(0), T.int64(0), v_ax4]
b0 = sch.get_block(name="conv2d_NCHWc", func_name="main")
b1 = sch.get_block(name="root", func_name="main")
sch.annotate(block_or_loop=b0, ann_key="meta_schedule.tiling_structure", ann_val="SSRSRS")
l2, l3, l4, l5, l6, l7, l8, l9 = sch.get_loops(block=b0)
v10, v11, v12, v13 = sch.sample_perfect_tile(loop=l2, n=4, max_innermost_factor=64, decision=[1, 1, 1, 1])
l14, l15, l16, l17 = sch.split(loop=l2, factors=[v10, v11, v12, v13], preserve_unit_iters=True)
v18, v19, v20, v21 = sch.sample_perfect_tile(loop=l3, n=4, max_innermost_factor=64, decision=[1, 4, 1, 2])
l22, l23, l24, l25 = sch.split(loop=l3, factors=[v18, v19, v20, v21], preserve_unit_iters=True)
v26, v27, v28, v29 = sch.sample_perfect_tile(loop=l4, n=4, max_innermost_factor=64, decision=[7, 4, 1, 1])
l30, l31, l32, l33 = sch.split(loop=l4, factors=[v26, v27, v28, v29], preserve_unit_iters=True)
v34, v35, v36, v37 = sch.sample_perfect_tile(loop=l5, n=4, max_innermost_factor=64, decision=[2, 7, 1, 2])
l38, l39, l40, l41 = sch.split(loop=l5, factors=[v34, v35, v36, v37], preserve_unit_iters=True)
v42, v43, v44, v45 = sch.sample_perfect_tile(loop=l6, n=4, max_innermost_factor=64, decision=[2, 8, 1, 4])
l46, l47, l48, l49 = sch.split(loop=l6, factors=[v42, v43, v44, v45], preserve_unit_iters=True)
v50, v51 = sch.sample_perfect_tile(loop=l7, n=2, max_innermost_factor=64, decision=[256, 1])
l52, l53 = sch.split(loop=l7, factors=[v50, v51], preserve_unit_iters=True)
v54, v55 = sch.sample_perfect_tile(loop=l8, n=2, max_innermost_factor=64, decision=[1, 1])
l56, l57 = sch.split(loop=l8, factors=[v54, v55], preserve_unit_iters=True)
v58, v59 = sch.sample_perfect_tile(loop=l9, n=2, max_innermost_factor=64, decision=[1, 1])
l60, l61 = sch.split(loop=l9, factors=[v58, v59], preserve_unit_iters=True)
sch.reorder(l14, l22, l30, l38, l46, l15, l23, l31, l39, l47, l52, l56, l60, l16, l24, l32, l40, l48, l53, l57, l61, l17, l25, l33, l41, l49)
sch.annotate(block_or_loop=b1, ann_key="meta_schedule.parallel", ann_val=256)
sch.annotate(block_or_loop=b1, ann_key="meta_schedule.vectorize", ann_val=64)
v62 = sch.sample_categorical(candidates=[0, 16, 64, 512], probs=[0.25, 0.25, 0.25, 0.25], decision=0)
sch.annotate(block_or_loop=b1, ann_key="meta_schedule.unroll_explicit", ann_val=v62)
2023-12-19 14:10:19 [INFO] [task_scheduler.cc:170] Design space #1:
# from tvm.script import ir as I
# from tvm.script import tir as T

@I.ir_module
class Module:
    @T.prim_func
    def main(p0: T.Buffer((T.int64(1), T.int64(1), T.int64(56), T.int64(56), T.int64(256)), "float32"), p1: T.Buffer((T.int64(8), T.int64(1), T.int64(1), T.int64(1), T.int64(256), T.int64(64)), "float32"), p2: T.Buffer((T.int64(1), T.int64(8), T.int64(1), T.int64(1), T.int64(64)), "float32"), T_add: T.Buffer((T.int64(1), T.int64(8), T.int64(28), T.int64(28), T.int64(64)), "float32")):
        T.func_attr({"tir.noalias": T.bool(True)})
        with T.block("root"):
            T.reads()
            T.writes()
            T.block_attr({"meta_schedule.parallel": 256, "meta_schedule.unroll_explicit": 512, "meta_schedule.vectorize": 64})
            conv2d_NCHWc = T.alloc_buffer((T.int64(1), T.int64(8), T.int64(28), T.int64(28), T.int64(64)))
            for n_0, oc_chunk_0, oh_0, ow_0, oc_block_0, n_1, oc_chunk_1, oh_1, ow_1, oc_block_1 in T.grid(T.int64(1), T.int64(1), T.int64(7), T.int64(2), T.int64(2), T.int64(1), T.int64(4), T.int64(4), T.int64(7), T.int64(8)):
                for ic_0, kh_0, kw_0, n_2, oc_chunk_2, oh_2, ow_2, oc_block_2, ic_1, kh_1, kw_1, n_3, oc_chunk_3, oh_3, ow_3, oc_block_3 in T.grid(T.int64(256), T.int64(1), T.int64(1), T.int64(1), T.int64(1), T.int64(1), T.int64(1), T.int64(1), T.int64(1), T.int64(1), T.int64(1), T.int64(1), T.int64(2), T.int64(1), T.int64(2), T.int64(4)):
                    with T.block("conv2d_NCHWc"):
                        v_n = T.axis.spatial(T.int64(1), n_0 + n_1 + n_2 + n_3)
                        v_oc_chunk = T.axis.spatial(T.int64(8), oc_chunk_0 * T.int64(8) + oc_chunk_1 * T.int64(2) + oc_chunk_2 * T.int64(2) + oc_chunk_3)
                        v_oh = T.axis.spatial(T.int64(28), oh_0 * T.int64(4) + oh_1 + oh_2 + oh_3)
                        v_ow = T.axis.spatial(T.int64(28), ow_0 * T.int64(14) + ow_1 * T.int64(2) + ow_2 * T.int64(2) + ow_3)
                        v_oc_block = T.axis.spatial(T.int64(64), oc_block_0 * T.int64(32) + oc_block_1 * T.int64(4) + oc_block_2 * T.int64(4) + oc_block_3)
                        v_ic = T.axis.reduce(T.int64(256), ic_0 + ic_1)
                        v_kh = T.axis.reduce(T.int64(1), kh_0 + kh_1)
                        v_kw = T.axis.reduce(T.int64(1), kw_0 + kw_1)
                        T.reads(p0[v_n, v_ic // T.int64(256), v_oh * T.int64(2) + v_kh, v_ow * T.int64(2) + v_kw, v_ic % T.int64(256)], p1[v_oc_chunk, v_ic // T.int64(256), v_kh, v_kw, v_ic % T.int64(256), v_oc_block])
                        T.writes(conv2d_NCHWc[v_n, v_oc_chunk, v_oh, v_ow, v_oc_block])
                        T.block_attr({"meta_schedule.tiling_structure": "SSRSRS"})
                        with T.init():
                            conv2d_NCHWc[v_n, v_oc_chunk, v_oh, v_ow, v_oc_block] = T.float32(0)
                        conv2d_NCHWc[v_n, v_oc_chunk, v_oh, v_ow, v_oc_block] = conv2d_NCHWc[v_n, v_oc_chunk, v_oh, v_ow, v_oc_block] + p0[v_n, v_ic // T.int64(256), v_oh * T.int64(2) + v_kh, v_ow * T.int64(2) + v_kw, v_ic % T.int64(256)] * p1[v_oc_chunk, v_ic // T.int64(256), v_kh, v_kw, v_ic % T.int64(256), v_oc_block]
                for ax0, ax1, ax2, ax3, ax4 in T.grid(T.int64(1), T.int64(2), T.int64(1), T.int64(2), T.int64(4)):
                    with T.block("T_add"):
                        v_ax0 = T.axis.spatial(T.int64(1), ax0)
                        v_ax1 = T.axis.spatial(T.int64(8), oc_chunk_1 * T.int64(2) + ax1)
                        v_ax2 = T.axis.spatial(T.int64(28), oh_0 * T.int64(4) + oh_1 + ax2)
                        v_ax3 = T.axis.spatial(T.int64(28), ow_0 * T.int64(14) + ow_1 * T.int64(2) + ax3)
                        v_ax4 = T.axis.spatial(T.int64(64), oc_block_0 * T.int64(32) + oc_block_1 * T.int64(4) + ax4)
                        T.reads(conv2d_NCHWc[v_ax0, v_ax1, v_ax2, v_ax3, v_ax4], p2[v_ax0, v_ax1, T.int64(0), T.int64(0), v_ax4])
                        T.writes(T_add[v_ax0, v_ax1, v_ax2, v_ax3, v_ax4])
                        T_add[v_ax0, v_ax1, v_ax2, v_ax3, v_ax4] = conv2d_NCHWc[v_ax0, v_ax1, v_ax2, v_ax3, v_ax4] + p2[v_ax0, v_ax1, T.int64(0), T.int64(0), v_ax4]
b0 = sch.get_block(name="conv2d_NCHWc", func_name="main")
b1 = sch.get_block(name="root", func_name="main")
sch.annotate(block_or_loop=b0, ann_key="meta_schedule.tiling_structure", ann_val="SSRSRS")
l2, l3, l4, l5, l6, l7, l8, l9 = sch.get_loops(block=b0)
v10, v11, v12, v13 = sch.sample_perfect_tile(loop=l2, n=4, max_innermost_factor=64, decision=[1, 1, 1, 1])
l14, l15, l16, l17 = sch.split(loop=l2, factors=[v10, v11, v12, v13], preserve_unit_iters=True)
v18, v19, v20, v21 = sch.sample_perfect_tile(loop=l3, n=4, max_innermost_factor=64, decision=[1, 4, 1, 2])
l22, l23, l24, l25 = sch.split(loop=l3, factors=[v18, v19, v20, v21], preserve_unit_iters=True)
v26, v27, v28, v29 = sch.sample_perfect_tile(loop=l4, n=4, max_innermost_factor=64, decision=[7, 4, 1, 1])
l30, l31, l32, l33 = sch.split(loop=l4, factors=[v26, v27, v28, v29], preserve_unit_iters=True)
v34, v35, v36, v37 = sch.sample_perfect_tile(loop=l5, n=4, max_innermost_factor=64, decision=[2, 7, 1, 2])
l38, l39, l40, l41 = sch.split(loop=l5, factors=[v34, v35, v36, v37], preserve_unit_iters=True)
v42, v43, v44, v45 = sch.sample_perfect_tile(loop=l6, n=4, max_innermost_factor=64, decision=[2, 8, 1, 4])
l46, l47, l48, l49 = sch.split(loop=l6, factors=[v42, v43, v44, v45], preserve_unit_iters=True)
v50, v51 = sch.sample_perfect_tile(loop=l7, n=2, max_innermost_factor=64, decision=[256, 1])
l52, l53 = sch.split(loop=l7, factors=[v50, v51], preserve_unit_iters=True)
v54, v55 = sch.sample_perfect_tile(loop=l8, n=2, max_innermost_factor=64, decision=[1, 1])
l56, l57 = sch.split(loop=l8, factors=[v54, v55], preserve_unit_iters=True)
v58, v59 = sch.sample_perfect_tile(loop=l9, n=2, max_innermost_factor=64, decision=[1, 1])
l60, l61 = sch.split(loop=l9, factors=[v58, v59], preserve_unit_iters=True)
sch.reorder(l14, l22, l30, l38, l46, l15, l23, l31, l39, l47, l52, l56, l60, l16, l24, l32, l40, l48, l53, l57, l61, l17, l25, l33, l41, l49)
b62, = sch.get_consumers(block=b0)
sch.reverse_compute_at(block=b62, loop=l47, preserve_unit_loops=True, index=-1)
sch.annotate(block_or_loop=b1, ann_key="meta_schedule.parallel", ann_val=256)
sch.annotate(block_or_loop=b1, ann_key="meta_schedule.vectorize", ann_val=64)
v63 = sch.sample_categorical(candidates=[0, 16, 64, 512], probs=[0.25, 0.25, 0.25, 0.25], decision=3)
sch.annotate(block_or_loop=b1, ann_key="meta_schedule.unroll_explicit", ann_val=v63)
2023-12-19 14:10:19 [INFO] [task_scheduler.cc:170] Design space #2:
# from tvm.script import ir as I
# from tvm.script import tir as T

@I.ir_module
class Module:
    @T.prim_func
    def main(p0: T.Buffer((T.int64(1), T.int64(1), T.int64(56), T.int64(56), T.int64(256)), "float32"), p1: T.Buffer((T.int64(8), T.int64(1), T.int64(1), T.int64(1), T.int64(256), T.int64(64)), "float32"), p2: T.Buffer((T.int64(1), T.int64(8), T.int64(1), T.int64(1), T.int64(64)), "float32"), T_add: T.Buffer((T.int64(1), T.int64(8), T.int64(28), T.int64(28), T.int64(64)), "float32")):
        T.func_attr({"tir.noalias": T.bool(True)})
        with T.block("root"):
            T.reads()
            T.writes()
            T.block_attr({"meta_schedule.parallel": 256, "meta_schedule.unroll_explicit": 64, "meta_schedule.vectorize": 64})
            conv2d_NCHWc = T.alloc_buffer((T.int64(1), T.int64(8), T.int64(28), T.int64(28), T.int64(64)))
            for n_0, oc_chunk_0, oh_0, ow_0, oc_block_0 in T.grid(T.int64(1), T.int64(1), T.int64(7), T.int64(2), T.int64(2)):
                for n_1, oc_chunk_1, oh_1, ow_1, oc_block_1, ic_0, kh_0, kw_0, n_2, oc_chunk_2, oh_2, ow_2, oc_block_2, ic_1, kh_1, kw_1, n_3, oc_chunk_3, oh_3, ow_3, oc_block_3 in T.grid(T.int64(1), T.int64(4), T.int64(4), T.int64(7), T.int64(8), T.int64(256), T.int64(1), T.int64(1), T.int64(1), T.int64(1), T.int64(1), T.int64(1), T.int64(1), T.int64(1), T.int64(1), T.int64(1), T.int64(1), T.int64(2), T.int64(1), T.int64(2), T.int64(4)):
                    with T.block("conv2d_NCHWc"):
                        v_n = T.axis.spatial(T.int64(1), n_0 + n_1 + n_2 + n_3)
                        v_oc_chunk = T.axis.spatial(T.int64(8), oc_chunk_0 * T.int64(8) + oc_chunk_1 * T.int64(2) + oc_chunk_2 * T.int64(2) + oc_chunk_3)
                        v_oh = T.axis.spatial(T.int64(28), oh_0 * T.int64(4) + oh_1 + oh_2 + oh_3)
                        v_ow = T.axis.spatial(T.int64(28), ow_0 * T.int64(14) + ow_1 * T.int64(2) + ow_2 * T.int64(2) + ow_3)
                        v_oc_block = T.axis.spatial(T.int64(64), oc_block_0 * T.int64(32) + oc_block_1 * T.int64(4) + oc_block_2 * T.int64(4) + oc_block_3)
                        v_ic = T.axis.reduce(T.int64(256), ic_0 + ic_1)
                        v_kh = T.axis.reduce(T.int64(1), kh_0 + kh_1)
                        v_kw = T.axis.reduce(T.int64(1), kw_0 + kw_1)
                        T.reads(p0[v_n, v_ic // T.int64(256), v_oh * T.int64(2) + v_kh, v_ow * T.int64(2) + v_kw, v_ic % T.int64(256)], p1[v_oc_chunk, v_ic // T.int64(256), v_kh, v_kw, v_ic % T.int64(256), v_oc_block])
                        T.writes(conv2d_NCHWc[v_n, v_oc_chunk, v_oh, v_ow, v_oc_block])
                        T.block_attr({"meta_schedule.tiling_structure": "SSRSRS"})
                        with T.init():
                            conv2d_NCHWc[v_n, v_oc_chunk, v_oh, v_ow, v_oc_block] = T.float32(0)
                        conv2d_NCHWc[v_n, v_oc_chunk, v_oh, v_ow, v_oc_block] = conv2d_NCHWc[v_n, v_oc_chunk, v_oh, v_ow, v_oc_block] + p0[v_n, v_ic // T.int64(256), v_oh * T.int64(2) + v_kh, v_ow * T.int64(2) + v_kw, v_ic % T.int64(256)] * p1[v_oc_chunk, v_ic // T.int64(256), v_kh, v_kw, v_ic % T.int64(256), v_oc_block]
                for ax0, ax1, ax2, ax3, ax4 in T.grid(T.int64(1), T.int64(8), T.int64(4), T.int64(14), T.int64(32)):
                    with T.block("T_add"):
                        v_ax0, v_ax1 = T.axis.remap("SS", [ax0, ax1])
                        v_ax2 = T.axis.spatial(T.int64(28), oh_0 * T.int64(4) + ax2)
                        v_ax3 = T.axis.spatial(T.int64(28), ow_0 * T.int64(14) + ax3)
                        v_ax4 = T.axis.spatial(T.int64(64), oc_block_0 * T.int64(32) + ax4)
                        T.reads(conv2d_NCHWc[v_ax0, v_ax1, v_ax2, v_ax3, v_ax4], p2[v_ax0, v_ax1, T.int64(0), T.int64(0), v_ax4])
                        T.writes(T_add[v_ax0, v_ax1, v_ax2, v_ax3, v_ax4])
                        T_add[v_ax0, v_ax1, v_ax2, v_ax3, v_ax4] = conv2d_NCHWc[v_ax0, v_ax1, v_ax2, v_ax3, v_ax4] + p2[v_ax0, v_ax1, T.int64(0), T.int64(0), v_ax4]
b0 = sch.get_block(name="conv2d_NCHWc", func_name="main")
b1 = sch.get_block(name="root", func_name="main")
sch.annotate(block_or_loop=b0, ann_key="meta_schedule.tiling_structure", ann_val="SSRSRS")
l2, l3, l4, l5, l6, l7, l8, l9 = sch.get_loops(block=b0)
v10, v11, v12, v13 = sch.sample_perfect_tile(loop=l2, n=4, max_innermost_factor=64, decision=[1, 1, 1, 1])
l14, l15, l16, l17 = sch.split(loop=l2, factors=[v10, v11, v12, v13], preserve_unit_iters=True)
v18, v19, v20, v21 = sch.sample_perfect_tile(loop=l3, n=4, max_innermost_factor=64, decision=[1, 4, 1, 2])
l22, l23, l24, l25 = sch.split(loop=l3, factors=[v18, v19, v20, v21], preserve_unit_iters=True)
v26, v27, v28, v29 = sch.sample_perfect_tile(loop=l4, n=4, max_innermost_factor=64, decision=[7, 4, 1, 1])
l30, l31, l32, l33 = sch.split(loop=l4, factors=[v26, v27, v28, v29], preserve_unit_iters=True)
v34, v35, v36, v37 = sch.sample_perfect_tile(loop=l5, n=4, max_innermost_factor=64, decision=[2, 7, 1, 2])
l38, l39, l40, l41 = sch.split(loop=l5, factors=[v34, v35, v36, v37], preserve_unit_iters=True)
v42, v43, v44, v45 = sch.sample_perfect_tile(loop=l6, n=4, max_innermost_factor=64, decision=[2, 8, 1, 4])
l46, l47, l48, l49 = sch.split(loop=l6, factors=[v42, v43, v44, v45], preserve_unit_iters=True)
v50, v51 = sch.sample_perfect_tile(loop=l7, n=2, max_innermost_factor=64, decision=[256, 1])
l52, l53 = sch.split(loop=l7, factors=[v50, v51], preserve_unit_iters=True)
v54, v55 = sch.sample_perfect_tile(loop=l8, n=2, max_innermost_factor=64, decision=[1, 1])
l56, l57 = sch.split(loop=l8, factors=[v54, v55], preserve_unit_iters=True)
v58, v59 = sch.sample_perfect_tile(loop=l9, n=2, max_innermost_factor=64, decision=[1, 1])
l60, l61 = sch.split(loop=l9, factors=[v58, v59], preserve_unit_iters=True)
sch.reorder(l14, l22, l30, l38, l46, l15, l23, l31, l39, l47, l52, l56, l60, l16, l24, l32, l40, l48, l53, l57, l61, l17, l25, l33, l41, l49)
b62, = sch.get_consumers(block=b0)
sch.reverse_compute_at(block=b62, loop=l46, preserve_unit_loops=True, index=-1)
sch.annotate(block_or_loop=b1, ann_key="meta_schedule.parallel", ann_val=256)
sch.annotate(block_or_loop=b1, ann_key="meta_schedule.vectorize", ann_val=64)
v63 = sch.sample_categorical(candidates=[0, 16, 64, 512], probs=[0.25, 0.25, 0.25, 0.25], decision=2)
sch.annotate(block_or_loop=b1, ann_key="meta_schedule.unroll_explicit", ann_val=v63)
2023-12-19 14:12:36 [INFO] [evolutionary_search.cc:713] Generating candidates......
2023-12-19 14:12:36 [INFO] [evolutionary_search.cc:715] Picked top 0 candidate(s) from database
2023-12-19 14:12:40 [INFO] [evolutionary_search.cc:533] Sample-Init-Population summary:
Postproc #0 [meta_schedule.DisallowDynamicLoop(0x135ab968)]: 0 failure(s)
Postproc #1 [meta_schedule.RewriteParallelVectorizeUnroll(0x10102a18)]: 0 failure(s)
Postproc #2 [meta_schedule.RewriteReductionBlock(0x105aa1e8)]: 0 failure(s)
Postproc #3 [meta_schedule.RewriteLayout(0x1af31ff8)]: 0 failure(s)
2023-12-19 14:12:40 [INFO] [evolutionary_search.cc:723] Sampled 512 candidate(s)
2023-12-19 14:12:45 [INFO] [evolutionary_search.cc:621] Evolve iter #0 done. Summary:
Postproc #0 [meta_schedule.DisallowDynamicLoop(0x135ab968)]: 0 failure(s)
Postproc #1 [meta_schedule.RewriteParallelVectorizeUnroll(0x10102a18)]: 0 failure(s)
Postproc #2 [meta_schedule.RewriteReductionBlock(0x105aa1e8)]: 0 failure(s)
Postproc #3 [meta_schedule.RewriteLayout(0x1af31ff8)]: 0 failure(s)
2023-12-19 14:12:49 [INFO] [evolutionary_search.cc:621] Evolve iter #1 done. Summary:
Postproc #0 [meta_schedule.DisallowDynamicLoop(0x135ab968)]: 0 failure(s)
Postproc #1 [meta_schedule.RewriteParallelVectorizeUnroll(0x10102a18)]: 0 failure(s)
Postproc #2 [meta_schedule.RewriteReductionBlock(0x105aa1e8)]: 0 failure(s)
Postproc #3 [meta_schedule.RewriteLayout(0x1af31ff8)]: 0 failure(s)
2023-12-19 14:12:53 [INFO] [evolutionary_search.cc:621] Evolve iter #2 done. Summary:
Postproc #0 [meta_schedule.DisallowDynamicLoop(0x135ab968)]: 0 failure(s)
Postproc #1 [meta_schedule.RewriteParallelVectorizeUnroll(0x10102a18)]: 0 failure(s)
Postproc #2 [meta_schedule.RewriteReductionBlock(0x105aa1e8)]: 0 failure(s)
Postproc #3 [meta_schedule.RewriteLayout(0x1af31ff8)]: 0 failure(s)
2023-12-19 14:12:58 [INFO] [evolutionary_search.cc:621] Evolve iter #3 done. Summary:
Postproc #0 [meta_schedule.DisallowDynamicLoop(0x135ab968)]: 0 failure(s)
Postproc #1 [meta_schedule.RewriteParallelVectorizeUnroll(0x10102a18)]: 0 failure(s)
Postproc #2 [meta_schedule.RewriteReductionBlock(0x105aa1e8)]: 0 failure(s)
Postproc #3 [meta_schedule.RewriteLayout(0x1af31ff8)]: 0 failure(s)
2023-12-19 14:12:58 [INFO] [evolutionary_search.cc:649] Scores of the best 64 candidates:
[1 : 16]:	0.9999  0.9999  0.9996  0.9986  0.9983  0.9979  0.9976  0.9973  0.9971  0.9960  0.9955  0.9952  0.9944  0.9944  0.9938  0.9935
[17 : 32]:	0.9935  0.9932  0.9932  0.9931  0.9929  0.9918  0.9914  0.9914  0.9912  0.9909  0.9906  0.9906  0.9904  0.9903  0.9894  0.9893
[33 : 48]:	0.9889  0.9885  0.9875  0.9874  0.9871  0.9860  0.9845  0.9834  0.9831  0.9828  0.9824  0.9815  0.9812  0.9806  0.9793  0.9793
[49 : 64]:	0.9793  0.9792  0.9790  0.9790  0.9784  0.9783  0.9777  0.9766  0.9758  0.9750  0.9748  0.9747  0.9746  0.9738  0.9737  0.9726
2023-12-19 14:12:59 [INFO] [evolutionary_search.cc:727] Got 64 candidate(s) with evolutionary search
2023-12-19 14:12:59 [INFO] [evolutionary_search.cc:730] Sending 64 candidates(s) for measurement
2023-12-19 14:16:18 [INFO] [task_scheduler.cc:131] [Task #3: fused_nn_contrib_conv2d_NCHWc_add_2] Trial #1: GFLOPs: 14.1801. Time: 14521.8903 us. Best GFLOPs: 14.1801
2023-12-19 14:16:18 [INFO] [task_scheduler.cc:131] [Task #3: fused_nn_contrib_conv2d_NCHWc_add_2] Trial #2: GFLOPs: 17.8277. Time: 11550.7075 us. Best GFLOPs: 17.8277
2023-12-19 14:16:18 [INFO] [task_scheduler.cc:131] [Task #3: fused_nn_contrib_conv2d_NCHWc_add_2] Trial #3: GFLOPs: 17.6129. Time: 11691.5376 us. Best GFLOPs: 17.8277
2023-12-19 14:16:18 [INFO] [task_scheduler.cc:131] [Task #3: fused_nn_contrib_conv2d_NCHWc_add_2] Trial #4: GFLOPs: 28.9570. Time: 7111.3232 us. Best GFLOPs: 28.9570
2023-12-19 14:16:18 [INFO] [task_scheduler.cc:131] [Task #3: fused_nn_contrib_conv2d_NCHWc_add_2] Trial #5: GFLOPs: 26.3589. Time: 7812.2348 us. Best GFLOPs: 28.9570
2023-12-19 14:16:18 [INFO] [task_scheduler.cc:131] [Task #3: fused_nn_contrib_conv2d_NCHWc_add_2] Trial #6: GFLOPs: 12.3396. Time: 16687.9872 us. Best GFLOPs: 28.9570
2023-12-19 14:16:18 [INFO] [task_scheduler.cc:131] [Task #3: fused_nn_contrib_conv2d_NCHWc_add_2] Trial #7: GFLOPs: 47.1518. Time: 4367.2214 us. Best GFLOPs: 47.1518
2023-12-19 14:16:18 [INFO] [task_scheduler.cc:131] [Task #3: fused_nn_contrib_conv2d_NCHWc_add_2] Trial #8: GFLOPs: 4.5150. Time: 45608.3960 us. Best GFLOPs: 47.1518
2023-12-19 14:16:18 [INFO] [task_scheduler.cc:131] [Task #3: fused_nn_contrib_conv2d_NCHWc_add_2] Trial #9: GFLOPs: 7.5264. Time: 27359.8828 us. Best GFLOPs: 47.1518
2023-12-19 14:16:18 [INFO] [task_scheduler.cc:131] [Task #3: fused_nn_contrib_conv2d_NCHWc_add_2] Trial #10: GFLOPs: 39.9864. Time: 5149.8060 us. Best GFLOPs: 47.1518
2023-12-19 14:16:18 [INFO] [task_scheduler.cc:131] [Task #3: fused_nn_contrib_conv2d_NCHWc_add_2] Trial #11: GFLOPs: 20.1876. Time: 10200.4534 us. Best GFLOPs: 47.1518
2023-12-19 14:16:18 [INFO] [task_scheduler.cc:131] [Task #3: fused_nn_contrib_conv2d_NCHWc_add_2] Trial #12: GFLOPs: 11.4190. Time: 18033.3065 us. Best GFLOPs: 47.1518
2023-12-19 14:16:18 [INFO] [task_scheduler.cc:131] [Task #3: fused_nn_contrib_conv2d_NCHWc_add_2] Trial #13: GFLOPs: 19.5534. Time: 10531.2954 us. Best GFLOPs: 47.1518
2023-12-19 14:16:18 [INFO] [task_scheduler.cc:131] [Task #3: fused_nn_contrib_conv2d_NCHWc_add_2] Trial #14: GFLOPs: 21.3756. Time: 9633.5391 us. Best GFLOPs: 47.1518
2023-12-19 14:16:18 [INFO] [task_scheduler.cc:131] [Task #3: fused_nn_contrib_conv2d_NCHWc_add_2] Trial #15: GFLOPs: 19.6868. Time: 10459.9050 us. Best GFLOPs: 47.1518
2023-12-19 14:16:18 [INFO] [task_scheduler.cc:131] [Task #3: fused_nn_contrib_conv2d_NCHWc_add_2] Trial #16: GFLOPs: 34.1406. Time: 6031.5935 us. Best GFLOPs: 47.1518
2023-12-19 14:16:18 [INFO] [task_scheduler.cc:131] [Task #3: fused_nn_contrib_conv2d_NCHWc_add_2] Trial #17: GFLOPs: 35.0325. Time: 5878.0352 us. Best GFLOPs: 47.1518
2023-12-19 14:16:18 [INFO] [task_scheduler.cc:131] [Task #3: fused_nn_contrib_conv2d_NCHWc_add_2] Trial #18: GFLOPs: 14.6241. Time: 14081.0652 us. Best GFLOPs: 47.1518
2023-12-19 14:16:18 [INFO] [task_scheduler.cc:131] [Task #3: fused_nn_contrib_conv2d_NCHWc_add_2] Trial #19: GFLOPs: 24.8074. Time: 8300.8426 us. Best GFLOPs: 47.1518
2023-12-19 14:16:18 [INFO] [task_scheduler.cc:131] [Task #3: fused_nn_contrib_conv2d_NCHWc_add_2] Trial #20: GFLOPs: 30.2073. Time: 6816.9668 us. Best GFLOPs: 47.1518
2023-12-19 14:16:18 [INFO] [task_scheduler.cc:131] [Task #3: fused_nn_contrib_conv2d_NCHWc_add_2] Trial #21: GFLOPs: 39.4093. Time: 5225.2189 us. Best GFLOPs: 47.1518
2023-12-19 14:16:18 [INFO] [task_scheduler.cc:131] [Task #3: fused_nn_contrib_conv2d_NCHWc_add_2] Trial #22: GFLOPs: 20.0186. Time: 10286.5266 us. Best GFLOPs: 47.1518
2023-12-19 14:16:18 [INFO] [task_scheduler.cc:131] [Task #3: fused_nn_contrib_conv2d_NCHWc_add_2] Trial #23: GFLOPs: 43.3655. Time: 4748.5277 us. Best GFLOPs: 47.1518
2023-12-19 14:16:18 [INFO] [task_scheduler.cc:131] [Task #3: fused_nn_contrib_conv2d_NCHWc_add_2] Trial #24: GFLOPs: 20.4884. Time: 10050.6899 us. Best GFLOPs: 47.1518
2023-12-19 14:16:18 [INFO] [task_scheduler.cc:131] [Task #3: fused_nn_contrib_conv2d_NCHWc_add_2] Trial #25: GFLOPs: 12.2058. Time: 16870.9199 us. Best GFLOPs: 47.1518
2023-12-19 14:16:18 [INFO] [task_scheduler.cc:131] [Task #3: fused_nn_contrib_conv2d_NCHWc_add_2] Trial #26: GFLOPs: 18.1127. Time: 11368.9612 us. Best GFLOPs: 47.1518
2023-12-19 14:16:18 [INFO] [task_scheduler.cc:131] [Task #3: fused_nn_contrib_conv2d_NCHWc_add_2] Trial #27: GFLOPs: 4.6308. Time: 44467.6570 us. Best GFLOPs: 47.1518
2023-12-19 14:16:18 [INFO] [task_scheduler.cc:131] [Task #3: fused_nn_contrib_conv2d_NCHWc_add_2] Trial #28: GFLOPs: 17.8193. Time: 11556.1234 us. Best GFLOPs: 47.1518
2023-12-19 14:16:18 [INFO] [task_scheduler.cc:131] [Task #3: fused_nn_contrib_conv2d_NCHWc_add_2] Trial #29: GFLOPs: 2.5375. Time: 81152.5830 us. Best GFLOPs: 47.1518
2023-12-19 14:16:18 [INFO] [task_scheduler.cc:131] [Task #3: fused_nn_contrib_conv2d_NCHWc_add_2] Trial #30: GFLOPs: 34.9712. Time: 5888.3466 us. Best GFLOPs: 47.1518
2023-12-19 14:16:18 [INFO] [task_scheduler.cc:131] [Task #3: fused_nn_contrib_conv2d_NCHWc_add_2] Trial #31: GFLOPs: 29.3524. Time: 7015.5088 us. Best GFLOPs: 47.1518
2023-12-19 14:16:18 [INFO] [task_scheduler.cc:131] [Task #3: fused_nn_contrib_conv2d_NCHWc_add_2] Trial #32: GFLOPs: 39.0600. Time: 5271.9464 us. Best GFLOPs: 47.1518
2023-12-19 14:16:18 [INFO] [task_scheduler.cc:131] [Task #3: fused_nn_contrib_conv2d_NCHWc_add_2] Trial #33: GFLOPs: 15.2928. Time: 13465.2724 us. Best GFLOPs: 47.1518
2023-12-19 14:16:18 [INFO] [task_scheduler.cc:131] [Task #3: fused_nn_contrib_conv2d_NCHWc_add_2] Trial #34: GFLOPs: 39.8264. Time: 5170.4989 us. Best GFLOPs: 47.1518
2023-12-19 14:16:18 [INFO] [task_scheduler.cc:131] [Task #3: fused_nn_contrib_conv2d_NCHWc_add_2] Trial #35: GFLOPs: 18.1742. Time: 11330.4448 us. Best GFLOPs: 47.1518
2023-12-19 14:16:18 [INFO] [task_scheduler.cc:131] [Task #3: fused_nn_contrib_conv2d_NCHWc_add_2] Trial #36: GFLOPs: 37.4458. Time: 5499.2152 us. Best GFLOPs: 47.1518
2023-12-19 14:16:18 [INFO] [task_scheduler.cc:131] [Task #3: fused_nn_contrib_conv2d_NCHWc_add_2] Trial #37: GFLOPs: 16.2802. Time: 12648.6614 us. Best GFLOPs: 47.1518
2023-12-19 14:16:18 [INFO] [task_scheduler.cc:131] [Task #3: fused_nn_contrib_conv2d_NCHWc_add_2] Trial #38: GFLOPs: 17.2620. Time: 11929.1936 us. Best GFLOPs: 47.1518
2023-12-19 14:16:18 [INFO] [task_scheduler.cc:131] [Task #3: fused_nn_contrib_conv2d_NCHWc_add_2] Trial #39: GFLOPs: 28.9385. Time: 7115.8695 us. Best GFLOPs: 47.1518
2023-12-19 14:16:18 [INFO] [task_scheduler.cc:131] [Task #3: fused_nn_contrib_conv2d_NCHWc_add_2] Trial #40: GFLOPs: 13.7688. Time: 14955.6831 us. Best GFLOPs: 47.1518
2023-12-19 14:16:18 [INFO] [task_scheduler.cc:131] [Task #3: fused_nn_contrib_conv2d_NCHWc_add_2] Trial #41: GFLOPs: 20.5481. Time: 10021.4591 us. Best GFLOPs: 47.1518
2023-12-19 14:16:18 [INFO] [task_scheduler.cc:131] [Task #3: fused_nn_contrib_conv2d_NCHWc_add_2] Trial #42: GFLOPs: 33.8005. Time: 6092.2810 us. Best GFLOPs: 47.1518
2023-12-19 14:16:18 [INFO] [task_scheduler.cc:131] [Task #3: fused_nn_contrib_conv2d_NCHWc_add_2] Trial #43: GFLOPs: 13.3995. Time: 15367.8964 us. Best GFLOPs: 47.1518
2023-12-19 14:16:18 [INFO] [task_scheduler.cc:131] [Task #3: fused_nn_contrib_conv2d_NCHWc_add_2] Trial #44: GFLOPs: 15.8911. Time: 12958.3525 us. Best GFLOPs: 47.1518
2023-12-19 14:16:18 [INFO] [task_scheduler.cc:131] [Task #3: fused_nn_contrib_conv2d_NCHWc_add_2] Trial #45: GFLOPs: 14.1966. Time: 14505.0497 us. Best GFLOPs: 47.1518
2023-12-19 14:16:18 [INFO] [task_scheduler.cc:131] [Task #3: fused_nn_contrib_conv2d_NCHWc_add_2] Trial #46: GFLOPs: 18.3650. Time: 11212.7850 us. Best GFLOPs: 47.1518
2023-12-19 14:16:18 [INFO] [task_scheduler.cc:131] [Task #3: fused_nn_contrib_conv2d_NCHWc_add_2] Trial #47: GFLOPs: 14.8241. Time: 13891.0666 us. Best GFLOPs: 47.1518
2023-12-19 14:16:18 [INFO] [task_scheduler.cc:131] [Task #3: fused_nn_contrib_conv2d_NCHWc_add_2] Trial #48: GFLOPs: 30.3432. Time: 6786.4295 us. Best GFLOPs: 47.1518
2023-12-19 14:16:18 [INFO] [task_scheduler.cc:131] [Task #3: fused_nn_contrib_conv2d_NCHWc_add_2] Trial #49: GFLOPs: 37.2917. Time: 5521.9403 us. Best GFLOPs: 47.1518
2023-12-19 14:16:18 [INFO] [task_scheduler.cc:131] [Task #3: fused_nn_contrib_conv2d_NCHWc_add_2] Trial #50: GFLOPs: 35.0999. Time: 5866.7472 us. Best GFLOPs: 47.1518
2023-12-19 14:16:18 [INFO] [task_scheduler.cc:131] [Task #3: fused_nn_contrib_conv2d_NCHWc_add_2] Trial #51: GFLOPs: 30.0808. Time: 6845.6447 us. Best GFLOPs: 47.1518
2023-12-19 14:16:18 [INFO] [task_scheduler.cc:131] [Task #3: fused_nn_contrib_conv2d_NCHWc_add_2] Trial #52: GFLOPs: 72.7797. Time: 2829.3916 us. Best GFLOPs: 72.7797
2023-12-19 14:16:18 [INFO] [task_scheduler.cc:131] [Task #3: fused_nn_contrib_conv2d_NCHWc_add_2] Trial #53: GFLOPs: 43.6780. Time: 4714.5555 us. Best GFLOPs: 72.7797
2023-12-19 14:16:18 [INFO] [task_scheduler.cc:131] [Task #3: fused_nn_contrib_conv2d_NCHWc_add_2] Trial #54: GFLOPs: 76.7690. Time: 2682.3642 us. Best GFLOPs: 76.7690
2023-12-19 14:16:18 [INFO] [task_scheduler.cc:131] [Task #3: fused_nn_contrib_conv2d_NCHWc_add_2] Trial #55: GFLOPs: 9.3445. Time: 22036.7424 us. Best GFLOPs: 76.7690
2023-12-19 14:16:18 [INFO] [task_scheduler.cc:131] [Task #3: fused_nn_contrib_conv2d_NCHWc_add_2] Trial #56: GFLOPs: 69.4571. Time: 2964.7407 us. Best GFLOPs: 76.7690
2023-12-19 14:16:18 [INFO] [task_scheduler.cc:131] [Task #3: fused_nn_contrib_conv2d_NCHWc_add_2] Trial #57: GFLOPs: 182.9870. Time: 1125.3387 us. Best GFLOPs: 182.9870
2023-12-19 14:16:18 [INFO] [task_scheduler.cc:131] [Task #3: fused_nn_contrib_conv2d_NCHWc_add_2] Trial #58: GFLOPs: 18.5289. Time: 11113.5658 us. Best GFLOPs: 182.9870
2023-12-19 14:16:18 [INFO] [task_scheduler.cc:131] [Task #3: fused_nn_contrib_conv2d_NCHWc_add_2] Trial #59: GFLOPs: 8.5160. Time: 24180.6562 us. Best GFLOPs: 182.9870
2023-12-19 14:16:18 [INFO] [task_scheduler.cc:131] [Task #3: fused_nn_contrib_conv2d_NCHWc_add_2] Trial #60: GFLOPs: 42.1213. Time: 4888.7897 us. Best GFLOPs: 182.9870
2023-12-19 14:16:18 [INFO] [task_scheduler.cc:131] [Task #3: fused_nn_contrib_conv2d_NCHWc_add_2] Trial #61: GFLOPs: 48.8622. Time: 4214.3440 us. Best GFLOPs: 182.9870
2023-12-19 14:16:18 [INFO] [task_scheduler.cc:131] [Task #3: fused_nn_contrib_conv2d_NCHWc_add_2] Trial #62: GFLOPs: 31.1941. Time: 6601.3131 us. Best GFLOPs: 182.9870
2023-12-19 14:16:18 [INFO] [task_scheduler.cc:131] [Task #3: fused_nn_contrib_conv2d_NCHWc_add_2] Trial #63: GFLOPs: 23.6189. Time: 8718.5232 us. Best GFLOPs: 182.9870
2023-12-19 14:16:18 [INFO] [task_scheduler.cc:131] [Task #3: fused_nn_contrib_conv2d_NCHWc_add_2] Trial #64: GFLOPs: 12.7226. Time: 16185.5386 us. Best GFLOPs: 182.9870
