2023-12-20 15:07:36 [INFO] [task_scheduler.cc:160] Initializing Task #50: "fused_nn_dense_add"
2023-12-20 15:07:36 [INFO] [task_scheduler.cc:35] 
# from tvm.script import ir as I
# from tvm.script import tir as T

@I.ir_module
class Module:
    @T.prim_func
    def main(p0: T.Buffer((T.int64(1), T.int64(2048)), "float32"), p1: T.Buffer((T.int64(1000), T.int64(2048)), "float32"), p2: T.Buffer((T.int64(1), T.int64(1000)), "float32"), T_add: T.Buffer((T.int64(1), T.int64(1000)), "float32")):
        T.func_attr({"layout_free_buffers": [1], "tir.noalias": T.bool(True)})
        # with T.block("root"):
        T_matmul_NT = T.alloc_buffer((T.int64(1), T.int64(1000)))
        for i0, i1, k in T.grid(T.int64(1), T.int64(1000), T.int64(2048)):
            with T.block("T_matmul_NT"):
                v_i0, v_i1, v_k = T.axis.remap("SSR", [i0, i1, k])
                T.reads(p0[v_i0, v_k], p1[v_i1, v_k])
                T.writes(T_matmul_NT[v_i0, v_i1])
                with T.init():
                    T_matmul_NT[v_i0, v_i1] = T.float32(0)
                T_matmul_NT[v_i0, v_i1] = T_matmul_NT[v_i0, v_i1] + p0[v_i0, v_k] * p1[v_i1, v_k]
        for ax0, ax1 in T.grid(T.int64(1), T.int64(1000)):
            with T.block("T_add"):
                v_ax0, v_ax1 = T.axis.remap("SS", [ax0, ax1])
                T.reads(T_matmul_NT[v_ax0, v_ax1], p2[v_ax0, v_ax1])
                T.writes(T_add[v_ax0, v_ax1])
                T_add[v_ax0, v_ax1] = T_matmul_NT[v_ax0, v_ax1] + p2[v_ax0, v_ax1]
2023-12-20 15:07:36 [INFO] [task_scheduler.cc:164] Total 3 design space(s) generated
2023-12-20 15:07:36 [INFO] [task_scheduler.cc:170] Design space #0:
# from tvm.script import ir as I
# from tvm.script import tir as T

@I.ir_module
class Module:
    @T.prim_func
    def main(p0: T.Buffer((T.int64(1), T.int64(2048)), "float32"), p1: T.Buffer((T.int64(1000), T.int64(2048)), "float32"), p2: T.Buffer((T.int64(1), T.int64(1000)), "float32"), T_add: T.Buffer((T.int64(1), T.int64(1000)), "float32")):
        T.func_attr({"layout_free_buffers": [1], "tir.noalias": T.bool(True)})
        with T.block("root"):
            T.reads()
            T.writes()
            T.block_attr({"meta_schedule.parallel": 256, "meta_schedule.unroll_explicit": 16, "meta_schedule.vectorize": 64})
            T_matmul_NT = T.alloc_buffer((T.int64(1), T.int64(1000)))
            for i0_0, i1_0, i0_1, i1_1, k_0, i0_2, i1_2, k_1, i0_3, i1_3 in T.grid(T.int64(1), T.int64(8), T.int64(1), T.int64(5), T.int64(512), T.int64(1), T.int64(25), T.int64(4), T.int64(1), T.int64(1)):
                with T.block("T_matmul_NT"):
                    v_i0 = T.axis.spatial(T.int64(1), i0_0 + i0_1 + i0_2 + i0_3)
                    v_i1 = T.axis.spatial(T.int64(1000), i1_0 * T.int64(125) + i1_1 * T.int64(25) + i1_2 + i1_3)
                    v_k = T.axis.reduce(T.int64(2048), k_0 * T.int64(4) + k_1)
                    T.reads(p0[v_i0, v_k], p1[v_i1, v_k])
                    T.writes(T_matmul_NT[v_i0, v_i1])
                    T.block_attr({"meta_schedule.tiling_structure": "SSRSRS"})
                    with T.init():
                        T_matmul_NT[v_i0, v_i1] = T.float32(0)
                    T_matmul_NT[v_i0, v_i1] = T_matmul_NT[v_i0, v_i1] + p0[v_i0, v_k] * p1[v_i1, v_k]
            for ax0, ax1 in T.grid(T.int64(1), T.int64(1000)):
                with T.block("T_add"):
                    v_ax0, v_ax1 = T.axis.remap("SS", [ax0, ax1])
                    T.reads(T_matmul_NT[v_ax0, v_ax1], p2[v_ax0, v_ax1])
                    T.writes(T_add[v_ax0, v_ax1])
                    T_add[v_ax0, v_ax1] = T_matmul_NT[v_ax0, v_ax1] + p2[v_ax0, v_ax1]
b0 = sch.get_block(name="T_matmul_NT", func_name="main")
b1 = sch.get_block(name="root", func_name="main")
sch.annotate(block_or_loop=b0, ann_key="meta_schedule.tiling_structure", ann_val="SSRSRS")
l2, l3, l4 = sch.get_loops(block=b0)
v5, v6, v7, v8 = sch.sample_perfect_tile(loop=l2, n=4, max_innermost_factor=64, decision=[1, 1, 1, 1])
l9, l10, l11, l12 = sch.split(loop=l2, factors=[v5, v6, v7, v8], preserve_unit_iters=True)
v13, v14, v15, v16 = sch.sample_perfect_tile(loop=l3, n=4, max_innermost_factor=64, decision=[8, 5, 25, 1])
l17, l18, l19, l20 = sch.split(loop=l3, factors=[v13, v14, v15, v16], preserve_unit_iters=True)
v21, v22 = sch.sample_perfect_tile(loop=l4, n=2, max_innermost_factor=64, decision=[512, 4])
l23, l24 = sch.split(loop=l4, factors=[v21, v22], preserve_unit_iters=True)
sch.reorder(l9, l17, l10, l18, l23, l11, l19, l24, l12, l20)
sch.annotate(block_or_loop=b1, ann_key="meta_schedule.parallel", ann_val=256)
sch.annotate(block_or_loop=b1, ann_key="meta_schedule.vectorize", ann_val=64)
v25 = sch.sample_categorical(candidates=[0, 16, 64, 512], probs=[0.25, 0.25, 0.25, 0.25], decision=1)
sch.annotate(block_or_loop=b1, ann_key="meta_schedule.unroll_explicit", ann_val=v25)
2023-12-20 15:07:36 [INFO] [task_scheduler.cc:170] Design space #1:
# from tvm.script import ir as I
# from tvm.script import tir as T

@I.ir_module
class Module:
    @T.prim_func
    def main(p0: T.Buffer((T.int64(1), T.int64(2048)), "float32"), p1: T.Buffer((T.int64(1000), T.int64(2048)), "float32"), p2: T.Buffer((T.int64(1), T.int64(1000)), "float32"), T_add: T.Buffer((T.int64(1), T.int64(1000)), "float32")):
        T.func_attr({"layout_free_buffers": [1], "tir.noalias": T.bool(True)})
        with T.block("root"):
            T.reads()
            T.writes()
            T.block_attr({"meta_schedule.parallel": 256, "meta_schedule.unroll_explicit": 64, "meta_schedule.vectorize": 64})
            T_matmul_NT = T.alloc_buffer((T.int64(1), T.int64(1000)))
            for i0_0, i1_0, i0_1, i1_1 in T.grid(T.int64(1), T.int64(8), T.int64(1), T.int64(5)):
                for k_0, i0_2, i1_2, k_1, i0_3, i1_3 in T.grid(T.int64(512), T.int64(1), T.int64(25), T.int64(4), T.int64(1), T.int64(1)):
                    with T.block("T_matmul_NT"):
                        v_i0 = T.axis.spatial(T.int64(1), i0_0 + i0_1 + i0_2 + i0_3)
                        v_i1 = T.axis.spatial(T.int64(1000), i1_0 * T.int64(125) + i1_1 * T.int64(25) + i1_2 + i1_3)
                        v_k = T.axis.reduce(T.int64(2048), k_0 * T.int64(4) + k_1)
                        T.reads(p0[v_i0, v_k], p1[v_i1, v_k])
                        T.writes(T_matmul_NT[v_i0, v_i1])
                        T.block_attr({"meta_schedule.tiling_structure": "SSRSRS"})
                        with T.init():
                            T_matmul_NT[v_i0, v_i1] = T.float32(0)
                        T_matmul_NT[v_i0, v_i1] = T_matmul_NT[v_i0, v_i1] + p0[v_i0, v_k] * p1[v_i1, v_k]
                for ax0, ax1 in T.grid(T.int64(1), T.int64(25)):
                    with T.block("T_add"):
                        v_ax0 = T.axis.spatial(T.int64(1), ax0)
                        v_ax1 = T.axis.spatial(T.int64(1000), i1_0 * T.int64(125) + i1_1 * T.int64(25) + ax1)
                        T.reads(T_matmul_NT[v_ax0, v_ax1], p2[v_ax0, v_ax1])
                        T.writes(T_add[v_ax0, v_ax1])
                        T_add[v_ax0, v_ax1] = T_matmul_NT[v_ax0, v_ax1] + p2[v_ax0, v_ax1]
b0 = sch.get_block(name="T_matmul_NT", func_name="main")
b1 = sch.get_block(name="root", func_name="main")
sch.annotate(block_or_loop=b0, ann_key="meta_schedule.tiling_structure", ann_val="SSRSRS")
l2, l3, l4 = sch.get_loops(block=b0)
v5, v6, v7, v8 = sch.sample_perfect_tile(loop=l2, n=4, max_innermost_factor=64, decision=[1, 1, 1, 1])
l9, l10, l11, l12 = sch.split(loop=l2, factors=[v5, v6, v7, v8], preserve_unit_iters=True)
v13, v14, v15, v16 = sch.sample_perfect_tile(loop=l3, n=4, max_innermost_factor=64, decision=[8, 5, 25, 1])
l17, l18, l19, l20 = sch.split(loop=l3, factors=[v13, v14, v15, v16], preserve_unit_iters=True)
v21, v22 = sch.sample_perfect_tile(loop=l4, n=2, max_innermost_factor=64, decision=[512, 4])
l23, l24 = sch.split(loop=l4, factors=[v21, v22], preserve_unit_iters=True)
sch.reorder(l9, l17, l10, l18, l23, l11, l19, l24, l12, l20)
b25, = sch.get_consumers(block=b0)
sch.reverse_compute_at(block=b25, loop=l18, preserve_unit_loops=True, index=-1)
sch.annotate(block_or_loop=b1, ann_key="meta_schedule.parallel", ann_val=256)
sch.annotate(block_or_loop=b1, ann_key="meta_schedule.vectorize", ann_val=64)
v26 = sch.sample_categorical(candidates=[0, 16, 64, 512], probs=[0.25, 0.25, 0.25, 0.25], decision=2)
sch.annotate(block_or_loop=b1, ann_key="meta_schedule.unroll_explicit", ann_val=v26)
2023-12-20 15:07:36 [INFO] [task_scheduler.cc:170] Design space #2:
# from tvm.script import ir as I
# from tvm.script import tir as T

@I.ir_module
class Module:
    @T.prim_func
    def main(p0: T.Buffer((T.int64(1), T.int64(2048)), "float32"), p1: T.Buffer((T.int64(1000), T.int64(2048)), "float32"), p2: T.Buffer((T.int64(1), T.int64(1000)), "float32"), T_add: T.Buffer((T.int64(1), T.int64(1000)), "float32")):
        T.func_attr({"layout_free_buffers": [1], "tir.noalias": T.bool(True)})
        with T.block("root"):
            T.reads()
            T.writes()
            T.block_attr({"meta_schedule.parallel": 256, "meta_schedule.unroll_explicit": 64, "meta_schedule.vectorize": 64})
            T_matmul_NT = T.alloc_buffer((T.int64(1), T.int64(1000)))
            for i0_0, i1_0 in T.grid(T.int64(1), T.int64(8)):
                for i0_1, i1_1, k_0, i0_2, i1_2, k_1, i0_3, i1_3 in T.grid(T.int64(1), T.int64(5), T.int64(512), T.int64(1), T.int64(25), T.int64(4), T.int64(1), T.int64(1)):
                    with T.block("T_matmul_NT"):
                        v_i0 = T.axis.spatial(T.int64(1), i0_0 + i0_1 + i0_2 + i0_3)
                        v_i1 = T.axis.spatial(T.int64(1000), i1_0 * T.int64(125) + i1_1 * T.int64(25) + i1_2 + i1_3)
                        v_k = T.axis.reduce(T.int64(2048), k_0 * T.int64(4) + k_1)
                        T.reads(p0[v_i0, v_k], p1[v_i1, v_k])
                        T.writes(T_matmul_NT[v_i0, v_i1])
                        T.block_attr({"meta_schedule.tiling_structure": "SSRSRS"})
                        with T.init():
                            T_matmul_NT[v_i0, v_i1] = T.float32(0)
                        T_matmul_NT[v_i0, v_i1] = T_matmul_NT[v_i0, v_i1] + p0[v_i0, v_k] * p1[v_i1, v_k]
                for ax0, ax1 in T.grid(T.int64(1), T.int64(125)):
                    with T.block("T_add"):
                        v_ax0 = T.axis.spatial(T.int64(1), ax0)
                        v_ax1 = T.axis.spatial(T.int64(1000), i1_0 * T.int64(125) + ax1)
                        T.reads(T_matmul_NT[v_ax0, v_ax1], p2[v_ax0, v_ax1])
                        T.writes(T_add[v_ax0, v_ax1])
                        T_add[v_ax0, v_ax1] = T_matmul_NT[v_ax0, v_ax1] + p2[v_ax0, v_ax1]
b0 = sch.get_block(name="T_matmul_NT", func_name="main")
b1 = sch.get_block(name="root", func_name="main")
sch.annotate(block_or_loop=b0, ann_key="meta_schedule.tiling_structure", ann_val="SSRSRS")
l2, l3, l4 = sch.get_loops(block=b0)
v5, v6, v7, v8 = sch.sample_perfect_tile(loop=l2, n=4, max_innermost_factor=64, decision=[1, 1, 1, 1])
l9, l10, l11, l12 = sch.split(loop=l2, factors=[v5, v6, v7, v8], preserve_unit_iters=True)
v13, v14, v15, v16 = sch.sample_perfect_tile(loop=l3, n=4, max_innermost_factor=64, decision=[8, 5, 25, 1])
l17, l18, l19, l20 = sch.split(loop=l3, factors=[v13, v14, v15, v16], preserve_unit_iters=True)
v21, v22 = sch.sample_perfect_tile(loop=l4, n=2, max_innermost_factor=64, decision=[512, 4])
l23, l24 = sch.split(loop=l4, factors=[v21, v22], preserve_unit_iters=True)
sch.reorder(l9, l17, l10, l18, l23, l11, l19, l24, l12, l20)
b25, = sch.get_consumers(block=b0)
sch.reverse_compute_at(block=b25, loop=l17, preserve_unit_loops=True, index=-1)
sch.annotate(block_or_loop=b1, ann_key="meta_schedule.parallel", ann_val=256)
sch.annotate(block_or_loop=b1, ann_key="meta_schedule.vectorize", ann_val=64)
v26 = sch.sample_categorical(candidates=[0, 16, 64, 512], probs=[0.25, 0.25, 0.25, 0.25], decision=2)
sch.annotate(block_or_loop=b1, ann_key="meta_schedule.unroll_explicit", ann_val=v26)
2023-12-20 15:27:24 [INFO] [task_scheduler.cc:160] Initializing Task #50: "fused_nn_dense_add"
2023-12-20 15:27:24 [INFO] [task_scheduler.cc:35] 
# from tvm.script import ir as I
# from tvm.script import tir as T

@I.ir_module
class Module:
    @T.prim_func
    def main(p0: T.Buffer((T.int64(1), T.int64(2048)), "float32"), p1: T.Buffer((T.int64(1000), T.int64(2048)), "float32"), p2: T.Buffer((T.int64(1), T.int64(1000)), "float32"), T_add: T.Buffer((T.int64(1), T.int64(1000)), "float32")):
        T.func_attr({"layout_free_buffers": [1], "tir.noalias": T.bool(True)})
        # with T.block("root"):
        T_matmul_NT = T.alloc_buffer((T.int64(1), T.int64(1000)))
        for i0, i1, k in T.grid(T.int64(1), T.int64(1000), T.int64(2048)):
            with T.block("T_matmul_NT"):
                v_i0, v_i1, v_k = T.axis.remap("SSR", [i0, i1, k])
                T.reads(p0[v_i0, v_k], p1[v_i1, v_k])
                T.writes(T_matmul_NT[v_i0, v_i1])
                with T.init():
                    T_matmul_NT[v_i0, v_i1] = T.float32(0)
                T_matmul_NT[v_i0, v_i1] = T_matmul_NT[v_i0, v_i1] + p0[v_i0, v_k] * p1[v_i1, v_k]
        for ax0, ax1 in T.grid(T.int64(1), T.int64(1000)):
            with T.block("T_add"):
                v_ax0, v_ax1 = T.axis.remap("SS", [ax0, ax1])
                T.reads(T_matmul_NT[v_ax0, v_ax1], p2[v_ax0, v_ax1])
                T.writes(T_add[v_ax0, v_ax1])
                T_add[v_ax0, v_ax1] = T_matmul_NT[v_ax0, v_ax1] + p2[v_ax0, v_ax1]
2023-12-20 15:27:24 [INFO] [task_scheduler.cc:164] Total 3 design space(s) generated
2023-12-20 15:27:24 [INFO] [task_scheduler.cc:170] Design space #0:
# from tvm.script import ir as I
# from tvm.script import tir as T

@I.ir_module
class Module:
    @T.prim_func
    def main(p0: T.Buffer((T.int64(1), T.int64(2048)), "float32"), p1: T.Buffer((T.int64(1000), T.int64(2048)), "float32"), p2: T.Buffer((T.int64(1), T.int64(1000)), "float32"), T_add: T.Buffer((T.int64(1), T.int64(1000)), "float32")):
        T.func_attr({"layout_free_buffers": [1], "tir.noalias": T.bool(True)})
        with T.block("root"):
            T.reads()
            T.writes()
            T.block_attr({"meta_schedule.parallel": 256, "meta_schedule.unroll_explicit": 64, "meta_schedule.vectorize": 64})
            T_matmul_NT = T.alloc_buffer((T.int64(1), T.int64(1000)))
            for i0_0, i1_0, i0_1, i1_1, k_0, i0_2, i1_2, k_1, i0_3, i1_3 in T.grid(T.int64(1), T.int64(125), T.int64(1), T.int64(1), T.int64(2048), T.int64(1), T.int64(4), T.int64(1), T.int64(1), T.int64(2)):
                with T.block("T_matmul_NT"):
                    v_i0 = T.axis.spatial(T.int64(1), i0_0 + i0_1 + i0_2 + i0_3)
                    v_i1 = T.axis.spatial(T.int64(1000), i1_0 * T.int64(8) + i1_1 * T.int64(8) + i1_2 * T.int64(2) + i1_3)
                    v_k = T.axis.reduce(T.int64(2048), k_0 + k_1)
                    T.reads(p0[v_i0, v_k], p1[v_i1, v_k])
                    T.writes(T_matmul_NT[v_i0, v_i1])
                    T.block_attr({"meta_schedule.tiling_structure": "SSRSRS"})
                    with T.init():
                        T_matmul_NT[v_i0, v_i1] = T.float32(0)
                    T_matmul_NT[v_i0, v_i1] = T_matmul_NT[v_i0, v_i1] + p0[v_i0, v_k] * p1[v_i1, v_k]
            for ax0, ax1 in T.grid(T.int64(1), T.int64(1000)):
                with T.block("T_add"):
                    v_ax0, v_ax1 = T.axis.remap("SS", [ax0, ax1])
                    T.reads(T_matmul_NT[v_ax0, v_ax1], p2[v_ax0, v_ax1])
                    T.writes(T_add[v_ax0, v_ax1])
                    T_add[v_ax0, v_ax1] = T_matmul_NT[v_ax0, v_ax1] + p2[v_ax0, v_ax1]
b0 = sch.get_block(name="T_matmul_NT", func_name="main")
b1 = sch.get_block(name="root", func_name="main")
sch.annotate(block_or_loop=b0, ann_key="meta_schedule.tiling_structure", ann_val="SSRSRS")
l2, l3, l4 = sch.get_loops(block=b0)
v5, v6, v7, v8 = sch.sample_perfect_tile(loop=l2, n=4, max_innermost_factor=64, decision=[1, 1, 1, 1])
l9, l10, l11, l12 = sch.split(loop=l2, factors=[v5, v6, v7, v8], preserve_unit_iters=True)
v13, v14, v15, v16 = sch.sample_perfect_tile(loop=l3, n=4, max_innermost_factor=64, decision=[125, 1, 4, 2])
l17, l18, l19, l20 = sch.split(loop=l3, factors=[v13, v14, v15, v16], preserve_unit_iters=True)
v21, v22 = sch.sample_perfect_tile(loop=l4, n=2, max_innermost_factor=64, decision=[2048, 1])
l23, l24 = sch.split(loop=l4, factors=[v21, v22], preserve_unit_iters=True)
sch.reorder(l9, l17, l10, l18, l23, l11, l19, l24, l12, l20)
sch.annotate(block_or_loop=b1, ann_key="meta_schedule.parallel", ann_val=256)
sch.annotate(block_or_loop=b1, ann_key="meta_schedule.vectorize", ann_val=64)
v25 = sch.sample_categorical(candidates=[0, 16, 64, 512], probs=[0.25, 0.25, 0.25, 0.25], decision=2)
sch.annotate(block_or_loop=b1, ann_key="meta_schedule.unroll_explicit", ann_val=v25)
2023-12-20 15:27:24 [INFO] [task_scheduler.cc:170] Design space #1:
# from tvm.script import ir as I
# from tvm.script import tir as T

@I.ir_module
class Module:
    @T.prim_func
    def main(p0: T.Buffer((T.int64(1), T.int64(2048)), "float32"), p1: T.Buffer((T.int64(1000), T.int64(2048)), "float32"), p2: T.Buffer((T.int64(1), T.int64(1000)), "float32"), T_add: T.Buffer((T.int64(1), T.int64(1000)), "float32")):
        T.func_attr({"layout_free_buffers": [1], "tir.noalias": T.bool(True)})
        with T.block("root"):
            T.reads()
            T.writes()
            T.block_attr({"meta_schedule.parallel": 256, "meta_schedule.unroll_explicit": 64, "meta_schedule.vectorize": 64})
            T_matmul_NT = T.alloc_buffer((T.int64(1), T.int64(1000)))
            for i0_0, i1_0, i0_1, i1_1 in T.grid(T.int64(1), T.int64(125), T.int64(1), T.int64(1)):
                for k_0, i0_2, i1_2, k_1, i0_3, i1_3 in T.grid(T.int64(2048), T.int64(1), T.int64(4), T.int64(1), T.int64(1), T.int64(2)):
                    with T.block("T_matmul_NT"):
                        v_i0 = T.axis.spatial(T.int64(1), i0_0 + i0_1 + i0_2 + i0_3)
                        v_i1 = T.axis.spatial(T.int64(1000), i1_0 * T.int64(8) + i1_1 * T.int64(8) + i1_2 * T.int64(2) + i1_3)
                        v_k = T.axis.reduce(T.int64(2048), k_0 + k_1)
                        T.reads(p0[v_i0, v_k], p1[v_i1, v_k])
                        T.writes(T_matmul_NT[v_i0, v_i1])
                        T.block_attr({"meta_schedule.tiling_structure": "SSRSRS"})
                        with T.init():
                            T_matmul_NT[v_i0, v_i1] = T.float32(0)
                        T_matmul_NT[v_i0, v_i1] = T_matmul_NT[v_i0, v_i1] + p0[v_i0, v_k] * p1[v_i1, v_k]
                for ax0, ax1 in T.grid(T.int64(1), T.int64(8)):
                    with T.block("T_add"):
                        v_ax0 = T.axis.spatial(T.int64(1), ax0)
                        v_ax1 = T.axis.spatial(T.int64(1000), i1_0 * T.int64(8) + ax1)
                        T.reads(T_matmul_NT[v_ax0, v_ax1], p2[v_ax0, v_ax1])
                        T.writes(T_add[v_ax0, v_ax1])
                        T_add[v_ax0, v_ax1] = T_matmul_NT[v_ax0, v_ax1] + p2[v_ax0, v_ax1]
b0 = sch.get_block(name="T_matmul_NT", func_name="main")
b1 = sch.get_block(name="root", func_name="main")
sch.annotate(block_or_loop=b0, ann_key="meta_schedule.tiling_structure", ann_val="SSRSRS")
l2, l3, l4 = sch.get_loops(block=b0)
v5, v6, v7, v8 = sch.sample_perfect_tile(loop=l2, n=4, max_innermost_factor=64, decision=[1, 1, 1, 1])
l9, l10, l11, l12 = sch.split(loop=l2, factors=[v5, v6, v7, v8], preserve_unit_iters=True)
v13, v14, v15, v16 = sch.sample_perfect_tile(loop=l3, n=4, max_innermost_factor=64, decision=[125, 1, 4, 2])
l17, l18, l19, l20 = sch.split(loop=l3, factors=[v13, v14, v15, v16], preserve_unit_iters=True)
v21, v22 = sch.sample_perfect_tile(loop=l4, n=2, max_innermost_factor=64, decision=[2048, 1])
l23, l24 = sch.split(loop=l4, factors=[v21, v22], preserve_unit_iters=True)
sch.reorder(l9, l17, l10, l18, l23, l11, l19, l24, l12, l20)
b25, = sch.get_consumers(block=b0)
sch.reverse_compute_at(block=b25, loop=l18, preserve_unit_loops=True, index=-1)
sch.annotate(block_or_loop=b1, ann_key="meta_schedule.parallel", ann_val=256)
sch.annotate(block_or_loop=b1, ann_key="meta_schedule.vectorize", ann_val=64)
v26 = sch.sample_categorical(candidates=[0, 16, 64, 512], probs=[0.25, 0.25, 0.25, 0.25], decision=2)
sch.annotate(block_or_loop=b1, ann_key="meta_schedule.unroll_explicit", ann_val=v26)
2023-12-20 15:27:24 [INFO] [task_scheduler.cc:170] Design space #2:
# from tvm.script import ir as I
# from tvm.script import tir as T

@I.ir_module
class Module:
    @T.prim_func
    def main(p0: T.Buffer((T.int64(1), T.int64(2048)), "float32"), p1: T.Buffer((T.int64(1000), T.int64(2048)), "float32"), p2: T.Buffer((T.int64(1), T.int64(1000)), "float32"), T_add: T.Buffer((T.int64(1), T.int64(1000)), "float32")):
        T.func_attr({"layout_free_buffers": [1], "tir.noalias": T.bool(True)})
        with T.block("root"):
            T.reads()
            T.writes()
            T.block_attr({"meta_schedule.parallel": 256, "meta_schedule.unroll_explicit": 512, "meta_schedule.vectorize": 64})
            T_matmul_NT = T.alloc_buffer((T.int64(1), T.int64(1000)))
            for i0_0, i1_0 in T.grid(T.int64(1), T.int64(125)):
                for i0_1, i1_1, k_0, i0_2, i1_2, k_1, i0_3, i1_3 in T.grid(T.int64(1), T.int64(1), T.int64(2048), T.int64(1), T.int64(4), T.int64(1), T.int64(1), T.int64(2)):
                    with T.block("T_matmul_NT"):
                        v_i0 = T.axis.spatial(T.int64(1), i0_0 + i0_1 + i0_2 + i0_3)
                        v_i1 = T.axis.spatial(T.int64(1000), i1_0 * T.int64(8) + i1_1 * T.int64(8) + i1_2 * T.int64(2) + i1_3)
                        v_k = T.axis.reduce(T.int64(2048), k_0 + k_1)
                        T.reads(p0[v_i0, v_k], p1[v_i1, v_k])
                        T.writes(T_matmul_NT[v_i0, v_i1])
                        T.block_attr({"meta_schedule.tiling_structure": "SSRSRS"})
                        with T.init():
                            T_matmul_NT[v_i0, v_i1] = T.float32(0)
                        T_matmul_NT[v_i0, v_i1] = T_matmul_NT[v_i0, v_i1] + p0[v_i0, v_k] * p1[v_i1, v_k]
                for ax0, ax1 in T.grid(T.int64(1), T.int64(8)):
                    with T.block("T_add"):
                        v_ax0 = T.axis.spatial(T.int64(1), ax0)
                        v_ax1 = T.axis.spatial(T.int64(1000), i1_0 * T.int64(8) + ax1)
                        T.reads(T_matmul_NT[v_ax0, v_ax1], p2[v_ax0, v_ax1])
                        T.writes(T_add[v_ax0, v_ax1])
                        T_add[v_ax0, v_ax1] = T_matmul_NT[v_ax0, v_ax1] + p2[v_ax0, v_ax1]
b0 = sch.get_block(name="T_matmul_NT", func_name="main")
b1 = sch.get_block(name="root", func_name="main")
sch.annotate(block_or_loop=b0, ann_key="meta_schedule.tiling_structure", ann_val="SSRSRS")
l2, l3, l4 = sch.get_loops(block=b0)
v5, v6, v7, v8 = sch.sample_perfect_tile(loop=l2, n=4, max_innermost_factor=64, decision=[1, 1, 1, 1])
l9, l10, l11, l12 = sch.split(loop=l2, factors=[v5, v6, v7, v8], preserve_unit_iters=True)
v13, v14, v15, v16 = sch.sample_perfect_tile(loop=l3, n=4, max_innermost_factor=64, decision=[125, 1, 4, 2])
l17, l18, l19, l20 = sch.split(loop=l3, factors=[v13, v14, v15, v16], preserve_unit_iters=True)
v21, v22 = sch.sample_perfect_tile(loop=l4, n=2, max_innermost_factor=64, decision=[2048, 1])
l23, l24 = sch.split(loop=l4, factors=[v21, v22], preserve_unit_iters=True)
sch.reorder(l9, l17, l10, l18, l23, l11, l19, l24, l12, l20)
b25, = sch.get_consumers(block=b0)
sch.reverse_compute_at(block=b25, loop=l17, preserve_unit_loops=True, index=-1)
sch.annotate(block_or_loop=b1, ann_key="meta_schedule.parallel", ann_val=256)
sch.annotate(block_or_loop=b1, ann_key="meta_schedule.vectorize", ann_val=64)
v26 = sch.sample_categorical(candidates=[0, 16, 64, 512], probs=[0.25, 0.25, 0.25, 0.25], decision=3)
sch.annotate(block_or_loop=b1, ann_key="meta_schedule.unroll_explicit", ann_val=v26)
