2023-12-19 14:10:20 [INFO] [task_scheduler.cc:160] Initializing Task #8: "fused_nn_max_pool2d"
2023-12-19 14:10:20 [INFO] [task_scheduler.cc:35] 
# from tvm.script import ir as I
# from tvm.script import tir as T

@I.ir_module
class Module:
    @T.prim_func
    def main(p0: T.Buffer((T.int64(1), T.int64(2), T.int64(112), T.int64(112), T.int64(32)), "float32"), pool_max: T.Buffer((T.int64(1), T.int64(2), T.int64(56), T.int64(56), T.int64(32)), "float32")):
        T.func_attr({"tir.noalias": T.bool(True)})
        # with T.block("root"):
        pad_temp = T.alloc_buffer((T.int64(1), T.int64(2), T.int64(114), T.int64(114), T.int64(32)))
        for ax0, ax1, ax2, ax3, ax4 in T.grid(T.int64(1), T.int64(2), T.int64(114), T.int64(114), T.int64(32)):
            with T.block("pad_temp"):
                v_ax0, v_ax1, v_ax2, v_ax3, v_ax4 = T.axis.remap("SSSSS", [ax0, ax1, ax2, ax3, ax4])
                T.reads(p0[v_ax0, v_ax1, v_ax2 - T.int64(1), v_ax3 - T.int64(1), v_ax4])
                T.writes(pad_temp[v_ax0, v_ax1, v_ax2, v_ax3, v_ax4])
                pad_temp[v_ax0, v_ax1, v_ax2, v_ax3, v_ax4] = T.if_then_else(T.int64(1) <= v_ax2 and v_ax2 < T.int64(113) and T.int64(1) <= v_ax3 and v_ax3 < T.int64(113), p0[v_ax0, v_ax1, v_ax2 - T.int64(1), v_ax3 - T.int64(1), v_ax4], T.float32(-3.4028234663852886e+38))
        for ax0, ax1, ax2, ax3, ax4, rv0, rv1 in T.grid(T.int64(1), T.int64(2), T.int64(56), T.int64(56), T.int64(32), T.int64(3), T.int64(3)):
            with T.block("pool_max"):
                v_ax0, v_ax1, v_ax2, v_ax3, v_ax4, v_rv0, v_rv1 = T.axis.remap("SSSSSRR", [ax0, ax1, ax2, ax3, ax4, rv0, rv1])
                T.reads(pad_temp[v_ax0, v_ax1, v_ax2 * T.int64(2) + v_rv0, v_ax3 * T.int64(2) + v_rv1, v_ax4])
                T.writes(pool_max[v_ax0, v_ax1, v_ax2, v_ax3, v_ax4])
                T.block_attr({"schedule_rule": "meta_schedule.pool_max"})
                with T.init():
                    pool_max[v_ax0, v_ax1, v_ax2, v_ax3, v_ax4] = T.float32(-3.4028234663852886e+38)
                pool_max[v_ax0, v_ax1, v_ax2, v_ax3, v_ax4] = T.max(pool_max[v_ax0, v_ax1, v_ax2, v_ax3, v_ax4], pad_temp[v_ax0, v_ax1, v_ax2 * T.int64(2) + v_rv0, v_ax3 * T.int64(2) + v_rv1, v_ax4])
2023-12-19 14:10:20 [INFO] [task_scheduler.cc:164] Total 3 design space(s) generated
2023-12-19 14:10:20 [INFO] [task_scheduler.cc:170] Design space #0:
# from tvm.script import ir as I
# from tvm.script import tir as T

@I.ir_module
class Module:
    @T.prim_func
    def main(p0: T.Buffer((T.int64(1), T.int64(2), T.int64(112), T.int64(112), T.int64(32)), "float32"), pool_max: T.Buffer((T.int64(1), T.int64(2), T.int64(56), T.int64(56), T.int64(32)), "float32")):
        T.func_attr({"tir.noalias": T.bool(True)})
        with T.block("root"):
            T.reads()
            T.writes()
            T.block_attr({"meta_schedule.parallel": 256, "meta_schedule.unroll_explicit": 16, "meta_schedule.vectorize": 64})
            pad_temp = T.alloc_buffer((T.int64(1), T.int64(2), T.int64(114), T.int64(114), T.int64(32)))
            pool_max_rf = T.alloc_buffer((T.int64(1), T.int64(2), T.int64(56), T.int64(56), T.int64(32), T.int64(1)))
            for ax0, ax1, ax2, ax3 in T.grid(T.int64(1), T.int64(2), T.int64(56), T.int64(56)):
                for ax0_1, ax1_1, ax2_1, ax3_1, ax4 in T.grid(T.int64(1), T.int64(1), T.int64(3), T.int64(3), T.int64(32)):
                    with T.block("pad_temp"):
                        v_ax0 = T.axis.spatial(T.int64(1), ax0_1)
                        v_ax1 = T.axis.spatial(T.int64(2), ax1 + ax1_1)
                        v_ax2 = T.axis.spatial(T.int64(114), ax2 * T.int64(2) + ax2_1)
                        v_ax3 = T.axis.spatial(T.int64(114), ax3 * T.int64(2) + ax3_1)
                        v_ax4 = T.axis.spatial(T.int64(32), ax4)
                        T.reads(p0[v_ax0, v_ax1, v_ax2 - T.int64(1), v_ax3 - T.int64(1), v_ax4])
                        T.writes(pad_temp[v_ax0, v_ax1, v_ax2, v_ax3, v_ax4])
                        pad_temp[v_ax0, v_ax1, v_ax2, v_ax3, v_ax4] = T.if_then_else(T.int64(1) <= v_ax2 and v_ax2 < T.int64(113) and T.int64(1) <= v_ax3 and v_ax3 < T.int64(113), p0[v_ax0, v_ax1, v_ax2 - T.int64(1), v_ax3 - T.int64(1), v_ax4], T.float32(-3.4028234663852886e+38))
                for ax4, rv0_rv1_fused_0, rv0_rv1_fused_1 in T.grid(T.int64(32), T.int64(1), T.int64(9)):
                    with T.block("pool_max_rf"):
                        vrv0_rv1_fused_0, v_ax0, v_ax1, v_ax2, v_ax3, v_ax4, vrv0_rv1_fused_1 = T.axis.remap("SSSSSSR", [rv0_rv1_fused_0, ax0, ax1, ax2, ax3, ax4, rv0_rv1_fused_1])
                        T.reads(pad_temp[v_ax0, v_ax1, v_ax2 * T.int64(2) + (vrv0_rv1_fused_0 * T.int64(9) + vrv0_rv1_fused_1) // T.int64(3), v_ax3 * T.int64(2) + (vrv0_rv1_fused_0 * T.int64(9) + vrv0_rv1_fused_1) % T.int64(3), v_ax4])
                        T.writes(pool_max_rf[v_ax0, v_ax1, v_ax2, v_ax3, v_ax4, vrv0_rv1_fused_0])
                        with T.init():
                            pool_max_rf[v_ax0, v_ax1, v_ax2, v_ax3, v_ax4, vrv0_rv1_fused_0] = T.float32(-3.4028234663852886e+38)
                        pool_max_rf[v_ax0, v_ax1, v_ax2, v_ax3, v_ax4, vrv0_rv1_fused_0] = T.max(pool_max_rf[v_ax0, v_ax1, v_ax2, v_ax3, v_ax4, vrv0_rv1_fused_0], pad_temp[v_ax0, v_ax1, v_ax2 * T.int64(2) + (vrv0_rv1_fused_0 * T.int64(9) + vrv0_rv1_fused_1) // T.int64(3), v_ax3 * T.int64(2) + (vrv0_rv1_fused_0 * T.int64(9) + vrv0_rv1_fused_1) % T.int64(3), v_ax4])
            for ax0, ax1, ax2, ax3, ax4, rv0_rv1_fused_0 in T.grid(T.int64(1), T.int64(2), T.int64(56), T.int64(56), T.int64(32), T.int64(1)):
                with T.block("pool_max"):
                    vrv0_rv1_fused_0, v_ax0, v_ax1, v_ax2, v_ax3, v_ax4 = T.axis.remap("RSSSSS", [rv0_rv1_fused_0, ax0, ax1, ax2, ax3, ax4])
                    T.reads(pool_max_rf[v_ax0, v_ax1, v_ax2, v_ax3, v_ax4, vrv0_rv1_fused_0])
                    T.writes(pool_max[v_ax0, v_ax1, v_ax2, v_ax3, v_ax4])
                    T.block_attr({"meta_schedule.random_compute_producer": 1})
                    with T.init():
                        pool_max[v_ax0, v_ax1, v_ax2, v_ax3, v_ax4] = T.float32(-3.4028234663852886e+38)
                    pool_max[v_ax0, v_ax1, v_ax2, v_ax3, v_ax4] = T.max(pool_max[v_ax0, v_ax1, v_ax2, v_ax3, v_ax4], pool_max_rf[v_ax0, v_ax1, v_ax2, v_ax3, v_ax4, vrv0_rv1_fused_0])
b0 = sch.get_block(name="pad_temp", func_name="main")
b1 = sch.get_block(name="pool_max", func_name="main")
b2 = sch.get_block(name="root", func_name="main")
sch.unannotate(block_or_loop=b1, ann_key="schedule_rule")
l3, l4, l5, l6, l7, l8, l9 = sch.get_loops(block=b1)
l10 = sch.fuse(l8, l9, preserve_unit_iters=True)
v11, v12 = sch.sample_perfect_tile(loop=l10, n=2, max_innermost_factor=64, decision=[1, 9])
l13, l14 = sch.split(loop=l10, factors=[v11, v12], preserve_unit_iters=True)
b15 = sch.rfactor(loop=l13, factor_axis=5)
sch.annotate(block_or_loop=b1, ann_key="meta_schedule.random_compute_producer", ann_val=1)
sch.annotate(block_or_loop=b2, ann_key="meta_schedule.parallel", ann_val=256)
sch.annotate(block_or_loop=b2, ann_key="meta_schedule.vectorize", ann_val=64)
v16 = sch.sample_categorical(candidates=[0, 16, 64, 512], probs=[0.25, 0.25, 0.25, 0.25], decision=1)
sch.annotate(block_or_loop=b2, ann_key="meta_schedule.unroll_explicit", ann_val=v16)
l17 = sch.sample_compute_location(block=b0, decision=3)
sch.compute_at(block=b0, loop=l17, preserve_unit_loops=True, index=-1)
2023-12-19 14:10:20 [INFO] [task_scheduler.cc:170] Design space #1:
# from tvm.script import ir as I
# from tvm.script import tir as T

@I.ir_module
class Module:
    @T.prim_func
    def main(p0: T.Buffer((T.int64(1), T.int64(2), T.int64(112), T.int64(112), T.int64(32)), "float32"), pool_max: T.Buffer((T.int64(1), T.int64(2), T.int64(56), T.int64(56), T.int64(32)), "float32")):
        T.func_attr({"tir.noalias": T.bool(True)})
        with T.block("root"):
            T.reads()
            T.writes()
            T.block_attr({"meta_schedule.parallel": 256, "meta_schedule.unroll_explicit": 512, "meta_schedule.vectorize": 64})
            pad_temp = T.alloc_buffer((T.int64(1), T.int64(2), T.int64(114), T.int64(114), T.int64(32)))
            pool_max_rf = T.alloc_buffer((T.int64(1), T.int64(2), T.int64(56), T.int64(56), T.int64(32), T.int64(9)))
            for ax0, ax1, ax2 in T.grid(T.int64(1), T.int64(2), T.int64(56)):
                for ax0_1, ax1_1, ax2_1, ax3, ax4 in T.grid(T.int64(1), T.int64(1), T.int64(3), T.int64(113), T.int64(32)):
                    with T.block("pad_temp"):
                        v_ax0 = T.axis.spatial(T.int64(1), ax0_1)
                        v_ax1 = T.axis.spatial(T.int64(2), ax1 + ax1_1)
                        v_ax2 = T.axis.spatial(T.int64(114), ax2 * T.int64(2) + ax2_1)
                        v_ax3 = T.axis.spatial(T.int64(114), ax3)
                        v_ax4 = T.axis.spatial(T.int64(32), ax4)
                        T.reads(p0[v_ax0, v_ax1, v_ax2 - T.int64(1), v_ax3 - T.int64(1), v_ax4])
                        T.writes(pad_temp[v_ax0, v_ax1, v_ax2, v_ax3, v_ax4])
                        pad_temp[v_ax0, v_ax1, v_ax2, v_ax3, v_ax4] = T.if_then_else(T.int64(1) <= v_ax2 and v_ax2 < T.int64(113) and T.int64(1) <= v_ax3 and v_ax3 < T.int64(113), p0[v_ax0, v_ax1, v_ax2 - T.int64(1), v_ax3 - T.int64(1), v_ax4], T.float32(-3.4028234663852886e+38))
                for ax3, ax4, rv0_rv1_fused_0, rv0_rv1_fused_1 in T.grid(T.int64(56), T.int64(32), T.int64(1), T.int64(9)):
                    with T.block("pool_max_rf"):
                        vrv0_rv1_fused_1, v_ax0, v_ax1, v_ax2, v_ax3, v_ax4, vrv0_rv1_fused_0 = T.axis.remap("SSSSSSR", [rv0_rv1_fused_1, ax0, ax1, ax2, ax3, ax4, rv0_rv1_fused_0])
                        T.reads(pad_temp[v_ax0, v_ax1, v_ax2 * T.int64(2) + (vrv0_rv1_fused_0 * T.int64(9) + vrv0_rv1_fused_1) // T.int64(3), v_ax3 * T.int64(2) + (vrv0_rv1_fused_0 * T.int64(9) + vrv0_rv1_fused_1) % T.int64(3), v_ax4])
                        T.writes(pool_max_rf[v_ax0, v_ax1, v_ax2, v_ax3, v_ax4, vrv0_rv1_fused_1])
                        with T.init():
                            pool_max_rf[v_ax0, v_ax1, v_ax2, v_ax3, v_ax4, vrv0_rv1_fused_1] = T.float32(-3.4028234663852886e+38)
                        pool_max_rf[v_ax0, v_ax1, v_ax2, v_ax3, v_ax4, vrv0_rv1_fused_1] = T.max(pool_max_rf[v_ax0, v_ax1, v_ax2, v_ax3, v_ax4, vrv0_rv1_fused_1], pad_temp[v_ax0, v_ax1, v_ax2 * T.int64(2) + (vrv0_rv1_fused_0 * T.int64(9) + vrv0_rv1_fused_1) // T.int64(3), v_ax3 * T.int64(2) + (vrv0_rv1_fused_0 * T.int64(9) + vrv0_rv1_fused_1) % T.int64(3), v_ax4])
            for ax0, ax1, ax2, ax3, ax4, rv0_rv1_fused_1 in T.grid(T.int64(1), T.int64(2), T.int64(56), T.int64(56), T.int64(32), T.int64(9)):
                with T.block("pool_max"):
                    vrv0_rv1_fused_1, v_ax0, v_ax1, v_ax2, v_ax3, v_ax4 = T.axis.remap("RSSSSS", [rv0_rv1_fused_1, ax0, ax1, ax2, ax3, ax4])
                    T.reads(pool_max_rf[v_ax0, v_ax1, v_ax2, v_ax3, v_ax4, vrv0_rv1_fused_1])
                    T.writes(pool_max[v_ax0, v_ax1, v_ax2, v_ax3, v_ax4])
                    T.block_attr({"meta_schedule.random_compute_producer": 1})
                    with T.init():
                        pool_max[v_ax0, v_ax1, v_ax2, v_ax3, v_ax4] = T.float32(-3.4028234663852886e+38)
                    pool_max[v_ax0, v_ax1, v_ax2, v_ax3, v_ax4] = T.max(pool_max[v_ax0, v_ax1, v_ax2, v_ax3, v_ax4], pool_max_rf[v_ax0, v_ax1, v_ax2, v_ax3, v_ax4, vrv0_rv1_fused_1])
b0 = sch.get_block(name="pad_temp", func_name="main")
b1 = sch.get_block(name="pool_max", func_name="main")
b2 = sch.get_block(name="root", func_name="main")
sch.unannotate(block_or_loop=b1, ann_key="schedule_rule")
l3, l4, l5, l6, l7, l8, l9 = sch.get_loops(block=b1)
l10 = sch.fuse(l8, l9, preserve_unit_iters=True)
v11, v12 = sch.sample_perfect_tile(loop=l10, n=2, max_innermost_factor=64, decision=[1, 9])
l13, l14 = sch.split(loop=l10, factors=[v11, v12], preserve_unit_iters=True)
b15 = sch.rfactor(loop=l14, factor_axis=5)
sch.annotate(block_or_loop=b1, ann_key="meta_schedule.random_compute_producer", ann_val=1)
sch.annotate(block_or_loop=b2, ann_key="meta_schedule.parallel", ann_val=256)
sch.annotate(block_or_loop=b2, ann_key="meta_schedule.vectorize", ann_val=64)
v16 = sch.sample_categorical(candidates=[0, 16, 64, 512], probs=[0.25, 0.25, 0.25, 0.25], decision=3)
sch.annotate(block_or_loop=b2, ann_key="meta_schedule.unroll_explicit", ann_val=v16)
l17 = sch.sample_compute_location(block=b0, decision=2)
sch.compute_at(block=b0, loop=l17, preserve_unit_loops=True, index=-1)
2023-12-19 14:10:20 [INFO] [task_scheduler.cc:170] Design space #2:
# from tvm.script import ir as I
# from tvm.script import tir as T

@I.ir_module
class Module:
    @T.prim_func
    def main(p0: T.Buffer((T.int64(1), T.int64(2), T.int64(112), T.int64(112), T.int64(32)), "float32"), pool_max: T.Buffer((T.int64(1), T.int64(2), T.int64(56), T.int64(56), T.int64(32)), "float32")):
        T.func_attr({"tir.noalias": T.bool(True)})
        with T.block("root"):
            T.reads()
            T.writes()
            T.block_attr({"meta_schedule.parallel": 256, "meta_schedule.unroll_explicit": 16, "meta_schedule.vectorize": 64})
            pad_temp = T.alloc_buffer((T.int64(1), T.int64(2), T.int64(114), T.int64(114), T.int64(32)))
            for ax0, ax1, ax2, ax3, ax4 in T.grid(T.int64(1), T.int64(2), T.int64(114), T.int64(114), T.int64(32)):
                with T.block("pad_temp"):
                    v_ax0, v_ax1, v_ax2, v_ax3, v_ax4 = T.axis.remap("SSSSS", [ax0, ax1, ax2, ax3, ax4])
                    T.reads(p0[v_ax0, v_ax1, v_ax2 - T.int64(1), v_ax3 - T.int64(1), v_ax4])
                    T.writes(pad_temp[v_ax0, v_ax1, v_ax2, v_ax3, v_ax4])
                    pad_temp[v_ax0, v_ax1, v_ax2, v_ax3, v_ax4] = T.if_then_else(T.int64(1) <= v_ax2 and v_ax2 < T.int64(113) and T.int64(1) <= v_ax3 and v_ax3 < T.int64(113), p0[v_ax0, v_ax1, v_ax2 - T.int64(1), v_ax3 - T.int64(1), v_ax4], T.float32(-3.4028234663852886e+38))
            for ax0, ax1, ax2, ax3, ax4, rv0, rv1 in T.grid(T.int64(1), T.int64(2), T.int64(56), T.int64(56), T.int64(32), T.int64(3), T.int64(3)):
                with T.block("pool_max"):
                    v_ax0, v_ax1, v_ax2, v_ax3, v_ax4, v_rv0, v_rv1 = T.axis.remap("SSSSSRR", [ax0, ax1, ax2, ax3, ax4, rv0, rv1])
                    T.reads(pad_temp[v_ax0, v_ax1, v_ax2 * T.int64(2) + v_rv0, v_ax3 * T.int64(2) + v_rv1, v_ax4])
                    T.writes(pool_max[v_ax0, v_ax1, v_ax2, v_ax3, v_ax4])
                    with T.init():
                        pool_max[v_ax0, v_ax1, v_ax2, v_ax3, v_ax4] = T.float32(-3.4028234663852886e+38)
                    pool_max[v_ax0, v_ax1, v_ax2, v_ax3, v_ax4] = T.max(pool_max[v_ax0, v_ax1, v_ax2, v_ax3, v_ax4], pad_temp[v_ax0, v_ax1, v_ax2 * T.int64(2) + v_rv0, v_ax3 * T.int64(2) + v_rv1, v_ax4])
b0 = sch.get_block(name="pad_temp", func_name="main")
b1 = sch.get_block(name="pool_max", func_name="main")
b2 = sch.get_block(name="root", func_name="main")
sch.unannotate(block_or_loop=b1, ann_key="schedule_rule")
sch.annotate(block_or_loop=b2, ann_key="meta_schedule.parallel", ann_val=256)
sch.annotate(block_or_loop=b2, ann_key="meta_schedule.vectorize", ann_val=64)
v3 = sch.sample_categorical(candidates=[0, 16, 64, 512], probs=[0.25, 0.25, 0.25, 0.25], decision=1)
sch.annotate(block_or_loop=b2, ann_key="meta_schedule.unroll_explicit", ann_val=v3)
l4 = sch.sample_compute_location(block=b0, decision=-1)
sch.compute_at(block=b0, loop=l4, preserve_unit_loops=True, index=-1)
